<?xml version="1.0" encoding="UTF-8"?>
<testsuites>
  <testsuite name="gsva_feature" timestamp="2019-07-01T14:02:17" time="13.26" tests="0" failures="0" errors="0" skipped="0">
    <properties>
      <property name="specId" value="b9315c56009eb6193396615ee3d3d014"/>
      <property name="suiteName" value="gsva feature"/>
      <property name="capabilities" value=""/>
      <property name="file" value="./local/specs/gsva.screenshot.spec.js"/>
    </properties>
  </testsuite>
  <testsuite name="oncoprint_tab" timestamp="2019-07-01T14:02:17" time="6.775" tests="1" failures="0" errors="0" skipped="0">
    <properties>
      <property name="specId" value="b9315c56009eb6193396615ee3d3d014"/>
      <property name="suiteName" value="oncoprint tab"/>
      <property name="capabilities" value=""/>
      <property name="file" value="./local/specs/gsva.screenshot.spec.js"/>
    </properties>
    <testcase classname=".oncoprint_tab" name="shows_gsva_heatmap_track" time="6.765">
      <system-out>
        <![CDATA[
COMMAND: POST http://127.0.0.1:4444/wd/hub/session/a717275743d311210ee026cc1d9031f1/url - {"url":"http://cbioportal:8080/results/oncoprint?Action=Submit&RPPA_SCORE_THRESHOLD=2.0&Z_SCORE_THRESHOLD=2.0&cancer_study_list=study_es_0&case_set_id=study_es_0_cnaseq&data_priority=0&gene_list=CDKN2A%2520MDM2%2520MDM4%2520TP53&geneset_list=GO_ACYLGLYCEROL_HOMEOSTASIS%20GO_ANATOMICAL_STRUCTURE_FORMATION_INVOLVED_IN_MORPHOGENESIS%20GO_ANTEROGRADE_AXONAL_TRANSPORT%20GO_APICAL_PROTEIN_LOCALIZATION%20GO_ATP_DEPENDENT_CHROMATIN_REMODELING%20GO_CARBOHYDRATE_CATABOLIC_PROCESS%20GO_CARDIAC_CHAMBER_DEVELOPMENT&genetic_profile_ids_PROFILE_COPY_NUMBER_ALTERATION=study_es_0_gistic&genetic_profile_ids_PROFILE_GENESET_SCORE=study_es_0_gsva_scores&genetic_profile_ids_PROFILE_MUTATION_EXTENDED=study_es_0_mutations&tab_index=tab_visualize&show_samples=false&clinicallist=PROFILED_IN_study_es_0_gsva_scores%2CPROFILED_IN_study_es_0_mutations%2CPROFILED_IN_study_es_0_gistic&localdev=true"}
RESULT: {"sessionId":"a717275743d311210ee026cc1d9031f1","status":0,"value":null}
COMMAND: GET http://127.0.0.1:4444/wd/hub/session/a717275743d311210ee026cc1d9031f1/window/current/size - {}
RESULT: {"sessionId":"a717275743d311210ee026cc1d9031f1","status":0,"value":{"height":1004,"width":1050}}
COMMAND: POST http://127.0.0.1:4444/wd/hub/session/a717275743d311210ee026cc1d9031f1/execute - {"script":"return (function getViewportSize() {\n    return {\n        screenWidth: Math.max(document.documentElement.clientWidth, window.innerWidth || 0),\n        screenHeight: Math.max(document.documentElement.clientHeight, window.innerHeight || 0)\n    };\n}).apply(null, arguments)","args":[]}
RESULT: {"sessionId":"a717275743d311210ee026cc1d9031f1","status":0,"value":{"screenHeight":888,"screenWidth":1050}}
COMMAND: POST http://127.0.0.1:4444/wd/hub/session/a717275743d311210ee026cc1d9031f1/window/current/size - {"width":1000,"height":1716}
RESULT: {"sessionId":"a717275743d311210ee026cc1d9031f1","status":0,"value":null}
COMMAND: POST http://127.0.0.1:4444/wd/hub/session/a717275743d311210ee026cc1d9031f1/execute - {"script":"return (function getViewportSize() {\n    return {\n        screenWidth: Math.max(document.documentElement.clientWidth, window.innerWidth || 0),\n        screenHeight: Math.max(document.documentElement.clientHeight, window.innerHeight || 0)\n    };\n}).apply(null, arguments)","args":[]}
RESULT: {"sessionId":"a717275743d311210ee026cc1d9031f1","status":0,"value":{"screenHeight":1600,"screenWidth":1000}}
COMMAND: POST http://127.0.0.1:4444/wd/hub/session/a717275743d311210ee026cc1d9031f1/element - {"using":"css selector","value":"body"}
RESULT: {"sessionId":"a717275743d311210ee026cc1d9031f1","status":0,"value":{"ELEMENT":"0.7925851060448794-1"}}
COMMAND: POST http://127.0.0.1:4444/wd/hub/session/a717275743d311210ee026cc1d9031f1/moveto - {"element":"0.7925851060448794-1","xoffset":0,"yoffset":0}
RESULT: {"sessionId":"a717275743d311210ee026cc1d9031f1","status":0,"value":null}
COMMAND: POST http://127.0.0.1:4444/wd/hub/session/a717275743d311210ee026cc1d9031f1/elements - {"using":"css selector","value":".oncoprintLoadingIndicator"}
RESULT: {"sessionId":"a717275743d311210ee026cc1d9031f1","status":0,"value":[{"ELEMENT":"0.7925851060448794-2"}]}
COMMAND: POST http://127.0.0.1:4444/wd/hub/session/a717275743d311210ee026cc1d9031f1/elements - {"using":"css selector","value":".oncoprintLoadingIndicator"}
RESULT: {"sessionId":"a717275743d311210ee026cc1d9031f1","status":0,"value":[{"ELEMENT":"0.7925851060448794-2"}]}
COMMAND: POST http://127.0.0.1:4444/wd/hub/session/a717275743d311210ee026cc1d9031f1/elements - {"using":"css selector","value":".oncoprintLoadingIndicator"}
RESULT: {"sessionId":"a717275743d311210ee026cc1d9031f1","status":0,"value":[{"ELEMENT":"0.7925851060448794-2"}]}
COMMAND: POST http://127.0.0.1:4444/wd/hub/session/a717275743d311210ee026cc1d9031f1/elements - {"using":"css selector","value":".oncoprintLoadingIndicator"}
RESULT: {"sessionId":"a717275743d311210ee026cc1d9031f1","status":0,"value":[]}
COMMAND: POST http://127.0.0.1:4444/wd/hub/session/a717275743d311210ee026cc1d9031f1/elements - {"using":"css selector","value":"#oncoprintDiv svg rect"}
RESULT: {"sessionId":"a717275743d311210ee026cc1d9031f1","status":0,"value":[{"ELEMENT":"0.7925851060448794-3"},{"ELEMENT":"0.7925851060448794-4"},{"ELEMENT":"0.7925851060448794-5"},{"ELEMENT":"0.7925851060448794-6"},{"ELEMENT":"0.7925851060448794-7"},{"ELEMENT":"0.7925851060448794-8"},{"ELEMENT":"0.7925851060448794-9"},{"ELEMENT":"0.7925851060448794-10"},{"ELEMENT":"0.7925851060448794-11"},{"ELEMENT":"0.7925851060448794-12"},"(2 more items)"]}
COMMAND: POST http://127.0.0.1:4444/wd/hub/session/a717275743d311210ee026cc1d9031f1/elements - {"using":"css selector","value":".oncoprintContainer"}
RESULT: {"sessionId":"a717275743d311210ee026cc1d9031f1","status":0,"value":[{"ELEMENT":"0.7925851060448794-15"}]}
COMMAND: GET http://127.0.0.1:4444/wd/hub/session/a717275743d311210ee026cc1d9031f1/element/0.7925851060448794-15/css/opacity - {}
RESULT: {"sessionId":"a717275743d311210ee026cc1d9031f1","status":0,"value":"0.063873"}
COMMAND: POST http://127.0.0.1:4444/wd/hub/session/a717275743d311210ee026cc1d9031f1/elements - {"using":"css selector","value":".oncoprintLoadingIndicator"}
RESULT: {"sessionId":"a717275743d311210ee026cc1d9031f1","status":0,"value":[]}
COMMAND: POST http://127.0.0.1:4444/wd/hub/session/a717275743d311210ee026cc1d9031f1/elements - {"using":"css selector","value":"#oncoprintDiv svg rect"}
RESULT: {"sessionId":"a717275743d311210ee026cc1d9031f1","status":0,"value":[{"ELEMENT":"0.7925851060448794-3"},{"ELEMENT":"0.7925851060448794-4"},{"ELEMENT":"0.7925851060448794-5"},{"ELEMENT":"0.7925851060448794-6"},{"ELEMENT":"0.7925851060448794-7"},{"ELEMENT":"0.7925851060448794-8"},{"ELEMENT":"0.7925851060448794-9"},{"ELEMENT":"0.7925851060448794-10"},{"ELEMENT":"0.7925851060448794-11"},{"ELEMENT":"0.7925851060448794-12"},"(2 more items)"]}
COMMAND: POST http://127.0.0.1:4444/wd/hub/session/a717275743d311210ee026cc1d9031f1/elements - {"using":"css selector","value":".oncoprintContainer"}
RESULT: {"sessionId":"a717275743d311210ee026cc1d9031f1","status":0,"value":[{"ELEMENT":"0.7925851060448794-15"}]}
COMMAND: GET http://127.0.0.1:4444/wd/hub/session/a717275743d311210ee026cc1d9031f1/element/0.7925851060448794-15/css/opacity - {}
RESULT: {"sessionId":"a717275743d311210ee026cc1d9031f1","status":0,"value":"0.91856"}
COMMAND: POST http://127.0.0.1:4444/wd/hub/session/a717275743d311210ee026cc1d9031f1/elements - {"using":"css selector","value":".oncoprintLoadingIndicator"}
RESULT: {"sessionId":"a717275743d311210ee026cc1d9031f1","status":0,"value":[]}
COMMAND: POST http://127.0.0.1:4444/wd/hub/session/a717275743d311210ee026cc1d9031f1/elements - {"using":"css selector","value":"#oncoprintDiv svg rect"}
RESULT: {"sessionId":"a717275743d311210ee026cc1d9031f1","status":0,"value":[{"ELEMENT":"0.7925851060448794-3"},{"ELEMENT":"0.7925851060448794-4"},{"ELEMENT":"0.7925851060448794-5"},{"ELEMENT":"0.7925851060448794-6"},{"ELEMENT":"0.7925851060448794-7"},{"ELEMENT":"0.7925851060448794-8"},{"ELEMENT":"0.7925851060448794-9"},{"ELEMENT":"0.7925851060448794-10"},{"ELEMENT":"0.7925851060448794-11"},{"ELEMENT":"0.7925851060448794-12"},"(2 more items)"]}
COMMAND: POST http://127.0.0.1:4444/wd/hub/session/a717275743d311210ee026cc1d9031f1/elements - {"using":"css selector","value":".oncoprintContainer"}
RESULT: {"sessionId":"a717275743d311210ee026cc1d9031f1","status":0,"value":[{"ELEMENT":"0.7925851060448794-15"}]}
COMMAND: GET http://127.0.0.1:4444/wd/hub/session/a717275743d311210ee026cc1d9031f1/element/0.7925851060448794-15/css/opacity - {}
RESULT: {"sessionId":"a717275743d311210ee026cc1d9031f1","status":0,"value":"1"}
COMMAND: GET http://127.0.0.1:4444/wd/hub/session/a717275743d311210ee026cc1d9031f1/url - {}
RESULT: {"sessionId":"a717275743d311210ee026cc1d9031f1","status":0,"value":"http://cbioportal:8080/results/oncoprint?Action=Submit&RPPA_SCORE_THRESHOLD=2.0&Z_SCORE_THRESHOLD=2.0&cancer_study_list=study_es_0&case_set_id=study_es_0_cnaseq&data_priority=0&gene_list=CDKN2A%2520MDM2%2520MDM4%2520TP53&geneset_list=GO_ACYLGLYCEROL_HOMEOSTASIS%20GO_ANATOMICAL_STRUCTURE_FORMATION_INVOLVED_IN_MORPHOGENESIS%20GO_ANTEROGRADE_AXONAL_TRANSPORT%20GO_APICAL_PROTEIN_LOCALIZATION%20GO_ATP_DEPENDENT_CHROMATIN_REMODELING%20GO_CARBOHYDRATE_CATABOLIC_PROCESS%20GO_CARDIAC_CHAMBER_DEVELOPMENT&genetic_profile_ids_PROFILE_COPY_NUMBER_ALTERATION=study_es_0_gistic&genetic_profile_ids_PROFILE_GENESET_SCORE=study_es_0_gsva_scores&genetic_profile_ids_PROFILE_MUTATION_EXTENDED=study_es_0_mutations&tab_index=tab_visualize&show_samples=false&clinicallist=PROFILED_IN_study_es_0_gsva_scores%2CPROFILED_IN_study_es_0_mutations%2CPROFILED_IN_study_es_0_gistic&localdev=true"}
COMMAND: GET http://127.0.0.1:4444/wd/hub/session/a717275743d311210ee026cc1d9031f1/window/current/size - {}
RESULT: {"sessionId":"a717275743d311210ee026cc1d9031f1","status":0,"value":{"height":1716,"width":1000}}
COMMAND: POST http://127.0.0.1:4444/wd/hub/session/a717275743d311210ee026cc1d9031f1/execute - {"script":"return (function getViewportSize() {\n    return {\n        screenWidth: Math.max(document.documentElement.clientWidth, window.innerWidth || 0),\n        screenHeight: Math.max(document.documentElement.clientHeight, window.innerHeight || 0)\n    };\n}).apply(null, arguments)","args":[]}
RESULT: {"sessionId":"a717275743d311210ee026cc1d9031f1","status":0,"value":{"screenHeight":1600,"screenWidth":1000}}
COMMAND: POST http://127.0.0.1:4444/wd/hub/session/a717275743d311210ee026cc1d9031f1/window/current/size - {"width":1600,"height":1116}
RESULT: {"sessionId":"a717275743d311210ee026cc1d9031f1","status":0,"value":null}
COMMAND: POST http://127.0.0.1:4444/wd/hub/session/a717275743d311210ee026cc1d9031f1/execute - {"script":"return (function getViewportSize() {\n    return {\n        screenWidth: Math.max(document.documentElement.clientWidth, window.innerWidth || 0),\n        screenHeight: Math.max(document.documentElement.clientHeight, window.innerHeight || 0)\n    };\n}).apply(null, arguments)","args":[]}
RESULT: {"sessionId":"a717275743d311210ee026cc1d9031f1","status":0,"value":{"screenHeight":1000,"screenWidth":1600}}
COMMAND: POST http://127.0.0.1:4444/wd/hub/session/a717275743d311210ee026cc1d9031f1/execute - {"script":"return (function scrollbars(enabled) {\n  if (enabled) {\n    document.documentElement.style.overflow = '';\n  } else {\n    document.documentElement.style.overflow = 'hidden';\n  }\n}).apply(null, arguments)","args":[false]}
RESULT: {"sessionId":"a717275743d311210ee026cc1d9031f1","status":0,"value":null}
COMMAND: POST http://127.0.0.1:4444/wd/hub/session/a717275743d311210ee026cc1d9031f1/execute - {"script":"return (function triggerResize() {\n  var evt = window.document.createEvent('UIEvents');\n  evt.initUIEvent('resize', true, false, window, 0);\n  window.dispatchEvent(evt);\n}).apply(null, arguments)","args":[]}
RESULT: {"sessionId":"a717275743d311210ee026cc1d9031f1","status":0,"value":null}
COMMAND: POST http://127.0.0.1:4444/wd/hub/session/a717275743d311210ee026cc1d9031f1/execute - {"script":"return (function scroll(x, y) {\n  window.scrollTo(x, y);\n}).apply(null, arguments)","args":[0,0]}
RESULT: {"sessionId":"a717275743d311210ee026cc1d9031f1","status":0,"value":null}
COMMAND: POST http://127.0.0.1:4444/wd/hub/session/a717275743d311210ee026cc1d9031f1/execute - {"script":"return !!document.evaluate;","args":[]}
RESULT: {"sessionId":"a717275743d311210ee026cc1d9031f1","status":0,"value":true}
COMMAND: POST http://127.0.0.1:4444/wd/hub/session/a717275743d311210ee026cc1d9031f1/execute - {"script":"return (function executeClientSide(fn, sArr, args) {  var cb = arguments[arguments.length - 1];  var i = 0;  var sArgs = [];  var use, value, xp, cs, tn, res, j, arg;   if (typeof document.querySelect ... (1975 more bytes)","args":[]}
RESULT: {"sessionId":"a717275743d311210ee026cc1d9031f1","status":0,"value":[{"bottom":1145,"left":0,"right":1520,"top":445}]}
COMMAND: POST http://127.0.0.1:4444/wd/hub/session/a717275743d311210ee026cc1d9031f1/execute - {"script":"return (function getScreenDimension() {\n\n  var body = document.body;\n  var html = document.documentElement;\n\n  return {\n    window: {\n      innerWidth: window.innerWidth,\n      innerHeight: window.innerHeight,\n      pixelRatio: typeof window.devicePixelRatio === 'undefined' ? 1 : window.devicePixelRatio,\n      orientation: typeof window.orientation === 'undefined' ? 0 : Math.abs(window.orientation),\n      screenWidth: window.screen.width,\n      screenHeight: window.screen.height\n    },\n    body: {\n      scrollHeight: body.scrollHeight,\n      offsetHeight: body.offsetHeight\n    },\n    html: {\n      clientWidth: html.clientWidth,\n      scrollWidth: html.scrollWidth,\n      clientHeight: html.clientHeight,\n      scrollHeight: html.scrollHeight,\n      offsetHeight: html.offsetHeight\n    }\n  };\n}).apply(null, arguments)","args":[]}
RESULT: {"sessionId":"a717275743d311210ee026cc1d9031f1","status":0,"value":{"body":{"offsetHeight":1145,"scrollHeight":1145},"html":{"clientHeight":1000,"clientWidth":1600,"offsetHeight":1145,"scrollHeight":1145,"scrollWidth":1600},"window":{"innerHeight":1000,"innerWidth":1600,"orientation":0,"pixelRatio":1,"screenHeight":1024,"screenWidth":1280}}}
COMMAND: POST http://127.0.0.1:4444/wd/hub/session/a717275743d311210ee026cc1d9031f1/execute - {"script":"return (function pageHeight(height) {\n  document.body.style.height = height;\n}).apply(null, arguments)","args":["1145px"]}
RESULT: {"sessionId":"a717275743d311210ee026cc1d9031f1","status":0,"value":null}
COMMAND: POST http://127.0.0.1:4444/wd/hub/session/a717275743d311210ee026cc1d9031f1/execute - {"script":"return (function virtualScroll(x, y, remove) {\n  var w = x === 0 ? 0 : -1 * x;\n  var h = y === 0 ? 0 : -1 * y;\n\n  var translate = remove ? 'none' : 'translate(' + w + 'px,' + h + 'px)';\n  var html = document.documentElement;\n\n  html.style.webkitTransform = translate;\n  html.style.mozTransform = translate;\n  html.style.msTransform = translate;\n  html.style.oTransform = translate;\n  html.style.transform = translate;\n}).apply(null, arguments)","args":[0,445,false]}
RESULT: {"sessionId":"a717275743d311210ee026cc1d9031f1","status":0,"value":null}
COMMAND: GET http://127.0.0.1:4444/wd/hub/session/a717275743d311210ee026cc1d9031f1/screenshot - {}
RESULT: {"sessionId":"a717275743d311210ee026cc1d9031f1","status":0,"value":"[base64] 88832 bytes"}
COMMAND: POST http://127.0.0.1:4444/wd/hub/session/a717275743d311210ee026cc1d9031f1/execute - {"script":"return (function pageHeight(height) {\n  document.body.style.height = height;\n}).apply(null, arguments)","args":[""]}
RESULT: {"sessionId":"a717275743d311210ee026cc1d9031f1","status":0,"value":null}
COMMAND: POST http://127.0.0.1:4444/wd/hub/session/a717275743d311210ee026cc1d9031f1/execute - {"script":"return (function virtualScroll(x, y, remove) {\n  var w = x === 0 ? 0 : -1 * x;\n  var h = y === 0 ? 0 : -1 * y;\n\n  var translate = remove ? 'none' : 'translate(' + w + 'px,' + h + 'px)';\n  var html = document.documentElement;\n\n  html.style.webkitTransform = translate;\n  html.style.mozTransform = translate;\n  html.style.msTransform = translate;\n  html.style.oTransform = translate;\n  html.style.transform = translate;\n}).apply(null, arguments)","args":[0,0,true]}
RESULT: {"sessionId":"a717275743d311210ee026cc1d9031f1","status":0,"value":null}
COMMAND: POST http://127.0.0.1:4444/wd/hub/session/a717275743d311210ee026cc1d9031f1/execute - {"script":"return (function scrollbars(enabled) {\n  if (enabled) {\n    document.documentElement.style.overflow = '';\n  } else {\n    document.documentElement.style.overflow = 'hidden';\n  }\n}).apply(null, arguments)","args":[true]}
RESULT: {"sessionId":"a717275743d311210ee026cc1d9031f1","status":0,"value":null}
COMMAND: POST http://127.0.0.1:4444/wd/hub/session/a717275743d311210ee026cc1d9031f1/execute - {"script":"return (function () {\n\n            Object.keys(window.ajaxRequests).forEach((key)=>{\n                window.ajaxRequests[key].end = Date.now();\n                window.ajaxRequests[key].duration = window.ajaxRequests[key].end - window.ajaxRequests[key].started;\n            });\n\n            return JSON.stringify(window.ajaxRequests);\n\n        }).apply(null, arguments)","args":[]}
RESULT: {"sessionId":"a717275743d311210ee026cc1d9031f1","status":0,"value":"{}"}
]]>
      </system-out>
    </testcase>
  </testsuite>
  <testsuite name="plots_tab" timestamp="2019-07-01T14:02:24" time="3.538" tests="1" failures="0" errors="0" skipped="0">
    <properties>
      <property name="specId" value="b9315c56009eb6193396615ee3d3d014"/>
      <property name="suiteName" value="plots tab"/>
      <property name="capabilities" value=""/>
      <property name="file" value="./local/specs/gsva.screenshot.spec.js"/>
    </properties>
    <testcase classname=".plots_tab" name="shows_gsva_profile_data_on_horizontal_and_vertical_axes" time="3.529">
      <system-out>
        <![CDATA[
COMMAND: POST http://127.0.0.1:4444/wd/hub/session/a717275743d311210ee026cc1d9031f1/url - {"url":"http://cbioportal:8080/results/plots?Action=Submit&RPPA_SCORE_THRESHOLD=2.0&Z_SCORE_THRESHOLD=2.0&cancer_study_list=study_es_0&case_set_id=study_es_0_cnaseq&clinicallist=PROFILED_IN_study_es_0_gsva_scores%2CPROFILED_IN_study_es_0_mutations%2CPROFILED_IN_study_es_0_gistic&data_priority=0&gene_list=CDKN2A%2520MDM2%2520MDM4%2520TP53&geneset_list=GO_ACYLGLYCEROL_HOMEOSTASIS%20GO_ANATOMICAL_STRUCTURE_FORMATION_INVOLVED_IN_MORPHOGENESIS%20GO_ANTEROGRADE_AXONAL_TRANSPORT%20GO_APICAL_PROTEIN_LOCALIZATION%20GO_ATP_DEPENDENT_CHROMATIN_REMODELING%20GO_CARBOHYDRATE_CATABOLIC_PROCESS%20GO_CARDIAC_CHAMBER_DEVELOPMENT&genetic_profile_ids_PROFILE_COPY_NUMBER_ALTERATION=study_es_0_gistic&genetic_profile_ids_PROFILE_GENESET_SCORE=study_es_0_gsva_scores&genetic_profile_ids_PROFILE_MUTATION_EXTENDED=study_es_0_mutations&show_samples=false&tab_index=tab_visualize&localdev=true"}
RESULT: {"sessionId":"a717275743d311210ee026cc1d9031f1","status":0,"value":null}
COMMAND: GET http://127.0.0.1:4444/wd/hub/session/a717275743d311210ee026cc1d9031f1/window/current/size - {}
RESULT: {"sessionId":"a717275743d311210ee026cc1d9031f1","status":0,"value":{"height":1116,"width":1600}}
COMMAND: POST http://127.0.0.1:4444/wd/hub/session/a717275743d311210ee026cc1d9031f1/execute - {"script":"return (function getViewportSize() {\n    return {\n        screenWidth: Math.max(document.documentElement.clientWidth, window.innerWidth || 0),\n        screenHeight: Math.max(document.documentElement.clientHeight, window.innerHeight || 0)\n    };\n}).apply(null, arguments)","args":[]}
RESULT: {"sessionId":"a717275743d311210ee026cc1d9031f1","status":0,"value":{"screenHeight":1000,"screenWidth":1600}}
COMMAND: POST http://127.0.0.1:4444/wd/hub/session/a717275743d311210ee026cc1d9031f1/window/current/size - {"width":1000,"height":1716}
RESULT: {"sessionId":"a717275743d311210ee026cc1d9031f1","status":0,"value":null}
COMMAND: POST http://127.0.0.1:4444/wd/hub/session/a717275743d311210ee026cc1d9031f1/execute - {"script":"return (function getViewportSize() {\n    return {\n        screenWidth: Math.max(document.documentElement.clientWidth, window.innerWidth || 0),\n        screenHeight: Math.max(document.documentElement.clientHeight, window.innerHeight || 0)\n    };\n}).apply(null, arguments)","args":[]}
RESULT: {"sessionId":"a717275743d311210ee026cc1d9031f1","status":0,"value":{"screenHeight":1600,"screenWidth":1000}}
COMMAND: POST http://127.0.0.1:4444/wd/hub/session/a717275743d311210ee026cc1d9031f1/element - {"using":"css selector","value":"body"}
RESULT: {"sessionId":"a717275743d311210ee026cc1d9031f1","status":0,"value":{"ELEMENT":"0.2032185089018117-1"}}
COMMAND: POST http://127.0.0.1:4444/wd/hub/session/a717275743d311210ee026cc1d9031f1/moveto - {"element":"0.2032185089018117-1","xoffset":0,"yoffset":0}
RESULT: {"sessionId":"a717275743d311210ee026cc1d9031f1","status":0,"value":null}
COMMAND: POST http://127.0.0.1:4444/wd/hub/session/a717275743d311210ee026cc1d9031f1/element - {"using":"css selector","value":"div.axisBlock"}
RESULT: {"message":"no such element: Unable to locate element: {\"method\":\"css selector\",\"selector\":\"div.axisBlock\"}","type":"RuntimeError","seleniumStack":{"status":7,"type":"NoSuchElement","message":"An element could not be located on the page using the given search parameters.","orgStatusMessage":"no such element: Unable to locate element: {\"method\":\"css selector\",\"selector\":\"div.axisBlock\"}\n  (Session info: chrome=70.0.3538.110)\n  (Driver info: chromedriver=2.42.591071 (0b695ff80972cc1a65a5cd643186d2ae582cd4ac),platform=Linux 4.15.0-52-generic x86_64)"}}
COMMAND: POST http://127.0.0.1:4444/wd/hub/session/a717275743d311210ee026cc1d9031f1/elements - {"using":"css selector","value":"div.axisBlock"}
RESULT: {"sessionId":"a717275743d311210ee026cc1d9031f1","status":0,"value":[]}
COMMAND: POST http://127.0.0.1:4444/wd/hub/session/a717275743d311210ee026cc1d9031f1/elements - {"using":"css selector","value":"div.axisBlock"}
RESULT: {"sessionId":"a717275743d311210ee026cc1d9031f1","status":0,"value":[{"ELEMENT":"0.2032185089018117-2"},{"ELEMENT":"0.2032185089018117-3"}]}
COMMAND: GET http://127.0.0.1:4444/wd/hub/session/a717275743d311210ee026cc1d9031f1/element/0.2032185089018117-2/displayed - {}
COMMAND: GET http://127.0.0.1:4444/wd/hub/session/a717275743d311210ee026cc1d9031f1/element/0.2032185089018117-3/displayed - {}
RESULT: {"sessionId":"a717275743d311210ee026cc1d9031f1","status":0,"value":true}
RESULT: {"sessionId":"a717275743d311210ee026cc1d9031f1","status":0,"value":true}
COMMAND: POST http://127.0.0.1:4444/wd/hub/session/a717275743d311210ee026cc1d9031f1/element - {"using":"css selector","value":"[name=h-profile-type-selector]"}
RESULT: {"sessionId":"a717275743d311210ee026cc1d9031f1","status":0,"value":{"ELEMENT":"0.2032185089018117-4"}}
COMMAND: POST http://127.0.0.1:4444/wd/hub/session/a717275743d311210ee026cc1d9031f1/element/0.2032185089018117-4/element - {"using":"xpath","value":".."}
RESULT: {"sessionId":"a717275743d311210ee026cc1d9031f1","status":0,"value":{"ELEMENT":"0.2032185089018117-5"}}
COMMAND: POST http://127.0.0.1:4444/wd/hub/session/a717275743d311210ee026cc1d9031f1/element/0.2032185089018117-5/element - {"using":"css selector","value":".Select-value-label"}
RESULT: {"sessionId":"a717275743d311210ee026cc1d9031f1","status":0,"value":{"ELEMENT":"0.2032185089018117-6"}}
COMMAND: POST http://127.0.0.1:4444/wd/hub/session/a717275743d311210ee026cc1d9031f1/element/0.2032185089018117-6/click - {}
RESULT: {"sessionId":"a717275743d311210ee026cc1d9031f1","status":0,"value":null}
COMMAND: POST http://127.0.0.1:4444/wd/hub/session/a717275743d311210ee026cc1d9031f1/element/0.2032185089018117-5/element - {"using":"xpath","value":".//*[contains(@class, \"Select-option\") and normalize-space() = \"Gene Sets\"]"}
RESULT: {"sessionId":"a717275743d311210ee026cc1d9031f1","status":0,"value":{"ELEMENT":"0.2032185089018117-7"}}
COMMAND: POST http://127.0.0.1:4444/wd/hub/session/a717275743d311210ee026cc1d9031f1/element/0.2032185089018117-7/click - {}
RESULT: {"sessionId":"a717275743d311210ee026cc1d9031f1","status":0,"value":null}
COMMAND: POST http://127.0.0.1:4444/wd/hub/session/a717275743d311210ee026cc1d9031f1/element - {"using":"css selector","value":"[name=v-profile-type-selector]"}
RESULT: {"sessionId":"a717275743d311210ee026cc1d9031f1","status":0,"value":{"ELEMENT":"0.2032185089018117-8"}}
COMMAND: POST http://127.0.0.1:4444/wd/hub/session/a717275743d311210ee026cc1d9031f1/element/0.2032185089018117-8/element - {"using":"xpath","value":".."}
RESULT: {"sessionId":"a717275743d311210ee026cc1d9031f1","status":0,"value":{"ELEMENT":"0.2032185089018117-9"}}
COMMAND: POST http://127.0.0.1:4444/wd/hub/session/a717275743d311210ee026cc1d9031f1/element/0.2032185089018117-9/element - {"using":"css selector","value":".Select-value-label"}
RESULT: {"sessionId":"a717275743d311210ee026cc1d9031f1","status":0,"value":{"ELEMENT":"0.2032185089018117-10"}}
COMMAND: POST http://127.0.0.1:4444/wd/hub/session/a717275743d311210ee026cc1d9031f1/element/0.2032185089018117-10/click - {}
RESULT: {"sessionId":"a717275743d311210ee026cc1d9031f1","status":0,"value":null}
COMMAND: POST http://127.0.0.1:4444/wd/hub/session/a717275743d311210ee026cc1d9031f1/element/0.2032185089018117-9/element - {"using":"xpath","value":".//*[contains(@class, \"Select-option\") and normalize-space() = \"Gene Sets\"]"}
RESULT: {"sessionId":"a717275743d311210ee026cc1d9031f1","status":0,"value":{"ELEMENT":"0.2032185089018117-11"}}
COMMAND: POST http://127.0.0.1:4444/wd/hub/session/a717275743d311210ee026cc1d9031f1/element/0.2032185089018117-11/click - {}
RESULT: {"sessionId":"a717275743d311210ee026cc1d9031f1","status":0,"value":null}
COMMAND: GET http://127.0.0.1:4444/wd/hub/session/a717275743d311210ee026cc1d9031f1/url - {}
RESULT: {"sessionId":"a717275743d311210ee026cc1d9031f1","status":0,"value":"http://cbioportal:8080/results/plots?Action=Submit&RPPA_SCORE_THRESHOLD=2.0&Z_SCORE_THRESHOLD=2.0&cancer_study_list=study_es_0&case_set_id=study_es_0_cnaseq&clinicallist=PROFILED_IN_study_es_0_gsva_scores%2CPROFILED_IN_study_es_0_mutations%2CPROFILED_IN_study_es_0_gistic&data_priority=0&gene_list=CDKN2A%2520MDM2%2520MDM4%2520TP53&geneset_list=GO_ACYLGLYCEROL_HOMEOSTASIS%20GO_ANATOMICAL_STRUCTURE_FORMATION_INVOLVED_IN_MORPHOGENESIS%20GO_ANTEROGRADE_AXONAL_TRANSPORT%20GO_APICAL_PROTEIN_LOCALIZATION%20GO_ATP_DEPENDENT_CHROMATIN_REMODELING%20GO_CARBOHYDRATE_CATABOLIC_PROCESS%20GO_CARDIAC_CHAMBER_DEVELOPMENT&genetic_profile_ids_PROFILE_COPY_NUMBER_ALTERATION=study_es_0_gistic&genetic_profile_ids_PROFILE_GENESET_SCORE=study_es_0_gsva_scores&genetic_profile_ids_PROFILE_MUTATION_EXTENDED=study_es_0_mutations&show_samples=false&tab_index=tab_visualize&localdev=true"}
COMMAND: GET http://127.0.0.1:4444/wd/hub/session/a717275743d311210ee026cc1d9031f1/window/current/size - {}
RESULT: {"sessionId":"a717275743d311210ee026cc1d9031f1","status":0,"value":{"height":1716,"width":1000}}
COMMAND: POST http://127.0.0.1:4444/wd/hub/session/a717275743d311210ee026cc1d9031f1/execute - {"script":"return (function getViewportSize() {\n    return {\n        screenWidth: Math.max(document.documentElement.clientWidth, window.innerWidth || 0),\n        screenHeight: Math.max(document.documentElement.clientHeight, window.innerHeight || 0)\n    };\n}).apply(null, arguments)","args":[]}
RESULT: {"sessionId":"a717275743d311210ee026cc1d9031f1","status":0,"value":{"screenHeight":1600,"screenWidth":1000}}
COMMAND: POST http://127.0.0.1:4444/wd/hub/session/a717275743d311210ee026cc1d9031f1/window/current/size - {"width":1600,"height":1116}
RESULT: {"sessionId":"a717275743d311210ee026cc1d9031f1","status":0,"value":null}
COMMAND: POST http://127.0.0.1:4444/wd/hub/session/a717275743d311210ee026cc1d9031f1/execute - {"script":"return (function getViewportSize() {\n    return {\n        screenWidth: Math.max(document.documentElement.clientWidth, window.innerWidth || 0),\n        screenHeight: Math.max(document.documentElement.clientHeight, window.innerHeight || 0)\n    };\n}).apply(null, arguments)","args":[]}
RESULT: {"sessionId":"a717275743d311210ee026cc1d9031f1","status":0,"value":{"screenHeight":1000,"screenWidth":1600}}
COMMAND: POST http://127.0.0.1:4444/wd/hub/session/a717275743d311210ee026cc1d9031f1/execute - {"script":"return (function scrollbars(enabled) {\n  if (enabled) {\n    document.documentElement.style.overflow = '';\n  } else {\n    document.documentElement.style.overflow = 'hidden';\n  }\n}).apply(null, arguments)","args":[false]}
RESULT: {"sessionId":"a717275743d311210ee026cc1d9031f1","status":0,"value":null}
COMMAND: POST http://127.0.0.1:4444/wd/hub/session/a717275743d311210ee026cc1d9031f1/execute - {"script":"return (function triggerResize() {\n  var evt = window.document.createEvent('UIEvents');\n  evt.initUIEvent('resize', true, false, window, 0);\n  window.dispatchEvent(evt);\n}).apply(null, arguments)","args":[]}
RESULT: {"sessionId":"a717275743d311210ee026cc1d9031f1","status":0,"value":null}
COMMAND: POST http://127.0.0.1:4444/wd/hub/session/a717275743d311210ee026cc1d9031f1/execute - {"script":"return (function scroll(x, y) {\n  window.scrollTo(x, y);\n}).apply(null, arguments)","args":[0,0]}
RESULT: {"sessionId":"a717275743d311210ee026cc1d9031f1","status":0,"value":null}
COMMAND: POST http://127.0.0.1:4444/wd/hub/session/a717275743d311210ee026cc1d9031f1/execute - {"script":"return !!document.evaluate;","args":[]}
RESULT: {"sessionId":"a717275743d311210ee026cc1d9031f1","status":0,"value":true}
COMMAND: POST http://127.0.0.1:4444/wd/hub/session/a717275743d311210ee026cc1d9031f1/execute - {"script":"return (function executeClientSide(fn, sArr, args) {  var cb = arguments[arguments.length - 1];  var i = 0;  var sArgs = [];  var use, value, xp, cs, tn, res, j, arg;   if (typeof document.querySelect ... (1989 more bytes)","args":[]}
RESULT: {"sessionId":"a717275743d311210ee026cc1d9031f1","status":0,"value":[{"bottom":1056,"left":319,"right":1114,"top":396}]}
COMMAND: POST http://127.0.0.1:4444/wd/hub/session/a717275743d311210ee026cc1d9031f1/execute - {"script":"return (function getScreenDimension() {\n\n  var body = document.body;\n  var html = document.documentElement;\n\n  return {\n    window: {\n      innerWidth: window.innerWidth,\n      innerHeight: window.innerHeight,\n      pixelRatio: typeof window.devicePixelRatio === 'undefined' ? 1 : window.devicePixelRatio,\n      orientation: typeof window.orientation === 'undefined' ? 0 : Math.abs(window.orientation),\n      screenWidth: window.screen.width,\n      screenHeight: window.screen.height\n    },\n    body: {\n      scrollHeight: body.scrollHeight,\n      offsetHeight: body.offsetHeight\n    },\n    html: {\n      clientWidth: html.clientWidth,\n      scrollWidth: html.scrollWidth,\n      clientHeight: html.clientHeight,\n      scrollHeight: html.scrollHeight,\n      offsetHeight: html.offsetHeight\n    }\n  };\n}).apply(null, arguments)","args":[]}
RESULT: {"sessionId":"a717275743d311210ee026cc1d9031f1","status":0,"value":{"body":{"offsetHeight":1081,"scrollHeight":1081},"html":{"clientHeight":1000,"clientWidth":1600,"offsetHeight":1081,"scrollHeight":1081,"scrollWidth":1600},"window":{"innerHeight":1000,"innerWidth":1600,"orientation":0,"pixelRatio":1,"screenHeight":1024,"screenWidth":1280}}}
COMMAND: POST http://127.0.0.1:4444/wd/hub/session/a717275743d311210ee026cc1d9031f1/execute - {"script":"return (function pageHeight(height) {\n  document.body.style.height = height;\n}).apply(null, arguments)","args":["1081px"]}
RESULT: {"sessionId":"a717275743d311210ee026cc1d9031f1","status":0,"value":null}
COMMAND: POST http://127.0.0.1:4444/wd/hub/session/a717275743d311210ee026cc1d9031f1/execute - {"script":"return (function virtualScroll(x, y, remove) {\n  var w = x === 0 ? 0 : -1 * x;\n  var h = y === 0 ? 0 : -1 * y;\n\n  var translate = remove ? 'none' : 'translate(' + w + 'px,' + h + 'px)';\n  var html = document.documentElement;\n\n  html.style.webkitTransform = translate;\n  html.style.mozTransform = translate;\n  html.style.msTransform = translate;\n  html.style.oTransform = translate;\n  html.style.transform = translate;\n}).apply(null, arguments)","args":[319,396,false]}
RESULT: {"sessionId":"a717275743d311210ee026cc1d9031f1","status":0,"value":null}
COMMAND: GET http://127.0.0.1:4444/wd/hub/session/a717275743d311210ee026cc1d9031f1/screenshot - {}
RESULT: {"sessionId":"a717275743d311210ee026cc1d9031f1","status":0,"value":"[base64] 80812 bytes"}
COMMAND: POST http://127.0.0.1:4444/wd/hub/session/a717275743d311210ee026cc1d9031f1/execute - {"script":"return (function pageHeight(height) {\n  document.body.style.height = height;\n}).apply(null, arguments)","args":[""]}
RESULT: {"sessionId":"a717275743d311210ee026cc1d9031f1","status":0,"value":null}
COMMAND: POST http://127.0.0.1:4444/wd/hub/session/a717275743d311210ee026cc1d9031f1/execute - {"script":"return (function virtualScroll(x, y, remove) {\n  var w = x === 0 ? 0 : -1 * x;\n  var h = y === 0 ? 0 : -1 * y;\n\n  var translate = remove ? 'none' : 'translate(' + w + 'px,' + h + 'px)';\n  var html = document.documentElement;\n\n  html.style.webkitTransform = translate;\n  html.style.mozTransform = translate;\n  html.style.msTransform = translate;\n  html.style.oTransform = translate;\n  html.style.transform = translate;\n}).apply(null, arguments)","args":[0,0,true]}
RESULT: {"sessionId":"a717275743d311210ee026cc1d9031f1","status":0,"value":null}
COMMAND: POST http://127.0.0.1:4444/wd/hub/session/a717275743d311210ee026cc1d9031f1/execute - {"script":"return (function scrollbars(enabled) {\n  if (enabled) {\n    document.documentElement.style.overflow = '';\n  } else {\n    document.documentElement.style.overflow = 'hidden';\n  }\n}).apply(null, arguments)","args":[true]}
RESULT: {"sessionId":"a717275743d311210ee026cc1d9031f1","status":0,"value":null}
COMMAND: POST http://127.0.0.1:4444/wd/hub/session/a717275743d311210ee026cc1d9031f1/execute - {"script":"return (function () {\n\n            Object.keys(window.ajaxRequests).forEach((key)=>{\n                window.ajaxRequests[key].end = Date.now();\n                window.ajaxRequests[key].duration = window.ajaxRequests[key].end - window.ajaxRequests[key].started;\n            });\n\n            return JSON.stringify(window.ajaxRequests);\n\n        }).apply(null, arguments)","args":[]}
RESULT: {"sessionId":"a717275743d311210ee026cc1d9031f1","status":0,"value":"{}"}
]]>
      </system-out>
    </testcase>
  </testsuite>
  <testsuite name="co_expression_tab" timestamp="2019-07-01T14:02:28" time="2.947" tests="1" failures="0" errors="0" skipped="0">
    <properties>
      <property name="specId" value="b9315c56009eb6193396615ee3d3d014"/>
      <property name="suiteName" value="co-expression tab"/>
      <property name="capabilities" value=""/>
      <property name="file" value="./local/specs/gsva.screenshot.spec.js"/>
    </properties>
    <testcase classname=".co_expression_tab" name="shows_gsva_scores_in_scatterplot" time="2.939">
      <system-out>
        <![CDATA[
COMMAND: POST http://127.0.0.1:4444/wd/hub/session/a717275743d311210ee026cc1d9031f1/url - {"url":"http://cbioportal:8080/results/coexpression?Action=Submit&RPPA_SCORE_THRESHOLD=2.0&Z_SCORE_THRESHOLD=2.0&cancer_study_list=study_es_0&case_set_id=study_es_0_all&clinicallist=NUM_SAMPLES_PER_PATIENT%2C ... (843 more bytes)"}
RESULT: {"sessionId":"a717275743d311210ee026cc1d9031f1","status":0,"value":null}
COMMAND: GET http://127.0.0.1:4444/wd/hub/session/a717275743d311210ee026cc1d9031f1/window/current/size - {}
RESULT: {"sessionId":"a717275743d311210ee026cc1d9031f1","status":0,"value":{"height":1116,"width":1600}}
COMMAND: POST http://127.0.0.1:4444/wd/hub/session/a717275743d311210ee026cc1d9031f1/execute - {"script":"return (function getViewportSize() {\n    return {\n        screenWidth: Math.max(document.documentElement.clientWidth, window.innerWidth || 0),\n        screenHeight: Math.max(document.documentElement.clientHeight, window.innerHeight || 0)\n    };\n}).apply(null, arguments)","args":[]}
RESULT: {"sessionId":"a717275743d311210ee026cc1d9031f1","status":0,"value":{"screenHeight":1000,"screenWidth":1600}}
COMMAND: POST http://127.0.0.1:4444/wd/hub/session/a717275743d311210ee026cc1d9031f1/window/current/size - {"width":1000,"height":1716}
RESULT: {"sessionId":"a717275743d311210ee026cc1d9031f1","status":0,"value":null}
COMMAND: POST http://127.0.0.1:4444/wd/hub/session/a717275743d311210ee026cc1d9031f1/execute - {"script":"return (function getViewportSize() {\n    return {\n        screenWidth: Math.max(document.documentElement.clientWidth, window.innerWidth || 0),\n        screenHeight: Math.max(document.documentElement.clientHeight, window.innerHeight || 0)\n    };\n}).apply(null, arguments)","args":[]}
RESULT: {"sessionId":"a717275743d311210ee026cc1d9031f1","status":0,"value":{"screenHeight":1600,"screenWidth":1000}}
COMMAND: POST http://127.0.0.1:4444/wd/hub/session/a717275743d311210ee026cc1d9031f1/element - {"using":"css selector","value":"body"}
RESULT: {"sessionId":"a717275743d311210ee026cc1d9031f1","status":0,"value":{"ELEMENT":"0.7021749687579097-1"}}
COMMAND: POST http://127.0.0.1:4444/wd/hub/session/a717275743d311210ee026cc1d9031f1/moveto - {"element":"0.7021749687579097-1","xoffset":0,"yoffset":0}
RESULT: {"sessionId":"a717275743d311210ee026cc1d9031f1","status":0,"value":null}
COMMAND: POST http://127.0.0.1:4444/wd/hub/session/a717275743d311210ee026cc1d9031f1/element - {"using":"xpath","value":"//*[@id=\"coexpressionTabGeneTabs\"]"}
RESULT: {"message":"no such element: Unable to locate element: {\"method\":\"xpath\",\"selector\":\"//*[@id=\"coexpressionTabGeneTabs\"]\"}","type":"RuntimeError","seleniumStack":{"status":7,"type":"NoSuchElement","message":"An element could not be located on the page using the given search parameters.","orgStatusMessage":"no such element: Unable to locate element: {\"method\":\"xpath\",\"selector\":\"//*[@id=\"coexpressionTabGeneTabs\"]\"}\n  (Session info: chrome=70.0.3538.110)\n  (Driver info: chromedriver=2.42.591071 (0b695ff80972cc1a65a5cd643186d2ae582cd4ac),platform=Linux 4.15.0-52-generic x86_64)"}}
COMMAND: POST http://127.0.0.1:4444/wd/hub/session/a717275743d311210ee026cc1d9031f1/elements - {"using":"xpath","value":"//*[@id=\"coexpressionTabGeneTabs\"]"}
RESULT: {"sessionId":"a717275743d311210ee026cc1d9031f1","status":0,"value":[]}
COMMAND: POST http://127.0.0.1:4444/wd/hub/session/a717275743d311210ee026cc1d9031f1/elements - {"using":"xpath","value":"//*[@id=\"coexpressionTabGeneTabs\"]"}
RESULT: {"sessionId":"a717275743d311210ee026cc1d9031f1","status":0,"value":[{"ELEMENT":"0.7021749687579097-2"}]}
COMMAND: POST http://127.0.0.1:4444/wd/hub/session/a717275743d311210ee026cc1d9031f1/element - {"using":"css selector","value":".coexpression-select-query-profile"}
RESULT: {"sessionId":"a717275743d311210ee026cc1d9031f1","status":0,"value":{"ELEMENT":"0.7021749687579097-3"}}
COMMAND: POST http://127.0.0.1:4444/wd/hub/session/a717275743d311210ee026cc1d9031f1/element/0.7021749687579097-3/element - {"using":"css selector","value":".Select-control"}
RESULT: {"sessionId":"a717275743d311210ee026cc1d9031f1","status":0,"value":{"ELEMENT":"0.7021749687579097-4"}}
COMMAND: POST http://127.0.0.1:4444/wd/hub/session/a717275743d311210ee026cc1d9031f1/element/0.7021749687579097-4/click - {}
RESULT: {"sessionId":"a717275743d311210ee026cc1d9031f1","status":0,"value":null}
COMMAND: POST http://127.0.0.1:4444/wd/hub/session/a717275743d311210ee026cc1d9031f1/element/0.7021749687579097-3/element - {"using":"xpath","value":".//*[contains(@class, \"Select-option\") and normalize-space() = \"GSVA scores on oncogenic signatures gene sets (5 samples)\"]"}
RESULT: {"sessionId":"a717275743d311210ee026cc1d9031f1","status":0,"value":{"ELEMENT":"0.7021749687579097-5"}}
COMMAND: POST http://127.0.0.1:4444/wd/hub/session/a717275743d311210ee026cc1d9031f1/element/0.7021749687579097-5/click - {}
RESULT: {"sessionId":"a717275743d311210ee026cc1d9031f1","status":0,"value":null}
COMMAND: POST http://127.0.0.1:4444/wd/hub/session/a717275743d311210ee026cc1d9031f1/element - {"using":"xpath","value":"//*[@id=\"coexpressionTabGeneTabs\"]"}
RESULT: {"sessionId":"a717275743d311210ee026cc1d9031f1","status":0,"value":{"ELEMENT":"0.7021749687579097-6"}}
COMMAND: POST http://127.0.0.1:4444/wd/hub/session/a717275743d311210ee026cc1d9031f1/elements - {"using":"xpath","value":"//*[@id=\"coexpressionTabGeneTabs\"]"}
RESULT: {"sessionId":"a717275743d311210ee026cc1d9031f1","status":0,"value":[{"ELEMENT":"0.7021749687579097-6"}]}
COMMAND: GET http://127.0.0.1:4444/wd/hub/session/a717275743d311210ee026cc1d9031f1/url - {}
RESULT: {"sessionId":"a717275743d311210ee026cc1d9031f1","status":0,"value":"http://cbioportal:8080/results/coexpression?Action=Submit&RPPA_SCORE_THRESHOLD=2.0&Z_SCORE_THRESHOLD=2.0&cancer_study_list=study_es_0&case_set_id=study_es_0_all&clinicallist=NUM_SAMPLES_PER_PATIENT%2C ... (843 more bytes)"}
COMMAND: GET http://127.0.0.1:4444/wd/hub/session/a717275743d311210ee026cc1d9031f1/window/current/size - {}
RESULT: {"sessionId":"a717275743d311210ee026cc1d9031f1","status":0,"value":{"height":1716,"width":1000}}
COMMAND: POST http://127.0.0.1:4444/wd/hub/session/a717275743d311210ee026cc1d9031f1/execute - {"script":"return (function getViewportSize() {\n    return {\n        screenWidth: Math.max(document.documentElement.clientWidth, window.innerWidth || 0),\n        screenHeight: Math.max(document.documentElement.clientHeight, window.innerHeight || 0)\n    };\n}).apply(null, arguments)","args":[]}
RESULT: {"sessionId":"a717275743d311210ee026cc1d9031f1","status":0,"value":{"screenHeight":1600,"screenWidth":1000}}
COMMAND: POST http://127.0.0.1:4444/wd/hub/session/a717275743d311210ee026cc1d9031f1/window/current/size - {"width":1600,"height":1116}
RESULT: {"sessionId":"a717275743d311210ee026cc1d9031f1","status":0,"value":null}
COMMAND: POST http://127.0.0.1:4444/wd/hub/session/a717275743d311210ee026cc1d9031f1/execute - {"script":"return (function getViewportSize() {\n    return {\n        screenWidth: Math.max(document.documentElement.clientWidth, window.innerWidth || 0),\n        screenHeight: Math.max(document.documentElement.clientHeight, window.innerHeight || 0)\n    };\n}).apply(null, arguments)","args":[]}
RESULT: {"sessionId":"a717275743d311210ee026cc1d9031f1","status":0,"value":{"screenHeight":1000,"screenWidth":1600}}
COMMAND: POST http://127.0.0.1:4444/wd/hub/session/a717275743d311210ee026cc1d9031f1/execute - {"script":"return (function scrollbars(enabled) {\n  if (enabled) {\n    document.documentElement.style.overflow = '';\n  } else {\n    document.documentElement.style.overflow = 'hidden';\n  }\n}).apply(null, arguments)","args":[false]}
RESULT: {"sessionId":"a717275743d311210ee026cc1d9031f1","status":0,"value":null}
COMMAND: POST http://127.0.0.1:4444/wd/hub/session/a717275743d311210ee026cc1d9031f1/execute - {"script":"return (function triggerResize() {\n  var evt = window.document.createEvent('UIEvents');\n  evt.initUIEvent('resize', true, false, window, 0);\n  window.dispatchEvent(evt);\n}).apply(null, arguments)","args":[]}
RESULT: {"sessionId":"a717275743d311210ee026cc1d9031f1","status":0,"value":null}
COMMAND: POST http://127.0.0.1:4444/wd/hub/session/a717275743d311210ee026cc1d9031f1/execute - {"script":"return (function scroll(x, y) {\n  window.scrollTo(x, y);\n}).apply(null, arguments)","args":[0,0]}
RESULT: {"sessionId":"a717275743d311210ee026cc1d9031f1","status":0,"value":null}
COMMAND: POST http://127.0.0.1:4444/wd/hub/session/a717275743d311210ee026cc1d9031f1/execute - {"script":"return !!document.evaluate;","args":[]}
RESULT: {"sessionId":"a717275743d311210ee026cc1d9031f1","status":0,"value":true}
COMMAND: POST http://127.0.0.1:4444/wd/hub/session/a717275743d311210ee026cc1d9031f1/execute - {"script":"return (function executeClientSide(fn, sArr, args) {  var cb = arguments[arguments.length - 1];  var i = 0;  var sArgs = [];  var use, value, xp, cs, tn, res, j, arg;   if (typeof document.querySelect ... (1982 more bytes)","args":[]}
RESULT: {"sessionId":"a717275743d311210ee026cc1d9031f1","status":0,"value":[{"bottom":1128,"left":650,"right":1325,"top":598}]}
COMMAND: POST http://127.0.0.1:4444/wd/hub/session/a717275743d311210ee026cc1d9031f1/execute - {"script":"return (function getScreenDimension() {\n\n  var body = document.body;\n  var html = document.documentElement;\n\n  return {\n    window: {\n      innerWidth: window.innerWidth,\n      innerHeight: window.innerHeight,\n      pixelRatio: typeof window.devicePixelRatio === 'undefined' ? 1 : window.devicePixelRatio,\n      orientation: typeof window.orientation === 'undefined' ? 0 : Math.abs(window.orientation),\n      screenWidth: window.screen.width,\n      screenHeight: window.screen.height\n    },\n    body: {\n      scrollHeight: body.scrollHeight,\n      offsetHeight: body.offsetHeight\n    },\n    html: {\n      clientWidth: html.clientWidth,\n      scrollWidth: html.scrollWidth,\n      clientHeight: html.clientHeight,\n      scrollHeight: html.scrollHeight,\n      offsetHeight: html.offsetHeight\n    }\n  };\n}).apply(null, arguments)","args":[]}
RESULT: {"sessionId":"a717275743d311210ee026cc1d9031f1","status":0,"value":{"body":{"offsetHeight":1362,"scrollHeight":1362},"html":{"clientHeight":1000,"clientWidth":1600,"offsetHeight":1362,"scrollHeight":1362,"scrollWidth":1600},"window":{"innerHeight":1000,"innerWidth":1600,"orientation":0,"pixelRatio":1,"screenHeight":1024,"screenWidth":1280}}}
COMMAND: POST http://127.0.0.1:4444/wd/hub/session/a717275743d311210ee026cc1d9031f1/execute - {"script":"return (function pageHeight(height) {\n  document.body.style.height = height;\n}).apply(null, arguments)","args":["1362px"]}
RESULT: {"sessionId":"a717275743d311210ee026cc1d9031f1","status":0,"value":null}
COMMAND: POST http://127.0.0.1:4444/wd/hub/session/a717275743d311210ee026cc1d9031f1/execute - {"script":"return (function virtualScroll(x, y, remove) {\n  var w = x === 0 ? 0 : -1 * x;\n  var h = y === 0 ? 0 : -1 * y;\n\n  var translate = remove ? 'none' : 'translate(' + w + 'px,' + h + 'px)';\n  var html = document.documentElement;\n\n  html.style.webkitTransform = translate;\n  html.style.mozTransform = translate;\n  html.style.msTransform = translate;\n  html.style.oTransform = translate;\n  html.style.transform = translate;\n}).apply(null, arguments)","args":[650,598,false]}
RESULT: {"sessionId":"a717275743d311210ee026cc1d9031f1","status":0,"value":null}
COMMAND: GET http://127.0.0.1:4444/wd/hub/session/a717275743d311210ee026cc1d9031f1/screenshot - {}
RESULT: {"sessionId":"a717275743d311210ee026cc1d9031f1","status":0,"value":"[base64] 63928 bytes"}
COMMAND: POST http://127.0.0.1:4444/wd/hub/session/a717275743d311210ee026cc1d9031f1/execute - {"script":"return (function pageHeight(height) {\n  document.body.style.height = height;\n}).apply(null, arguments)","args":[""]}
RESULT: {"sessionId":"a717275743d311210ee026cc1d9031f1","status":0,"value":null}
COMMAND: POST http://127.0.0.1:4444/wd/hub/session/a717275743d311210ee026cc1d9031f1/execute - {"script":"return (function virtualScroll(x, y, remove) {\n  var w = x === 0 ? 0 : -1 * x;\n  var h = y === 0 ? 0 : -1 * y;\n\n  var translate = remove ? 'none' : 'translate(' + w + 'px,' + h + 'px)';\n  var html = document.documentElement;\n\n  html.style.webkitTransform = translate;\n  html.style.mozTransform = translate;\n  html.style.msTransform = translate;\n  html.style.oTransform = translate;\n  html.style.transform = translate;\n}).apply(null, arguments)","args":[0,0,true]}
RESULT: {"sessionId":"a717275743d311210ee026cc1d9031f1","status":0,"value":null}
COMMAND: POST http://127.0.0.1:4444/wd/hub/session/a717275743d311210ee026cc1d9031f1/execute - {"script":"return (function scrollbars(enabled) {\n  if (enabled) {\n    document.documentElement.style.overflow = '';\n  } else {\n    document.documentElement.style.overflow = 'hidden';\n  }\n}).apply(null, arguments)","args":[true]}
RESULT: {"sessionId":"a717275743d311210ee026cc1d9031f1","status":0,"value":null}
COMMAND: POST http://127.0.0.1:4444/wd/hub/session/a717275743d311210ee026cc1d9031f1/execute - {"script":"return (function () {\n\n            Object.keys(window.ajaxRequests).forEach((key)=>{\n                window.ajaxRequests[key].end = Date.now();\n                window.ajaxRequests[key].duration = window.ajaxRequests[key].end - window.ajaxRequests[key].started;\n            });\n\n            return JSON.stringify(window.ajaxRequests);\n\n        }).apply(null, arguments)","args":[]}
RESULT: {"sessionId":"a717275743d311210ee026cc1d9031f1","status":0,"value":"{}"}
COMMAND: DELETE http://127.0.0.1:4444/wd/hub/session/a717275743d311210ee026cc1d9031f1 - {}
RESULT: {"sessionId":"a717275743d311210ee026cc1d9031f1","status":0,"value":null}
]]>
      </system-out>
    </testcase>
  </testsuite>
</testsuites>