<?xml version="1.0" encoding="UTF-8"?>
<testsuites>
  <testsuite name="treatment_feature" timestamp="2019-08-24T07:26:57" time="70.91" tests="0" failures="0" errors="0" skipped="0">
    <properties>
      <property name="specId" value="2e9d0b035b8b9cb3c01735ae2c96c7f8"/>
      <property name="suiteName" value="treatment feature"/>
      <property name="capabilities" value=""/>
      <property name="file" value="./local/specs/treatment.screenshot.spec.js"/>
    </properties>
  </testsuite>
  <testsuite name="oncoprint_tab" timestamp="2019-08-24T07:26:57" time="41.854" tests="11" failures="0" errors="0" skipped="0">
    <properties>
      <property name="specId" value="2e9d0b035b8b9cb3c01735ae2c96c7f8"/>
      <property name="suiteName" value="oncoprint tab"/>
      <property name="capabilities" value=""/>
      <property name="file" value="./local/specs/treatment.screenshot.spec.js"/>
    </properties>
    <testcase classname=".oncoprint_tab" name="shows_treatment_data_type_option_in_heatmap_menu" time="3.871">
      <system-out>
        <![CDATA[
COMMAND: POST http://127.0.0.1:4444/wd/hub/session/e00f1c3932fd34e68e20fb8464e8226f/url - {"url":"http://localhost:8081/results/oncoprint?Action=Submit&RPPA_SCORE_THRESHOLD=2.0&Z_SCORE_THRESHOLD=2.0&cancer_study_list=study_es_0&case_set_id=study_es_0_all&clinicallist=NUM_SAMPLES_PER_PATIENT%2CPROFILED_IN_study_es_0_mutations%2CPROFILED_IN_study_es_0_gistic&data_priority=0&gene_list=CDKN2A%2520MDM2%2520MDM4%2520TP53&geneset_list=%20&genetic_profile_ids_PROFILE_COPY_NUMBER_ALTERATION=study_es_0_gistic&genetic_profile_ids_PROFILE_MUTATION_EXTENDED=study_es_0_mutations&show_samples=false&tab_index=tab_visualize&localdev=true"}
RESULT: {"sessionId":"e00f1c3932fd34e68e20fb8464e8226f","status":0,"value":null}
COMMAND: GET http://127.0.0.1:4444/wd/hub/session/e00f1c3932fd34e68e20fb8464e8226f/window/current/size - {}
RESULT: {"sessionId":"e00f1c3932fd34e68e20fb8464e8226f","status":0,"value":{"height":1030,"width":945}}
COMMAND: POST http://127.0.0.1:4444/wd/hub/session/e00f1c3932fd34e68e20fb8464e8226f/execute - {"script":"return (function getViewportSize() {\n    return {\n        screenWidth: Math.max(document.documentElement.clientWidth, window.innerWidth || 0),\n        screenHeight: Math.max(document.documentElement.clientHeight, window.innerHeight || 0)\n    };\n}).apply(null, arguments)","args":[]}
RESULT: {"sessionId":"e00f1c3932fd34e68e20fb8464e8226f","status":0,"value":{"screenHeight":900,"screenWidth":937}}
COMMAND: POST http://127.0.0.1:4444/wd/hub/session/e00f1c3932fd34e68e20fb8464e8226f/window/current/size - {"width":1008,"height":1730}
RESULT: {"sessionId":"e00f1c3932fd34e68e20fb8464e8226f","status":0,"value":null}
COMMAND: POST http://127.0.0.1:4444/wd/hub/session/e00f1c3932fd34e68e20fb8464e8226f/execute - {"script":"return (function getViewportSize() {\n    return {\n        screenWidth: Math.max(document.documentElement.clientWidth, window.innerWidth || 0),\n        screenHeight: Math.max(document.documentElement.clientHeight, window.innerHeight || 0)\n    };\n}).apply(null, arguments)","args":[]}
RESULT: {"sessionId":"e00f1c3932fd34e68e20fb8464e8226f","status":0,"value":{"screenHeight":920,"screenWidth":1000}}
COMMAND: GET http://127.0.0.1:4444/wd/hub/session/e00f1c3932fd34e68e20fb8464e8226f/window/current/size - {}
RESULT: {"sessionId":"e00f1c3932fd34e68e20fb8464e8226f","status":0,"value":{"height":1050,"width":1008}}
COMMAND: POST http://127.0.0.1:4444/wd/hub/session/e00f1c3932fd34e68e20fb8464e8226f/execute - {"script":"return (function getViewportSize() {\n    return {\n        screenWidth: Math.max(document.documentElement.clientWidth, window.innerWidth || 0),\n        screenHeight: Math.max(document.documentElement.clientHeight, window.innerHeight || 0)\n    };\n}).apply(null, arguments)","args":[]}
RESULT: {"sessionId":"e00f1c3932fd34e68e20fb8464e8226f","status":0,"value":{"screenHeight":920,"screenWidth":1000}}
COMMAND: POST http://127.0.0.1:4444/wd/hub/session/e00f1c3932fd34e68e20fb8464e8226f/window/current/size - {"width":1008,"height":1730}
RESULT: {"sessionId":"e00f1c3932fd34e68e20fb8464e8226f","status":0,"value":null}
COMMAND: POST http://127.0.0.1:4444/wd/hub/session/e00f1c3932fd34e68e20fb8464e8226f/execute - {"script":"return (function getViewportSize() {\n    return {\n        screenWidth: Math.max(document.documentElement.clientWidth, window.innerWidth || 0),\n        screenHeight: Math.max(document.documentElement.clientHeight, window.innerHeight || 0)\n    };\n}).apply(null, arguments)","args":[]}
RESULT: {"sessionId":"e00f1c3932fd34e68e20fb8464e8226f","status":0,"value":{"screenHeight":920,"screenWidth":1000}}
COMMAND: GET http://127.0.0.1:4444/wd/hub/session/e00f1c3932fd34e68e20fb8464e8226f/window/current/size - {}
RESULT: {"sessionId":"e00f1c3932fd34e68e20fb8464e8226f","status":0,"value":{"height":1050,"width":1008}}
COMMAND: POST http://127.0.0.1:4444/wd/hub/session/e00f1c3932fd34e68e20fb8464e8226f/execute - {"script":"return (function getViewportSize() {\n    return {\n        screenWidth: Math.max(document.documentElement.clientWidth, window.innerWidth || 0),\n        screenHeight: Math.max(document.documentElement.clientHeight, window.innerHeight || 0)\n    };\n}).apply(null, arguments)","args":[]}
RESULT: {"sessionId":"e00f1c3932fd34e68e20fb8464e8226f","status":0,"value":{"screenHeight":920,"screenWidth":1000}}
COMMAND: POST http://127.0.0.1:4444/wd/hub/session/e00f1c3932fd34e68e20fb8464e8226f/window/current/size - {"width":1008,"height":1730}
RESULT: {"sessionId":"e00f1c3932fd34e68e20fb8464e8226f","status":0,"value":null}
COMMAND: POST http://127.0.0.1:4444/wd/hub/session/e00f1c3932fd34e68e20fb8464e8226f/execute - {"script":"return (function getViewportSize() {\n    return {\n        screenWidth: Math.max(document.documentElement.clientWidth, window.innerWidth || 0),\n        screenHeight: Math.max(document.documentElement.clientHeight, window.innerHeight || 0)\n    };\n}).apply(null, arguments)","args":[]}
RESULT: {"sessionId":"e00f1c3932fd34e68e20fb8464e8226f","status":0,"value":{"screenHeight":920,"screenWidth":1000}}
COMMAND: GET http://127.0.0.1:4444/wd/hub/session/e00f1c3932fd34e68e20fb8464e8226f/window/current/size - {}
RESULT: {"sessionId":"e00f1c3932fd34e68e20fb8464e8226f","status":0,"value":{"height":1050,"width":1008}}
COMMAND: POST http://127.0.0.1:4444/wd/hub/session/e00f1c3932fd34e68e20fb8464e8226f/execute - {"script":"return (function getViewportSize() {\n    return {\n        screenWidth: Math.max(document.documentElement.clientWidth, window.innerWidth || 0),\n        screenHeight: Math.max(document.documentElement.clientHeight, window.innerHeight || 0)\n    };\n}).apply(null, arguments)","args":[]}
RESULT: {"sessionId":"e00f1c3932fd34e68e20fb8464e8226f","status":0,"value":{"screenHeight":920,"screenWidth":1000}}
COMMAND: POST http://127.0.0.1:4444/wd/hub/session/e00f1c3932fd34e68e20fb8464e8226f/window/current/size - {"width":1008,"height":1730}
RESULT: {"sessionId":"e00f1c3932fd34e68e20fb8464e8226f","status":0,"value":null}
COMMAND: POST http://127.0.0.1:4444/wd/hub/session/e00f1c3932fd34e68e20fb8464e8226f/execute - {"script":"return (function getViewportSize() {\n    return {\n        screenWidth: Math.max(document.documentElement.clientWidth, window.innerWidth || 0),\n        screenHeight: Math.max(document.documentElement.clientHeight, window.innerHeight || 0)\n    };\n}).apply(null, arguments)","args":[]}
RESULT: {"sessionId":"e00f1c3932fd34e68e20fb8464e8226f","status":0,"value":{"screenHeight":920,"screenWidth":1000}}
COMMAND: GET http://127.0.0.1:4444/wd/hub/session/e00f1c3932fd34e68e20fb8464e8226f/window/current/size - {}
RESULT: {"sessionId":"e00f1c3932fd34e68e20fb8464e8226f","status":0,"value":{"height":1050,"width":1008}}
COMMAND: POST http://127.0.0.1:4444/wd/hub/session/e00f1c3932fd34e68e20fb8464e8226f/execute - {"script":"return (function getViewportSize() {\n    return {\n        screenWidth: Math.max(document.documentElement.clientWidth, window.innerWidth || 0),\n        screenHeight: Math.max(document.documentElement.clientHeight, window.innerHeight || 0)\n    };\n}).apply(null, arguments)","args":[]}
RESULT: {"sessionId":"e00f1c3932fd34e68e20fb8464e8226f","status":0,"value":{"screenHeight":920,"screenWidth":1000}}
COMMAND: POST http://127.0.0.1:4444/wd/hub/session/e00f1c3932fd34e68e20fb8464e8226f/window/current/size - {"width":1008,"height":1730}
RESULT: {"sessionId":"e00f1c3932fd34e68e20fb8464e8226f","status":0,"value":null}
COMMAND: POST http://127.0.0.1:4444/wd/hub/session/e00f1c3932fd34e68e20fb8464e8226f/execute - {"script":"return (function getViewportSize() {\n    return {\n        screenWidth: Math.max(document.documentElement.clientWidth, window.innerWidth || 0),\n        screenHeight: Math.max(document.documentElement.clientHeight, window.innerHeight || 0)\n    };\n}).apply(null, arguments)","args":[]}
RESULT: {"sessionId":"e00f1c3932fd34e68e20fb8464e8226f","status":0,"value":{"screenHeight":920,"screenWidth":1000}}
COMMAND: GET http://127.0.0.1:4444/wd/hub/session/e00f1c3932fd34e68e20fb8464e8226f/window/current/size - {}
RESULT: {"sessionId":"e00f1c3932fd34e68e20fb8464e8226f","status":0,"value":{"height":1050,"width":1008}}
COMMAND: POST http://127.0.0.1:4444/wd/hub/session/e00f1c3932fd34e68e20fb8464e8226f/execute - {"script":"return (function getViewportSize() {\n    return {\n        screenWidth: Math.max(document.documentElement.clientWidth, window.innerWidth || 0),\n        screenHeight: Math.max(document.documentElement.clientHeight, window.innerHeight || 0)\n    };\n}).apply(null, arguments)","args":[]}
RESULT: {"sessionId":"e00f1c3932fd34e68e20fb8464e8226f","status":0,"value":{"screenHeight":920,"screenWidth":1000}}
COMMAND: POST http://127.0.0.1:4444/wd/hub/session/e00f1c3932fd34e68e20fb8464e8226f/window/current/size - {"width":1008,"height":1730}
RESULT: {"sessionId":"e00f1c3932fd34e68e20fb8464e8226f","status":0,"value":null}
COMMAND: POST http://127.0.0.1:4444/wd/hub/session/e00f1c3932fd34e68e20fb8464e8226f/execute - {"script":"return (function getViewportSize() {\n    return {\n        screenWidth: Math.max(document.documentElement.clientWidth, window.innerWidth || 0),\n        screenHeight: Math.max(document.documentElement.clientHeight, window.innerHeight || 0)\n    };\n}).apply(null, arguments)","args":[]}
RESULT: {"sessionId":"e00f1c3932fd34e68e20fb8464e8226f","status":0,"value":{"screenHeight":920,"screenWidth":1000}}
COMMAND: POST http://127.0.0.1:4444/wd/hub/session/e00f1c3932fd34e68e20fb8464e8226f/element - {"using":"css selector","value":"body"}
RESULT: {"sessionId":"e00f1c3932fd34e68e20fb8464e8226f","status":0,"value":{"ELEMENT":"0.9974690996060198-1"}}
COMMAND: POST http://127.0.0.1:4444/wd/hub/session/e00f1c3932fd34e68e20fb8464e8226f/moveto - {"element":"0.9974690996060198-1","xoffset":0,"yoffset":0}
RESULT: {"sessionId":"e00f1c3932fd34e68e20fb8464e8226f","status":0,"value":null}
COMMAND: POST http://127.0.0.1:4444/wd/hub/session/e00f1c3932fd34e68e20fb8464e8226f/elements - {"using":"css selector","value":".oncoprintLoadingIndicator"}
RESULT: {"sessionId":"e00f1c3932fd34e68e20fb8464e8226f","status":0,"value":[]}
COMMAND: POST http://127.0.0.1:4444/wd/hub/session/e00f1c3932fd34e68e20fb8464e8226f/elements - {"using":"css selector","value":"#oncoprintDiv svg rect"}
RESULT: {"sessionId":"e00f1c3932fd34e68e20fb8464e8226f","status":0,"value":[{"ELEMENT":"0.9974690996060198-2"},{"ELEMENT":"0.9974690996060198-3"},{"ELEMENT":"0.9974690996060198-4"},{"ELEMENT":"0.9974690996060198-5"},{"ELEMENT":"0.9974690996060198-6"},{"ELEMENT":"0.9974690996060198-7"},{"ELEMENT":"0.9974690996060198-8"},{"ELEMENT":"0.9974690996060198-9"}]}
COMMAND: POST http://127.0.0.1:4444/wd/hub/session/e00f1c3932fd34e68e20fb8464e8226f/elements - {"using":"css selector","value":".oncoprintContainer"}
RESULT: {"sessionId":"e00f1c3932fd34e68e20fb8464e8226f","status":0,"value":[{"ELEMENT":"0.9974690996060198-10"}]}
COMMAND: GET http://127.0.0.1:4444/wd/hub/session/e00f1c3932fd34e68e20fb8464e8226f/element/0.9974690996060198-10/css/opacity - {}
RESULT: {"sessionId":"e00f1c3932fd34e68e20fb8464e8226f","status":0,"value":"0.263453"}
COMMAND: POST http://127.0.0.1:4444/wd/hub/session/e00f1c3932fd34e68e20fb8464e8226f/elements - {"using":"css selector","value":".oncoprintLoadingIndicator"}
RESULT: {"sessionId":"e00f1c3932fd34e68e20fb8464e8226f","status":0,"value":[]}
COMMAND: POST http://127.0.0.1:4444/wd/hub/session/e00f1c3932fd34e68e20fb8464e8226f/elements - {"using":"css selector","value":"#oncoprintDiv svg rect"}
RESULT: {"sessionId":"e00f1c3932fd34e68e20fb8464e8226f","status":0,"value":[{"ELEMENT":"0.9974690996060198-2"},{"ELEMENT":"0.9974690996060198-3"},{"ELEMENT":"0.9974690996060198-4"},{"ELEMENT":"0.9974690996060198-5"},{"ELEMENT":"0.9974690996060198-6"},{"ELEMENT":"0.9974690996060198-7"},{"ELEMENT":"0.9974690996060198-8"},{"ELEMENT":"0.9974690996060198-9"}]}
COMMAND: POST http://127.0.0.1:4444/wd/hub/session/e00f1c3932fd34e68e20fb8464e8226f/elements - {"using":"css selector","value":".oncoprintContainer"}
RESULT: {"sessionId":"e00f1c3932fd34e68e20fb8464e8226f","status":0,"value":[{"ELEMENT":"0.9974690996060198-10"}]}
COMMAND: GET http://127.0.0.1:4444/wd/hub/session/e00f1c3932fd34e68e20fb8464e8226f/element/0.9974690996060198-10/css/opacity - {}
RESULT: {"sessionId":"e00f1c3932fd34e68e20fb8464e8226f","status":0,"value":"0.99986"}
COMMAND: POST http://127.0.0.1:4444/wd/hub/session/e00f1c3932fd34e68e20fb8464e8226f/elements - {"using":"css selector","value":".oncoprintLoadingIndicator"}
RESULT: {"sessionId":"e00f1c3932fd34e68e20fb8464e8226f","status":0,"value":[]}
COMMAND: POST http://127.0.0.1:4444/wd/hub/session/e00f1c3932fd34e68e20fb8464e8226f/elements - {"using":"css selector","value":"#oncoprintDiv svg rect"}
RESULT: {"sessionId":"e00f1c3932fd34e68e20fb8464e8226f","status":0,"value":[{"ELEMENT":"0.9974690996060198-2"},{"ELEMENT":"0.9974690996060198-3"},{"ELEMENT":"0.9974690996060198-4"},{"ELEMENT":"0.9974690996060198-5"},{"ELEMENT":"0.9974690996060198-6"},{"ELEMENT":"0.9974690996060198-7"},{"ELEMENT":"0.9974690996060198-8"},{"ELEMENT":"0.9974690996060198-9"}]}
COMMAND: POST http://127.0.0.1:4444/wd/hub/session/e00f1c3932fd34e68e20fb8464e8226f/elements - {"using":"css selector","value":".oncoprintContainer"}
RESULT: {"sessionId":"e00f1c3932fd34e68e20fb8464e8226f","status":0,"value":[{"ELEMENT":"0.9974690996060198-10"}]}
COMMAND: GET http://127.0.0.1:4444/wd/hub/session/e00f1c3932fd34e68e20fb8464e8226f/element/0.9974690996060198-10/css/opacity - {}
RESULT: {"sessionId":"e00f1c3932fd34e68e20fb8464e8226f","status":0,"value":"1"}
COMMAND: POST http://127.0.0.1:4444/wd/hub/session/e00f1c3932fd34e68e20fb8464e8226f/element - {"using":"css selector","value":"button[id=heatmapDropdown]"}
RESULT: {"sessionId":"e00f1c3932fd34e68e20fb8464e8226f","status":0,"value":{"ELEMENT":"0.9974690996060198-11"}}
COMMAND: POST http://127.0.0.1:4444/wd/hub/session/e00f1c3932fd34e68e20fb8464e8226f/element/0.9974690996060198-11/click - {}
RESULT: {"sessionId":"e00f1c3932fd34e68e20fb8464e8226f","status":0,"value":null}
COMMAND: POST http://127.0.0.1:4444/wd/hub/session/e00f1c3932fd34e68e20fb8464e8226f/element - {"using":"css selector","value":".oncoprint__controls__heatmap_menu"}
RESULT: {"sessionId":"e00f1c3932fd34e68e20fb8464e8226f","status":0,"value":{"ELEMENT":"0.9974690996060198-12"}}
COMMAND: POST http://127.0.0.1:4444/wd/hub/session/e00f1c3932fd34e68e20fb8464e8226f/element/0.9974690996060198-12/element - {"using":"css selector","value":".Select-control"}
RESULT: {"sessionId":"e00f1c3932fd34e68e20fb8464e8226f","status":0,"value":{"ELEMENT":"0.9974690996060198-13"}}
COMMAND: POST http://127.0.0.1:4444/wd/hub/session/e00f1c3932fd34e68e20fb8464e8226f/element/0.9974690996060198-13/click - {}
RESULT: {"sessionId":"e00f1c3932fd34e68e20fb8464e8226f","status":0,"value":null}
COMMAND: POST http://127.0.0.1:4444/wd/hub/session/e00f1c3932fd34e68e20fb8464e8226f/element/0.9974690996060198-12/element - {"using":"xpath","value":".//*[contains(@class, \"Select-option\") and normalize-space() = \"EC50 values of compounds on cellular phenotype readout\"]"}
RESULT: {"sessionId":"e00f1c3932fd34e68e20fb8464e8226f","status":0,"value":{"ELEMENT":"0.9974690996060198-14"}}
COMMAND: POST http://127.0.0.1:4444/wd/hub/session/e00f1c3932fd34e68e20fb8464e8226f/element - {"using":"css selector","value":".oncoprint__controls__heatmap_menu"}
RESULT: {"sessionId":"e00f1c3932fd34e68e20fb8464e8226f","status":0,"value":{"ELEMENT":"0.9974690996060198-12"}}
COMMAND: POST http://127.0.0.1:4444/wd/hub/session/e00f1c3932fd34e68e20fb8464e8226f/element/0.9974690996060198-12/element - {"using":"css selector","value":".Select-control"}
RESULT: {"sessionId":"e00f1c3932fd34e68e20fb8464e8226f","status":0,"value":{"ELEMENT":"0.9974690996060198-13"}}
COMMAND: POST http://127.0.0.1:4444/wd/hub/session/e00f1c3932fd34e68e20fb8464e8226f/element/0.9974690996060198-13/click - {}
RESULT: {"sessionId":"e00f1c3932fd34e68e20fb8464e8226f","status":0,"value":null}
COMMAND: POST http://127.0.0.1:4444/wd/hub/session/e00f1c3932fd34e68e20fb8464e8226f/element/0.9974690996060198-12/element - {"using":"xpath","value":".//*[contains(@class, \"Select-option\") and normalize-space() = \"IC50 values of compounds on cellular phenotype readout\"]"}
RESULT: {"message":"no such element: Unable to locate element: {\"method\":\"xpath\",\"selector\":\".//*[contains(@class, \"Select-option\") and normalize-space() = \"IC50 values of compounds on cellular phenotype readout\"]\"}","type":"RuntimeError","seleniumStack":{"status":7,"type":"NoSuchElement","message":"An element could not be located on the page using the given search parameters.","orgStatusMessage":"no such element: Unable to locate element: {\"method\":\"xpath\",\"selector\":\".//*[contains(@class, \"Select-option\") and normalize-space() = \"IC50 values of compounds on cellular phenotype readout\"]\"}\n  (Session info: chrome=76.0.3809.100)\n  (Driver info: chromedriver=2.42.591071 (0b695ff80972cc1a65a5cd643186d2ae582cd4ac),platform=Linux 5.0.0-25-generic x86_64)"}}
COMMAND: POST http://127.0.0.1:4444/wd/hub/session/e00f1c3932fd34e68e20fb8464e8226f/execute - {"script":"return (function () {\n\n            Object.keys(window.ajaxRequests).forEach((key)=>{\n                window.ajaxRequests[key].end = Date.now();\n                window.ajaxRequests[key].duration = window.ajaxRequests[key].end - window.ajaxRequests[key].started;\n            });\n\n            return JSON.stringify(window.ajaxRequests);\n\n        }).apply(null, arguments)","args":[]}
RESULT: {"sessionId":"e00f1c3932fd34e68e20fb8464e8226f","status":0,"value":"{}"}
]]>
      </system-out>
    </testcase>
    <testcase classname=".oncoprint_tab" name="shows_treatment_text_area_box_in_heatmap_menu_when_treatment_data_type_is_selected" time="3.285">
      <system-out>
        <![CDATA[
COMMAND: POST http://127.0.0.1:4444/wd/hub/session/e00f1c3932fd34e68e20fb8464e8226f/url - {"url":"http://localhost:8081/results/oncoprint?Action=Submit&RPPA_SCORE_THRESHOLD=2.0&Z_SCORE_THRESHOLD=2.0&cancer_study_list=study_es_0&case_set_id=study_es_0_all&clinicallist=NUM_SAMPLES_PER_PATIENT%2CPROFILED_IN_study_es_0_mutations%2CPROFILED_IN_study_es_0_gistic&data_priority=0&gene_list=CDKN2A%2520MDM2%2520MDM4%2520TP53&geneset_list=%20&genetic_profile_ids_PROFILE_COPY_NUMBER_ALTERATION=study_es_0_gistic&genetic_profile_ids_PROFILE_MUTATION_EXTENDED=study_es_0_mutations&show_samples=false&tab_index=tab_visualize&localdev=true"}
RESULT: {"sessionId":"e00f1c3932fd34e68e20fb8464e8226f","status":0,"value":null}
COMMAND: GET http://127.0.0.1:4444/wd/hub/session/e00f1c3932fd34e68e20fb8464e8226f/window/current/size - {}
RESULT: {"sessionId":"e00f1c3932fd34e68e20fb8464e8226f","status":0,"value":{"height":1050,"width":1008}}
COMMAND: POST http://127.0.0.1:4444/wd/hub/session/e00f1c3932fd34e68e20fb8464e8226f/execute - {"script":"return (function getViewportSize() {\n    return {\n        screenWidth: Math.max(document.documentElement.clientWidth, window.innerWidth || 0),\n        screenHeight: Math.max(document.documentElement.clientHeight, window.innerHeight || 0)\n    };\n}).apply(null, arguments)","args":[]}
RESULT: {"sessionId":"e00f1c3932fd34e68e20fb8464e8226f","status":0,"value":{"screenHeight":920,"screenWidth":1000}}
COMMAND: POST http://127.0.0.1:4444/wd/hub/session/e00f1c3932fd34e68e20fb8464e8226f/window/current/size - {"width":1008,"height":1730}
RESULT: {"sessionId":"e00f1c3932fd34e68e20fb8464e8226f","status":0,"value":null}
COMMAND: POST http://127.0.0.1:4444/wd/hub/session/e00f1c3932fd34e68e20fb8464e8226f/execute - {"script":"return (function getViewportSize() {\n    return {\n        screenWidth: Math.max(document.documentElement.clientWidth, window.innerWidth || 0),\n        screenHeight: Math.max(document.documentElement.clientHeight, window.innerHeight || 0)\n    };\n}).apply(null, arguments)","args":[]}
RESULT: {"sessionId":"e00f1c3932fd34e68e20fb8464e8226f","status":0,"value":{"screenHeight":920,"screenWidth":1000}}
COMMAND: GET http://127.0.0.1:4444/wd/hub/session/e00f1c3932fd34e68e20fb8464e8226f/window/current/size - {}
RESULT: {"sessionId":"e00f1c3932fd34e68e20fb8464e8226f","status":0,"value":{"height":1050,"width":1008}}
COMMAND: POST http://127.0.0.1:4444/wd/hub/session/e00f1c3932fd34e68e20fb8464e8226f/execute - {"script":"return (function getViewportSize() {\n    return {\n        screenWidth: Math.max(document.documentElement.clientWidth, window.innerWidth || 0),\n        screenHeight: Math.max(document.documentElement.clientHeight, window.innerHeight || 0)\n    };\n}).apply(null, arguments)","args":[]}
RESULT: {"sessionId":"e00f1c3932fd34e68e20fb8464e8226f","status":0,"value":{"screenHeight":920,"screenWidth":1000}}
COMMAND: POST http://127.0.0.1:4444/wd/hub/session/e00f1c3932fd34e68e20fb8464e8226f/window/current/size - {"width":1008,"height":1730}
RESULT: {"sessionId":"e00f1c3932fd34e68e20fb8464e8226f","status":0,"value":null}
COMMAND: POST http://127.0.0.1:4444/wd/hub/session/e00f1c3932fd34e68e20fb8464e8226f/execute - {"script":"return (function getViewportSize() {\n    return {\n        screenWidth: Math.max(document.documentElement.clientWidth, window.innerWidth || 0),\n        screenHeight: Math.max(document.documentElement.clientHeight, window.innerHeight || 0)\n    };\n}).apply(null, arguments)","args":[]}
RESULT: {"sessionId":"e00f1c3932fd34e68e20fb8464e8226f","status":0,"value":{"screenHeight":920,"screenWidth":1000}}
COMMAND: GET http://127.0.0.1:4444/wd/hub/session/e00f1c3932fd34e68e20fb8464e8226f/window/current/size - {}
RESULT: {"sessionId":"e00f1c3932fd34e68e20fb8464e8226f","status":0,"value":{"height":1050,"width":1008}}
COMMAND: POST http://127.0.0.1:4444/wd/hub/session/e00f1c3932fd34e68e20fb8464e8226f/execute - {"script":"return (function getViewportSize() {\n    return {\n        screenWidth: Math.max(document.documentElement.clientWidth, window.innerWidth || 0),\n        screenHeight: Math.max(document.documentElement.clientHeight, window.innerHeight || 0)\n    };\n}).apply(null, arguments)","args":[]}
RESULT: {"sessionId":"e00f1c3932fd34e68e20fb8464e8226f","status":0,"value":{"screenHeight":920,"screenWidth":1000}}
COMMAND: POST http://127.0.0.1:4444/wd/hub/session/e00f1c3932fd34e68e20fb8464e8226f/window/current/size - {"width":1008,"height":1730}
RESULT: {"sessionId":"e00f1c3932fd34e68e20fb8464e8226f","status":0,"value":null}
COMMAND: POST http://127.0.0.1:4444/wd/hub/session/e00f1c3932fd34e68e20fb8464e8226f/execute - {"script":"return (function getViewportSize() {\n    return {\n        screenWidth: Math.max(document.documentElement.clientWidth, window.innerWidth || 0),\n        screenHeight: Math.max(document.documentElement.clientHeight, window.innerHeight || 0)\n    };\n}).apply(null, arguments)","args":[]}
RESULT: {"sessionId":"e00f1c3932fd34e68e20fb8464e8226f","status":0,"value":{"screenHeight":920,"screenWidth":1000}}
COMMAND: GET http://127.0.0.1:4444/wd/hub/session/e00f1c3932fd34e68e20fb8464e8226f/window/current/size - {}
RESULT: {"sessionId":"e00f1c3932fd34e68e20fb8464e8226f","status":0,"value":{"height":1050,"width":1008}}
COMMAND: POST http://127.0.0.1:4444/wd/hub/session/e00f1c3932fd34e68e20fb8464e8226f/execute - {"script":"return (function getViewportSize() {\n    return {\n        screenWidth: Math.max(document.documentElement.clientWidth, window.innerWidth || 0),\n        screenHeight: Math.max(document.documentElement.clientHeight, window.innerHeight || 0)\n    };\n}).apply(null, arguments)","args":[]}
RESULT: {"sessionId":"e00f1c3932fd34e68e20fb8464e8226f","status":0,"value":{"screenHeight":920,"screenWidth":1000}}
COMMAND: POST http://127.0.0.1:4444/wd/hub/session/e00f1c3932fd34e68e20fb8464e8226f/window/current/size - {"width":1008,"height":1730}
RESULT: {"sessionId":"e00f1c3932fd34e68e20fb8464e8226f","status":0,"value":null}
COMMAND: POST http://127.0.0.1:4444/wd/hub/session/e00f1c3932fd34e68e20fb8464e8226f/execute - {"script":"return (function getViewportSize() {\n    return {\n        screenWidth: Math.max(document.documentElement.clientWidth, window.innerWidth || 0),\n        screenHeight: Math.max(document.documentElement.clientHeight, window.innerHeight || 0)\n    };\n}).apply(null, arguments)","args":[]}
RESULT: {"sessionId":"e00f1c3932fd34e68e20fb8464e8226f","status":0,"value":{"screenHeight":920,"screenWidth":1000}}
COMMAND: GET http://127.0.0.1:4444/wd/hub/session/e00f1c3932fd34e68e20fb8464e8226f/window/current/size - {}
RESULT: {"sessionId":"e00f1c3932fd34e68e20fb8464e8226f","status":0,"value":{"height":1050,"width":1008}}
COMMAND: POST http://127.0.0.1:4444/wd/hub/session/e00f1c3932fd34e68e20fb8464e8226f/execute - {"script":"return (function getViewportSize() {\n    return {\n        screenWidth: Math.max(document.documentElement.clientWidth, window.innerWidth || 0),\n        screenHeight: Math.max(document.documentElement.clientHeight, window.innerHeight || 0)\n    };\n}).apply(null, arguments)","args":[]}
RESULT: {"sessionId":"e00f1c3932fd34e68e20fb8464e8226f","status":0,"value":{"screenHeight":920,"screenWidth":1000}}
COMMAND: POST http://127.0.0.1:4444/wd/hub/session/e00f1c3932fd34e68e20fb8464e8226f/window/current/size - {"width":1008,"height":1730}
RESULT: {"sessionId":"e00f1c3932fd34e68e20fb8464e8226f","status":0,"value":null}
COMMAND: POST http://127.0.0.1:4444/wd/hub/session/e00f1c3932fd34e68e20fb8464e8226f/execute - {"script":"return (function getViewportSize() {\n    return {\n        screenWidth: Math.max(document.documentElement.clientWidth, window.innerWidth || 0),\n        screenHeight: Math.max(document.documentElement.clientHeight, window.innerHeight || 0)\n    };\n}).apply(null, arguments)","args":[]}
RESULT: {"sessionId":"e00f1c3932fd34e68e20fb8464e8226f","status":0,"value":{"screenHeight":920,"screenWidth":1000}}
COMMAND: GET http://127.0.0.1:4444/wd/hub/session/e00f1c3932fd34e68e20fb8464e8226f/window/current/size - {}
RESULT: {"sessionId":"e00f1c3932fd34e68e20fb8464e8226f","status":0,"value":{"height":1050,"width":1008}}
COMMAND: POST http://127.0.0.1:4444/wd/hub/session/e00f1c3932fd34e68e20fb8464e8226f/execute - {"script":"return (function getViewportSize() {\n    return {\n        screenWidth: Math.max(document.documentElement.clientWidth, window.innerWidth || 0),\n        screenHeight: Math.max(document.documentElement.clientHeight, window.innerHeight || 0)\n    };\n}).apply(null, arguments)","args":[]}
RESULT: {"sessionId":"e00f1c3932fd34e68e20fb8464e8226f","status":0,"value":{"screenHeight":920,"screenWidth":1000}}
COMMAND: POST http://127.0.0.1:4444/wd/hub/session/e00f1c3932fd34e68e20fb8464e8226f/window/current/size - {"width":1008,"height":1730}
RESULT: {"sessionId":"e00f1c3932fd34e68e20fb8464e8226f","status":0,"value":null}
COMMAND: POST http://127.0.0.1:4444/wd/hub/session/e00f1c3932fd34e68e20fb8464e8226f/execute - {"script":"return (function getViewportSize() {\n    return {\n        screenWidth: Math.max(document.documentElement.clientWidth, window.innerWidth || 0),\n        screenHeight: Math.max(document.documentElement.clientHeight, window.innerHeight || 0)\n    };\n}).apply(null, arguments)","args":[]}
RESULT: {"sessionId":"e00f1c3932fd34e68e20fb8464e8226f","status":0,"value":{"screenHeight":920,"screenWidth":1000}}
COMMAND: POST http://127.0.0.1:4444/wd/hub/session/e00f1c3932fd34e68e20fb8464e8226f/element - {"using":"css selector","value":"body"}
RESULT: {"sessionId":"e00f1c3932fd34e68e20fb8464e8226f","status":0,"value":{"ELEMENT":"0.882942369948019-1"}}
COMMAND: POST http://127.0.0.1:4444/wd/hub/session/e00f1c3932fd34e68e20fb8464e8226f/moveto - {"element":"0.882942369948019-1","xoffset":0,"yoffset":0}
RESULT: {"sessionId":"e00f1c3932fd34e68e20fb8464e8226f","status":0,"value":null}
COMMAND: POST http://127.0.0.1:4444/wd/hub/session/e00f1c3932fd34e68e20fb8464e8226f/elements - {"using":"css selector","value":".oncoprintLoadingIndicator"}
RESULT: {"sessionId":"e00f1c3932fd34e68e20fb8464e8226f","status":0,"value":[{"ELEMENT":"0.882942369948019-2"}]}
COMMAND: POST http://127.0.0.1:4444/wd/hub/session/e00f1c3932fd34e68e20fb8464e8226f/elements - {"using":"css selector","value":".oncoprintLoadingIndicator"}
RESULT: {"sessionId":"e00f1c3932fd34e68e20fb8464e8226f","status":0,"value":[{"ELEMENT":"0.882942369948019-2"}]}
COMMAND: POST http://127.0.0.1:4444/wd/hub/session/e00f1c3932fd34e68e20fb8464e8226f/elements - {"using":"css selector","value":".oncoprintLoadingIndicator"}
RESULT: {"sessionId":"e00f1c3932fd34e68e20fb8464e8226f","status":0,"value":[]}
COMMAND: POST http://127.0.0.1:4444/wd/hub/session/e00f1c3932fd34e68e20fb8464e8226f/elements - {"using":"css selector","value":"#oncoprintDiv svg rect"}
RESULT: {"sessionId":"e00f1c3932fd34e68e20fb8464e8226f","status":0,"value":[{"ELEMENT":"0.882942369948019-3"},{"ELEMENT":"0.882942369948019-4"},{"ELEMENT":"0.882942369948019-5"},{"ELEMENT":"0.882942369948019-6"},{"ELEMENT":"0.882942369948019-7"},{"ELEMENT":"0.882942369948019-8"},{"ELEMENT":"0.882942369948019-9"},{"ELEMENT":"0.882942369948019-10"}]}
COMMAND: POST http://127.0.0.1:4444/wd/hub/session/e00f1c3932fd34e68e20fb8464e8226f/elements - {"using":"css selector","value":".oncoprintContainer"}
RESULT: {"sessionId":"e00f1c3932fd34e68e20fb8464e8226f","status":0,"value":[{"ELEMENT":"0.882942369948019-11"}]}
COMMAND: GET http://127.0.0.1:4444/wd/hub/session/e00f1c3932fd34e68e20fb8464e8226f/element/0.882942369948019-11/css/opacity - {}
RESULT: {"sessionId":"e00f1c3932fd34e68e20fb8464e8226f","status":0,"value":"0.768356"}
COMMAND: POST http://127.0.0.1:4444/wd/hub/session/e00f1c3932fd34e68e20fb8464e8226f/elements - {"using":"css selector","value":".oncoprintLoadingIndicator"}
RESULT: {"sessionId":"e00f1c3932fd34e68e20fb8464e8226f","status":0,"value":[]}
COMMAND: POST http://127.0.0.1:4444/wd/hub/session/e00f1c3932fd34e68e20fb8464e8226f/elements - {"using":"css selector","value":"#oncoprintDiv svg rect"}
RESULT: {"sessionId":"e00f1c3932fd34e68e20fb8464e8226f","status":0,"value":[{"ELEMENT":"0.882942369948019-3"},{"ELEMENT":"0.882942369948019-4"},{"ELEMENT":"0.882942369948019-5"},{"ELEMENT":"0.882942369948019-6"},{"ELEMENT":"0.882942369948019-7"},{"ELEMENT":"0.882942369948019-8"},{"ELEMENT":"0.882942369948019-9"},{"ELEMENT":"0.882942369948019-10"}]}
COMMAND: POST http://127.0.0.1:4444/wd/hub/session/e00f1c3932fd34e68e20fb8464e8226f/elements - {"using":"css selector","value":".oncoprintContainer"}
RESULT: {"sessionId":"e00f1c3932fd34e68e20fb8464e8226f","status":0,"value":[{"ELEMENT":"0.882942369948019-11"}]}
COMMAND: GET http://127.0.0.1:4444/wd/hub/session/e00f1c3932fd34e68e20fb8464e8226f/element/0.882942369948019-11/css/opacity - {}
RESULT: {"sessionId":"e00f1c3932fd34e68e20fb8464e8226f","status":0,"value":"1"}
COMMAND: POST http://127.0.0.1:4444/wd/hub/session/e00f1c3932fd34e68e20fb8464e8226f/element - {"using":"css selector","value":"button[id=heatmapDropdown]"}
RESULT: {"sessionId":"e00f1c3932fd34e68e20fb8464e8226f","status":0,"value":{"ELEMENT":"0.882942369948019-12"}}
COMMAND: POST http://127.0.0.1:4444/wd/hub/session/e00f1c3932fd34e68e20fb8464e8226f/element/0.882942369948019-12/click - {}
RESULT: {"sessionId":"e00f1c3932fd34e68e20fb8464e8226f","status":0,"value":null}
COMMAND: POST http://127.0.0.1:4444/wd/hub/session/e00f1c3932fd34e68e20fb8464e8226f/element - {"using":"css selector","value":".oncoprint__controls__heatmap_menu"}
RESULT: {"sessionId":"e00f1c3932fd34e68e20fb8464e8226f","status":0,"value":{"ELEMENT":"0.882942369948019-13"}}
COMMAND: POST http://127.0.0.1:4444/wd/hub/session/e00f1c3932fd34e68e20fb8464e8226f/element/0.882942369948019-13/element - {"using":"css selector","value":".Select-control"}
RESULT: {"sessionId":"e00f1c3932fd34e68e20fb8464e8226f","status":0,"value":{"ELEMENT":"0.882942369948019-14"}}
COMMAND: POST http://127.0.0.1:4444/wd/hub/session/e00f1c3932fd34e68e20fb8464e8226f/element/0.882942369948019-14/click - {}
RESULT: {"sessionId":"e00f1c3932fd34e68e20fb8464e8226f","status":0,"value":null}
COMMAND: POST http://127.0.0.1:4444/wd/hub/session/e00f1c3932fd34e68e20fb8464e8226f/element/0.882942369948019-13/element - {"using":"xpath","value":".//*[contains(@class, \"Select-option\") and normalize-space() = \"IC50 values of compounds on cellular phenotype readout\"]"}
RESULT: {"sessionId":"e00f1c3932fd34e68e20fb8464e8226f","status":0,"value":{"ELEMENT":"0.882942369948019-15"}}
COMMAND: POST http://127.0.0.1:4444/wd/hub/session/e00f1c3932fd34e68e20fb8464e8226f/element/0.882942369948019-15/click - {}
RESULT: {"sessionId":"e00f1c3932fd34e68e20fb8464e8226f","status":0,"value":null}
COMMAND: POST http://127.0.0.1:4444/wd/hub/session/e00f1c3932fd34e68e20fb8464e8226f/element - {"using":"css selector","value":".oncoprint__controls__heatmap_menu.text-icon-area"}
RESULT: {"message":"no such element: Unable to locate element: {\"method\":\"css selector\",\"selector\":\".oncoprint__controls__heatmap_menu.text-icon-area\"}","type":"RuntimeError","seleniumStack":{"status":7,"type":"NoSuchElement","message":"An element could not be located on the page using the given search parameters.","orgStatusMessage":"no such element: Unable to locate element: {\"method\":\"css selector\",\"selector\":\".oncoprint__controls__heatmap_menu.text-icon-area\"}\n  (Session info: chrome=76.0.3809.100)\n  (Driver info: chromedriver=2.42.591071 (0b695ff80972cc1a65a5cd643186d2ae582cd4ac),platform=Linux 5.0.0-25-generic x86_64)"}}
COMMAND: POST http://127.0.0.1:4444/wd/hub/session/e00f1c3932fd34e68e20fb8464e8226f/execute - {"script":"return (function () {\n\n            Object.keys(window.ajaxRequests).forEach((key)=>{\n                window.ajaxRequests[key].end = Date.now();\n                window.ajaxRequests[key].duration = window.ajaxRequests[key].end - window.ajaxRequests[key].started;\n            });\n\n            return JSON.stringify(window.ajaxRequests);\n\n        }).apply(null, arguments)","args":[]}
RESULT: {"sessionId":"e00f1c3932fd34e68e20fb8464e8226f","status":0,"value":"{}"}
]]>
      </system-out>
    </testcase>
    <testcase classname=".oncoprint_tab" name="does_not_show_genes_of_gene_text_area_in_treatment_text_area_and_vice_versa" time="3.175">
      <system-out>
        <![CDATA[
COMMAND: POST http://127.0.0.1:4444/wd/hub/session/e00f1c3932fd34e68e20fb8464e8226f/url - {"url":"http://localhost:8081/results/oncoprint?Action=Submit&RPPA_SCORE_THRESHOLD=2.0&Z_SCORE_THRESHOLD=2.0&cancer_study_list=study_es_0&case_set_id=study_es_0_all&clinicallist=NUM_SAMPLES_PER_PATIENT%2CPROFILED_IN_study_es_0_mutations%2CPROFILED_IN_study_es_0_gistic&data_priority=0&gene_list=CDKN2A%2520MDM2%2520MDM4%2520TP53&geneset_list=%20&genetic_profile_ids_PROFILE_COPY_NUMBER_ALTERATION=study_es_0_gistic&genetic_profile_ids_PROFILE_MUTATION_EXTENDED=study_es_0_mutations&show_samples=false&tab_index=tab_visualize&localdev=true"}
RESULT: {"sessionId":"e00f1c3932fd34e68e20fb8464e8226f","status":0,"value":null}
COMMAND: GET http://127.0.0.1:4444/wd/hub/session/e00f1c3932fd34e68e20fb8464e8226f/window/current/size - {}
RESULT: {"sessionId":"e00f1c3932fd34e68e20fb8464e8226f","status":0,"value":{"height":1050,"width":1008}}
COMMAND: POST http://127.0.0.1:4444/wd/hub/session/e00f1c3932fd34e68e20fb8464e8226f/execute - {"script":"return (function getViewportSize() {\n    return {\n        screenWidth: Math.max(document.documentElement.clientWidth, window.innerWidth || 0),\n        screenHeight: Math.max(document.documentElement.clientHeight, window.innerHeight || 0)\n    };\n}).apply(null, arguments)","args":[]}
RESULT: {"sessionId":"e00f1c3932fd34e68e20fb8464e8226f","status":0,"value":{"screenHeight":920,"screenWidth":1000}}
COMMAND: POST http://127.0.0.1:4444/wd/hub/session/e00f1c3932fd34e68e20fb8464e8226f/window/current/size - {"width":1008,"height":1730}
RESULT: {"sessionId":"e00f1c3932fd34e68e20fb8464e8226f","status":0,"value":null}
COMMAND: POST http://127.0.0.1:4444/wd/hub/session/e00f1c3932fd34e68e20fb8464e8226f/execute - {"script":"return (function getViewportSize() {\n    return {\n        screenWidth: Math.max(document.documentElement.clientWidth, window.innerWidth || 0),\n        screenHeight: Math.max(document.documentElement.clientHeight, window.innerHeight || 0)\n    };\n}).apply(null, arguments)","args":[]}
RESULT: {"sessionId":"e00f1c3932fd34e68e20fb8464e8226f","status":0,"value":{"screenHeight":1600,"screenWidth":1000}}
COMMAND: POST http://127.0.0.1:4444/wd/hub/session/e00f1c3932fd34e68e20fb8464e8226f/element - {"using":"css selector","value":"body"}
RESULT: {"sessionId":"e00f1c3932fd34e68e20fb8464e8226f","status":0,"value":{"ELEMENT":"0.3390290479406781-1"}}
COMMAND: POST http://127.0.0.1:4444/wd/hub/session/e00f1c3932fd34e68e20fb8464e8226f/moveto - {"element":"0.3390290479406781-1","xoffset":0,"yoffset":0}
RESULT: {"sessionId":"e00f1c3932fd34e68e20fb8464e8226f","status":0,"value":null}
COMMAND: POST http://127.0.0.1:4444/wd/hub/session/e00f1c3932fd34e68e20fb8464e8226f/elements - {"using":"css selector","value":".oncoprintLoadingIndicator"}
RESULT: {"sessionId":"e00f1c3932fd34e68e20fb8464e8226f","status":0,"value":[{"ELEMENT":"0.3390290479406781-2"}]}
COMMAND: POST http://127.0.0.1:4444/wd/hub/session/e00f1c3932fd34e68e20fb8464e8226f/elements - {"using":"css selector","value":".oncoprintLoadingIndicator"}
RESULT: {"sessionId":"e00f1c3932fd34e68e20fb8464e8226f","status":0,"value":[{"ELEMENT":"0.3390290479406781-2"}]}
COMMAND: POST http://127.0.0.1:4444/wd/hub/session/e00f1c3932fd34e68e20fb8464e8226f/elements - {"using":"css selector","value":".oncoprintLoadingIndicator"}
RESULT: {"sessionId":"e00f1c3932fd34e68e20fb8464e8226f","status":0,"value":[{"ELEMENT":"0.3390290479406781-2"}]}
COMMAND: POST http://127.0.0.1:4444/wd/hub/session/e00f1c3932fd34e68e20fb8464e8226f/elements - {"using":"css selector","value":".oncoprintLoadingIndicator"}
RESULT: {"sessionId":"e00f1c3932fd34e68e20fb8464e8226f","status":0,"value":[]}
COMMAND: POST http://127.0.0.1:4444/wd/hub/session/e00f1c3932fd34e68e20fb8464e8226f/elements - {"using":"css selector","value":"#oncoprintDiv svg rect"}
RESULT: {"sessionId":"e00f1c3932fd34e68e20fb8464e8226f","status":0,"value":[{"ELEMENT":"0.3390290479406781-3"},{"ELEMENT":"0.3390290479406781-4"},{"ELEMENT":"0.3390290479406781-5"},{"ELEMENT":"0.3390290479406781-6"},{"ELEMENT":"0.3390290479406781-7"},{"ELEMENT":"0.3390290479406781-8"},{"ELEMENT":"0.3390290479406781-9"},{"ELEMENT":"0.3390290479406781-10"}]}
COMMAND: POST http://127.0.0.1:4444/wd/hub/session/e00f1c3932fd34e68e20fb8464e8226f/elements - {"using":"css selector","value":".oncoprintContainer"}
RESULT: {"sessionId":"e00f1c3932fd34e68e20fb8464e8226f","status":0,"value":[{"ELEMENT":"0.3390290479406781-11"}]}
COMMAND: GET http://127.0.0.1:4444/wd/hub/session/e00f1c3932fd34e68e20fb8464e8226f/element/0.3390290479406781-11/css/opacity - {}
RESULT: {"sessionId":"e00f1c3932fd34e68e20fb8464e8226f","status":0,"value":"0.404923"}
COMMAND: POST http://127.0.0.1:4444/wd/hub/session/e00f1c3932fd34e68e20fb8464e8226f/elements - {"using":"css selector","value":".oncoprintLoadingIndicator"}
RESULT: {"sessionId":"e00f1c3932fd34e68e20fb8464e8226f","status":0,"value":[]}
COMMAND: POST http://127.0.0.1:4444/wd/hub/session/e00f1c3932fd34e68e20fb8464e8226f/elements - {"using":"css selector","value":"#oncoprintDiv svg rect"}
RESULT: {"sessionId":"e00f1c3932fd34e68e20fb8464e8226f","status":0,"value":[{"ELEMENT":"0.3390290479406781-3"},{"ELEMENT":"0.3390290479406781-4"},{"ELEMENT":"0.3390290479406781-5"},{"ELEMENT":"0.3390290479406781-6"},{"ELEMENT":"0.3390290479406781-7"},{"ELEMENT":"0.3390290479406781-8"},{"ELEMENT":"0.3390290479406781-9"},{"ELEMENT":"0.3390290479406781-10"}]}
COMMAND: POST http://127.0.0.1:4444/wd/hub/session/e00f1c3932fd34e68e20fb8464e8226f/elements - {"using":"css selector","value":".oncoprintContainer"}
RESULT: {"sessionId":"e00f1c3932fd34e68e20fb8464e8226f","status":0,"value":[{"ELEMENT":"0.3390290479406781-11"}]}
COMMAND: GET http://127.0.0.1:4444/wd/hub/session/e00f1c3932fd34e68e20fb8464e8226f/element/0.3390290479406781-11/css/opacity - {}
RESULT: {"sessionId":"e00f1c3932fd34e68e20fb8464e8226f","status":0,"value":"1"}
COMMAND: POST http://127.0.0.1:4444/wd/hub/session/e00f1c3932fd34e68e20fb8464e8226f/element - {"using":"css selector","value":"button[id=heatmapDropdown]"}
RESULT: {"sessionId":"e00f1c3932fd34e68e20fb8464e8226f","status":0,"value":{"ELEMENT":"0.3390290479406781-12"}}
COMMAND: POST http://127.0.0.1:4444/wd/hub/session/e00f1c3932fd34e68e20fb8464e8226f/element/0.3390290479406781-12/click - {}
RESULT: {"sessionId":"e00f1c3932fd34e68e20fb8464e8226f","status":0,"value":null}
COMMAND: POST http://127.0.0.1:4444/wd/hub/session/e00f1c3932fd34e68e20fb8464e8226f/element - {"using":"css selector","value":".oncoprint__controls__heatmap_menu textarea"}
RESULT: {"sessionId":"e00f1c3932fd34e68e20fb8464e8226f","status":0,"value":{"ELEMENT":"0.3390290479406781-13"}}
COMMAND: GET http://127.0.0.1:4444/wd/hub/session/e00f1c3932fd34e68e20fb8464e8226f/element/0.3390290479406781-13/text - {}
RESULT: {"sessionId":"e00f1c3932fd34e68e20fb8464e8226f","status":0,"value":"CDKN2A MDM2 MDM4 TP53"}
COMMAND: POST http://127.0.0.1:4444/wd/hub/session/e00f1c3932fd34e68e20fb8464e8226f/element - {"using":"css selector","value":".oncoprint__controls__heatmap_menu"}
RESULT: {"sessionId":"e00f1c3932fd34e68e20fb8464e8226f","status":0,"value":{"ELEMENT":"0.3390290479406781-14"}}
COMMAND: POST http://127.0.0.1:4444/wd/hub/session/e00f1c3932fd34e68e20fb8464e8226f/element/0.3390290479406781-14/element - {"using":"css selector","value":".Select-control"}
RESULT: {"sessionId":"e00f1c3932fd34e68e20fb8464e8226f","status":0,"value":{"ELEMENT":"0.3390290479406781-15"}}
COMMAND: POST http://127.0.0.1:4444/wd/hub/session/e00f1c3932fd34e68e20fb8464e8226f/element/0.3390290479406781-15/click - {}
RESULT: {"sessionId":"e00f1c3932fd34e68e20fb8464e8226f","status":0,"value":null}
COMMAND: POST http://127.0.0.1:4444/wd/hub/session/e00f1c3932fd34e68e20fb8464e8226f/element/0.3390290479406781-14/element - {"using":"xpath","value":".//*[contains(@class, \"Select-option\") and normalize-space() = \"IC50 values of compounds on cellular phenotype readout\"]"}
RESULT: {"sessionId":"e00f1c3932fd34e68e20fb8464e8226f","status":0,"value":{"ELEMENT":"0.3390290479406781-16"}}
COMMAND: POST http://127.0.0.1:4444/wd/hub/session/e00f1c3932fd34e68e20fb8464e8226f/element/0.3390290479406781-16/click - {}
RESULT: {"sessionId":"e00f1c3932fd34e68e20fb8464e8226f","status":0,"value":null}
COMMAND: POST http://127.0.0.1:4444/wd/hub/session/e00f1c3932fd34e68e20fb8464e8226f/element - {"using":"css selector","value":".oncoprint__controls__heatmap_menu textarea"}
RESULT: {"sessionId":"e00f1c3932fd34e68e20fb8464e8226f","status":0,"value":{"ELEMENT":"0.3390290479406781-17"}}
COMMAND: GET http://127.0.0.1:4444/wd/hub/session/e00f1c3932fd34e68e20fb8464e8226f/element/0.3390290479406781-17/text - {}
RESULT: {"sessionId":"e00f1c3932fd34e68e20fb8464e8226f","status":0,"value":""}
COMMAND: POST http://127.0.0.1:4444/wd/hub/session/e00f1c3932fd34e68e20fb8464e8226f/element - {"using":"css selector","value":".oncoprint__controls__heatmap_menu"}
RESULT: {"sessionId":"e00f1c3932fd34e68e20fb8464e8226f","status":0,"value":{"ELEMENT":"0.3390290479406781-14"}}
COMMAND: POST http://127.0.0.1:4444/wd/hub/session/e00f1c3932fd34e68e20fb8464e8226f/element/0.3390290479406781-14/element - {"using":"css selector","value":".Select-control"}
RESULT: {"sessionId":"e00f1c3932fd34e68e20fb8464e8226f","status":0,"value":{"ELEMENT":"0.3390290479406781-15"}}
COMMAND: POST http://127.0.0.1:4444/wd/hub/session/e00f1c3932fd34e68e20fb8464e8226f/element/0.3390290479406781-15/click - {}
RESULT: {"sessionId":"e00f1c3932fd34e68e20fb8464e8226f","status":0,"value":null}
COMMAND: POST http://127.0.0.1:4444/wd/hub/session/e00f1c3932fd34e68e20fb8464e8226f/element/0.3390290479406781-14/element - {"using":"xpath","value":".//*[contains(@class, \"Select-option\") and normalize-space() = \"mRNA expression (microarray) Z-Score normalized\"]"}
RESULT: {"sessionId":"e00f1c3932fd34e68e20fb8464e8226f","status":0,"value":{"ELEMENT":"0.3390290479406781-18"}}
COMMAND: POST http://127.0.0.1:4444/wd/hub/session/e00f1c3932fd34e68e20fb8464e8226f/element/0.3390290479406781-18/click - {}
RESULT: {"sessionId":"e00f1c3932fd34e68e20fb8464e8226f","status":0,"value":null}
COMMAND: POST http://127.0.0.1:4444/wd/hub/session/e00f1c3932fd34e68e20fb8464e8226f/element - {"using":"css selector","value":".oncoprint__controls__heatmap_menu textarea"}
RESULT: {"sessionId":"e00f1c3932fd34e68e20fb8464e8226f","status":0,"value":{"ELEMENT":"0.3390290479406781-19"}}
COMMAND: GET http://127.0.0.1:4444/wd/hub/session/e00f1c3932fd34e68e20fb8464e8226f/element/0.3390290479406781-19/text - {}
RESULT: {"sessionId":"e00f1c3932fd34e68e20fb8464e8226f","status":0,"value":"CDKN2A MDM2 MDM4 TP53"}
COMMAND: POST http://127.0.0.1:4444/wd/hub/session/e00f1c3932fd34e68e20fb8464e8226f/execute - {"script":"return (function () {\n\n            Object.keys(window.ajaxRequests).forEach((key)=>{\n                window.ajaxRequests[key].end = Date.now();\n                window.ajaxRequests[key].duration = window.ajaxRequests[key].end - window.ajaxRequests[key].started;\n            });\n\n            return JSON.stringify(window.ajaxRequests);\n\n        }).apply(null, arguments)","args":[]}
RESULT: {"sessionId":"e00f1c3932fd34e68e20fb8464e8226f","status":0,"value":"{}"}
]]>
      </system-out>
    </testcase>
    <testcase classname=".oncoprint_tab" name="shows_treatment_selection_box_in_heatmap_menu_when_treatment_data_type_is_selected" time="3.243">
      <system-out>
        <![CDATA[
COMMAND: POST http://127.0.0.1:4444/wd/hub/session/e00f1c3932fd34e68e20fb8464e8226f/url - {"url":"http://localhost:8081/results/oncoprint?Action=Submit&RPPA_SCORE_THRESHOLD=2.0&Z_SCORE_THRESHOLD=2.0&cancer_study_list=study_es_0&case_set_id=study_es_0_all&clinicallist=NUM_SAMPLES_PER_PATIENT%2CPROFILED_IN_study_es_0_mutations%2CPROFILED_IN_study_es_0_gistic&data_priority=0&gene_list=CDKN2A%2520MDM2%2520MDM4%2520TP53&geneset_list=%20&genetic_profile_ids_PROFILE_COPY_NUMBER_ALTERATION=study_es_0_gistic&genetic_profile_ids_PROFILE_MUTATION_EXTENDED=study_es_0_mutations&show_samples=false&tab_index=tab_visualize&localdev=true"}
RESULT: {"sessionId":"e00f1c3932fd34e68e20fb8464e8226f","status":0,"value":null}
COMMAND: GET http://127.0.0.1:4444/wd/hub/session/e00f1c3932fd34e68e20fb8464e8226f/window/current/size - {}
RESULT: {"sessionId":"e00f1c3932fd34e68e20fb8464e8226f","status":0,"value":{"height":1050,"width":1008}}
COMMAND: POST http://127.0.0.1:4444/wd/hub/session/e00f1c3932fd34e68e20fb8464e8226f/execute - {"script":"return (function getViewportSize() {\n    return {\n        screenWidth: Math.max(document.documentElement.clientWidth, window.innerWidth || 0),\n        screenHeight: Math.max(document.documentElement.clientHeight, window.innerHeight || 0)\n    };\n}).apply(null, arguments)","args":[]}
RESULT: {"sessionId":"e00f1c3932fd34e68e20fb8464e8226f","status":0,"value":{"screenHeight":920,"screenWidth":1000}}
COMMAND: POST http://127.0.0.1:4444/wd/hub/session/e00f1c3932fd34e68e20fb8464e8226f/window/current/size - {"width":1008,"height":1730}
RESULT: {"sessionId":"e00f1c3932fd34e68e20fb8464e8226f","status":0,"value":null}
COMMAND: POST http://127.0.0.1:4444/wd/hub/session/e00f1c3932fd34e68e20fb8464e8226f/execute - {"script":"return (function getViewportSize() {\n    return {\n        screenWidth: Math.max(document.documentElement.clientWidth, window.innerWidth || 0),\n        screenHeight: Math.max(document.documentElement.clientHeight, window.innerHeight || 0)\n    };\n}).apply(null, arguments)","args":[]}
RESULT: {"sessionId":"e00f1c3932fd34e68e20fb8464e8226f","status":0,"value":{"screenHeight":920,"screenWidth":1000}}
COMMAND: GET http://127.0.0.1:4444/wd/hub/session/e00f1c3932fd34e68e20fb8464e8226f/window/current/size - {}
RESULT: {"sessionId":"e00f1c3932fd34e68e20fb8464e8226f","status":0,"value":{"height":1050,"width":1008}}
COMMAND: POST http://127.0.0.1:4444/wd/hub/session/e00f1c3932fd34e68e20fb8464e8226f/execute - {"script":"return (function getViewportSize() {\n    return {\n        screenWidth: Math.max(document.documentElement.clientWidth, window.innerWidth || 0),\n        screenHeight: Math.max(document.documentElement.clientHeight, window.innerHeight || 0)\n    };\n}).apply(null, arguments)","args":[]}
RESULT: {"sessionId":"e00f1c3932fd34e68e20fb8464e8226f","status":0,"value":{"screenHeight":920,"screenWidth":1000}}
COMMAND: POST http://127.0.0.1:4444/wd/hub/session/e00f1c3932fd34e68e20fb8464e8226f/window/current/size - {"width":1008,"height":1730}
RESULT: {"sessionId":"e00f1c3932fd34e68e20fb8464e8226f","status":0,"value":null}
COMMAND: POST http://127.0.0.1:4444/wd/hub/session/e00f1c3932fd34e68e20fb8464e8226f/execute - {"script":"return (function getViewportSize() {\n    return {\n        screenWidth: Math.max(document.documentElement.clientWidth, window.innerWidth || 0),\n        screenHeight: Math.max(document.documentElement.clientHeight, window.innerHeight || 0)\n    };\n}).apply(null, arguments)","args":[]}
RESULT: {"sessionId":"e00f1c3932fd34e68e20fb8464e8226f","status":0,"value":{"screenHeight":920,"screenWidth":1000}}
COMMAND: GET http://127.0.0.1:4444/wd/hub/session/e00f1c3932fd34e68e20fb8464e8226f/window/current/size - {}
RESULT: {"sessionId":"e00f1c3932fd34e68e20fb8464e8226f","status":0,"value":{"height":1050,"width":1008}}
COMMAND: POST http://127.0.0.1:4444/wd/hub/session/e00f1c3932fd34e68e20fb8464e8226f/execute - {"script":"return (function getViewportSize() {\n    return {\n        screenWidth: Math.max(document.documentElement.clientWidth, window.innerWidth || 0),\n        screenHeight: Math.max(document.documentElement.clientHeight, window.innerHeight || 0)\n    };\n}).apply(null, arguments)","args":[]}
RESULT: {"sessionId":"e00f1c3932fd34e68e20fb8464e8226f","status":0,"value":{"screenHeight":920,"screenWidth":1000}}
COMMAND: POST http://127.0.0.1:4444/wd/hub/session/e00f1c3932fd34e68e20fb8464e8226f/window/current/size - {"width":1008,"height":1730}
RESULT: {"sessionId":"e00f1c3932fd34e68e20fb8464e8226f","status":0,"value":null}
COMMAND: POST http://127.0.0.1:4444/wd/hub/session/e00f1c3932fd34e68e20fb8464e8226f/execute - {"script":"return (function getViewportSize() {\n    return {\n        screenWidth: Math.max(document.documentElement.clientWidth, window.innerWidth || 0),\n        screenHeight: Math.max(document.documentElement.clientHeight, window.innerHeight || 0)\n    };\n}).apply(null, arguments)","args":[]}
RESULT: {"sessionId":"e00f1c3932fd34e68e20fb8464e8226f","status":0,"value":{"screenHeight":920,"screenWidth":1000}}
COMMAND: GET http://127.0.0.1:4444/wd/hub/session/e00f1c3932fd34e68e20fb8464e8226f/window/current/size - {}
RESULT: {"sessionId":"e00f1c3932fd34e68e20fb8464e8226f","status":0,"value":{"height":1050,"width":1008}}
COMMAND: POST http://127.0.0.1:4444/wd/hub/session/e00f1c3932fd34e68e20fb8464e8226f/execute - {"script":"return (function getViewportSize() {\n    return {\n        screenWidth: Math.max(document.documentElement.clientWidth, window.innerWidth || 0),\n        screenHeight: Math.max(document.documentElement.clientHeight, window.innerHeight || 0)\n    };\n}).apply(null, arguments)","args":[]}
RESULT: {"sessionId":"e00f1c3932fd34e68e20fb8464e8226f","status":0,"value":{"screenHeight":920,"screenWidth":1000}}
COMMAND: POST http://127.0.0.1:4444/wd/hub/session/e00f1c3932fd34e68e20fb8464e8226f/window/current/size - {"width":1008,"height":1730}
RESULT: {"sessionId":"e00f1c3932fd34e68e20fb8464e8226f","status":0,"value":null}
COMMAND: POST http://127.0.0.1:4444/wd/hub/session/e00f1c3932fd34e68e20fb8464e8226f/execute - {"script":"return (function getViewportSize() {\n    return {\n        screenWidth: Math.max(document.documentElement.clientWidth, window.innerWidth || 0),\n        screenHeight: Math.max(document.documentElement.clientHeight, window.innerHeight || 0)\n    };\n}).apply(null, arguments)","args":[]}
RESULT: {"sessionId":"e00f1c3932fd34e68e20fb8464e8226f","status":0,"value":{"screenHeight":920,"screenWidth":1000}}
COMMAND: GET http://127.0.0.1:4444/wd/hub/session/e00f1c3932fd34e68e20fb8464e8226f/window/current/size - {}
RESULT: {"sessionId":"e00f1c3932fd34e68e20fb8464e8226f","status":0,"value":{"height":1050,"width":1008}}
COMMAND: POST http://127.0.0.1:4444/wd/hub/session/e00f1c3932fd34e68e20fb8464e8226f/execute - {"script":"return (function getViewportSize() {\n    return {\n        screenWidth: Math.max(document.documentElement.clientWidth, window.innerWidth || 0),\n        screenHeight: Math.max(document.documentElement.clientHeight, window.innerHeight || 0)\n    };\n}).apply(null, arguments)","args":[]}
RESULT: {"sessionId":"e00f1c3932fd34e68e20fb8464e8226f","status":0,"value":{"screenHeight":920,"screenWidth":1000}}
COMMAND: POST http://127.0.0.1:4444/wd/hub/session/e00f1c3932fd34e68e20fb8464e8226f/window/current/size - {"width":1008,"height":1730}
RESULT: {"sessionId":"e00f1c3932fd34e68e20fb8464e8226f","status":0,"value":null}
COMMAND: POST http://127.0.0.1:4444/wd/hub/session/e00f1c3932fd34e68e20fb8464e8226f/execute - {"script":"return (function getViewportSize() {\n    return {\n        screenWidth: Math.max(document.documentElement.clientWidth, window.innerWidth || 0),\n        screenHeight: Math.max(document.documentElement.clientHeight, window.innerHeight || 0)\n    };\n}).apply(null, arguments)","args":[]}
RESULT: {"sessionId":"e00f1c3932fd34e68e20fb8464e8226f","status":0,"value":{"screenHeight":920,"screenWidth":1000}}
COMMAND: GET http://127.0.0.1:4444/wd/hub/session/e00f1c3932fd34e68e20fb8464e8226f/window/current/size - {}
RESULT: {"sessionId":"e00f1c3932fd34e68e20fb8464e8226f","status":0,"value":{"height":1050,"width":1008}}
COMMAND: POST http://127.0.0.1:4444/wd/hub/session/e00f1c3932fd34e68e20fb8464e8226f/execute - {"script":"return (function getViewportSize() {\n    return {\n        screenWidth: Math.max(document.documentElement.clientWidth, window.innerWidth || 0),\n        screenHeight: Math.max(document.documentElement.clientHeight, window.innerHeight || 0)\n    };\n}).apply(null, arguments)","args":[]}
RESULT: {"sessionId":"e00f1c3932fd34e68e20fb8464e8226f","status":0,"value":{"screenHeight":920,"screenWidth":1000}}
COMMAND: POST http://127.0.0.1:4444/wd/hub/session/e00f1c3932fd34e68e20fb8464e8226f/window/current/size - {"width":1008,"height":1730}
RESULT: {"sessionId":"e00f1c3932fd34e68e20fb8464e8226f","status":0,"value":null}
COMMAND: POST http://127.0.0.1:4444/wd/hub/session/e00f1c3932fd34e68e20fb8464e8226f/execute - {"script":"return (function getViewportSize() {\n    return {\n        screenWidth: Math.max(document.documentElement.clientWidth, window.innerWidth || 0),\n        screenHeight: Math.max(document.documentElement.clientHeight, window.innerHeight || 0)\n    };\n}).apply(null, arguments)","args":[]}
RESULT: {"sessionId":"e00f1c3932fd34e68e20fb8464e8226f","status":0,"value":{"screenHeight":920,"screenWidth":1000}}
COMMAND: POST http://127.0.0.1:4444/wd/hub/session/e00f1c3932fd34e68e20fb8464e8226f/element - {"using":"css selector","value":"body"}
RESULT: {"sessionId":"e00f1c3932fd34e68e20fb8464e8226f","status":0,"value":{"ELEMENT":"0.5709386734676396-1"}}
COMMAND: POST http://127.0.0.1:4444/wd/hub/session/e00f1c3932fd34e68e20fb8464e8226f/moveto - {"element":"0.5709386734676396-1","xoffset":0,"yoffset":0}
RESULT: {"sessionId":"e00f1c3932fd34e68e20fb8464e8226f","status":0,"value":null}
COMMAND: POST http://127.0.0.1:4444/wd/hub/session/e00f1c3932fd34e68e20fb8464e8226f/elements - {"using":"css selector","value":".oncoprintLoadingIndicator"}
RESULT: {"sessionId":"e00f1c3932fd34e68e20fb8464e8226f","status":0,"value":[{"ELEMENT":"0.5709386734676396-2"}]}
COMMAND: POST http://127.0.0.1:4444/wd/hub/session/e00f1c3932fd34e68e20fb8464e8226f/elements - {"using":"css selector","value":".oncoprintLoadingIndicator"}
RESULT: {"sessionId":"e00f1c3932fd34e68e20fb8464e8226f","status":0,"value":[]}
COMMAND: POST http://127.0.0.1:4444/wd/hub/session/e00f1c3932fd34e68e20fb8464e8226f/elements - {"using":"css selector","value":"#oncoprintDiv svg rect"}
RESULT: {"sessionId":"e00f1c3932fd34e68e20fb8464e8226f","status":0,"value":[{"ELEMENT":"0.5709386734676396-3"},{"ELEMENT":"0.5709386734676396-4"},{"ELEMENT":"0.5709386734676396-5"},{"ELEMENT":"0.5709386734676396-6"},{"ELEMENT":"0.5709386734676396-7"},{"ELEMENT":"0.5709386734676396-8"},{"ELEMENT":"0.5709386734676396-9"},{"ELEMENT":"0.5709386734676396-10"}]}
COMMAND: POST http://127.0.0.1:4444/wd/hub/session/e00f1c3932fd34e68e20fb8464e8226f/elements - {"using":"css selector","value":".oncoprintContainer"}
RESULT: {"sessionId":"e00f1c3932fd34e68e20fb8464e8226f","status":0,"value":[{"ELEMENT":"0.5709386734676396-11"}]}
COMMAND: GET http://127.0.0.1:4444/wd/hub/session/e00f1c3932fd34e68e20fb8464e8226f/element/0.5709386734676396-11/css/opacity - {}
RESULT: {"sessionId":"e00f1c3932fd34e68e20fb8464e8226f","status":0,"value":"0.173308"}
COMMAND: POST http://127.0.0.1:4444/wd/hub/session/e00f1c3932fd34e68e20fb8464e8226f/elements - {"using":"css selector","value":".oncoprintLoadingIndicator"}
RESULT: {"sessionId":"e00f1c3932fd34e68e20fb8464e8226f","status":0,"value":[]}
COMMAND: POST http://127.0.0.1:4444/wd/hub/session/e00f1c3932fd34e68e20fb8464e8226f/elements - {"using":"css selector","value":"#oncoprintDiv svg rect"}
RESULT: {"sessionId":"e00f1c3932fd34e68e20fb8464e8226f","status":0,"value":[{"ELEMENT":"0.5709386734676396-3"},{"ELEMENT":"0.5709386734676396-4"},{"ELEMENT":"0.5709386734676396-5"},{"ELEMENT":"0.5709386734676396-6"},{"ELEMENT":"0.5709386734676396-7"},{"ELEMENT":"0.5709386734676396-8"},{"ELEMENT":"0.5709386734676396-9"},{"ELEMENT":"0.5709386734676396-10"}]}
COMMAND: POST http://127.0.0.1:4444/wd/hub/session/e00f1c3932fd34e68e20fb8464e8226f/elements - {"using":"css selector","value":".oncoprintContainer"}
RESULT: {"sessionId":"e00f1c3932fd34e68e20fb8464e8226f","status":0,"value":[{"ELEMENT":"0.5709386734676396-11"}]}
COMMAND: GET http://127.0.0.1:4444/wd/hub/session/e00f1c3932fd34e68e20fb8464e8226f/element/0.5709386734676396-11/css/opacity - {}
RESULT: {"sessionId":"e00f1c3932fd34e68e20fb8464e8226f","status":0,"value":"0.984527"}
COMMAND: POST http://127.0.0.1:4444/wd/hub/session/e00f1c3932fd34e68e20fb8464e8226f/elements - {"using":"css selector","value":".oncoprintLoadingIndicator"}
RESULT: {"sessionId":"e00f1c3932fd34e68e20fb8464e8226f","status":0,"value":[]}
COMMAND: POST http://127.0.0.1:4444/wd/hub/session/e00f1c3932fd34e68e20fb8464e8226f/elements - {"using":"css selector","value":"#oncoprintDiv svg rect"}
RESULT: {"sessionId":"e00f1c3932fd34e68e20fb8464e8226f","status":0,"value":[{"ELEMENT":"0.5709386734676396-3"},{"ELEMENT":"0.5709386734676396-4"},{"ELEMENT":"0.5709386734676396-5"},{"ELEMENT":"0.5709386734676396-6"},{"ELEMENT":"0.5709386734676396-7"},{"ELEMENT":"0.5709386734676396-8"},{"ELEMENT":"0.5709386734676396-9"},{"ELEMENT":"0.5709386734676396-10"}]}
COMMAND: POST http://127.0.0.1:4444/wd/hub/session/e00f1c3932fd34e68e20fb8464e8226f/elements - {"using":"css selector","value":".oncoprintContainer"}
RESULT: {"sessionId":"e00f1c3932fd34e68e20fb8464e8226f","status":0,"value":[{"ELEMENT":"0.5709386734676396-11"}]}
COMMAND: GET http://127.0.0.1:4444/wd/hub/session/e00f1c3932fd34e68e20fb8464e8226f/element/0.5709386734676396-11/css/opacity - {}
RESULT: {"sessionId":"e00f1c3932fd34e68e20fb8464e8226f","status":0,"value":"1"}
COMMAND: POST http://127.0.0.1:4444/wd/hub/session/e00f1c3932fd34e68e20fb8464e8226f/element - {"using":"css selector","value":"button[id=heatmapDropdown]"}
RESULT: {"sessionId":"e00f1c3932fd34e68e20fb8464e8226f","status":0,"value":{"ELEMENT":"0.5709386734676396-12"}}
COMMAND: POST http://127.0.0.1:4444/wd/hub/session/e00f1c3932fd34e68e20fb8464e8226f/element/0.5709386734676396-12/click - {}
RESULT: {"sessionId":"e00f1c3932fd34e68e20fb8464e8226f","status":0,"value":null}
COMMAND: POST http://127.0.0.1:4444/wd/hub/session/e00f1c3932fd34e68e20fb8464e8226f/element - {"using":"css selector","value":".oncoprint__controls__heatmap_menu"}
RESULT: {"sessionId":"e00f1c3932fd34e68e20fb8464e8226f","status":0,"value":{"ELEMENT":"0.5709386734676396-13"}}
COMMAND: POST http://127.0.0.1:4444/wd/hub/session/e00f1c3932fd34e68e20fb8464e8226f/element/0.5709386734676396-13/element - {"using":"css selector","value":".Select-control"}
RESULT: {"sessionId":"e00f1c3932fd34e68e20fb8464e8226f","status":0,"value":{"ELEMENT":"0.5709386734676396-14"}}
COMMAND: POST http://127.0.0.1:4444/wd/hub/session/e00f1c3932fd34e68e20fb8464e8226f/element/0.5709386734676396-14/click - {}
RESULT: {"sessionId":"e00f1c3932fd34e68e20fb8464e8226f","status":0,"value":null}
COMMAND: POST http://127.0.0.1:4444/wd/hub/session/e00f1c3932fd34e68e20fb8464e8226f/element/0.5709386734676396-13/element - {"using":"xpath","value":".//*[contains(@class, \"Select-option\") and normalize-space() = \"IC50 values of compounds on cellular phenotype readout\"]"}
RESULT: {"sessionId":"e00f1c3932fd34e68e20fb8464e8226f","status":0,"value":{"ELEMENT":"0.5709386734676396-15"}}
COMMAND: POST http://127.0.0.1:4444/wd/hub/session/e00f1c3932fd34e68e20fb8464e8226f/element/0.5709386734676396-15/click - {}
RESULT: {"sessionId":"e00f1c3932fd34e68e20fb8464e8226f","status":0,"value":null}
COMMAND: POST http://127.0.0.1:4444/wd/hub/session/e00f1c3932fd34e68e20fb8464e8226f/element - {"using":"css selector","value":".oncoprint__controls__heatmap_menu.treatment-selector"}
RESULT: {"message":"no such element: Unable to locate element: {\"method\":\"css selector\",\"selector\":\".oncoprint__controls__heatmap_menu.treatment-selector\"}","type":"RuntimeError","seleniumStack":{"status":7,"type":"NoSuchElement","message":"An element could not be located on the page using the given search parameters.","orgStatusMessage":"no such element: Unable to locate element: {\"method\":\"css selector\",\"selector\":\".oncoprint__controls__heatmap_menu.treatment-selector\"}\n  (Session info: chrome=76.0.3809.100)\n  (Driver info: chromedriver=2.42.591071 (0b695ff80972cc1a65a5cd643186d2ae582cd4ac),platform=Linux 5.0.0-25-generic x86_64)"}}
COMMAND: POST http://127.0.0.1:4444/wd/hub/session/e00f1c3932fd34e68e20fb8464e8226f/execute - {"script":"return (function () {\n\n            Object.keys(window.ajaxRequests).forEach((key)=>{\n                window.ajaxRequests[key].end = Date.now();\n                window.ajaxRequests[key].duration = window.ajaxRequests[key].end - window.ajaxRequests[key].started;\n            });\n\n            return JSON.stringify(window.ajaxRequests);\n\n        }).apply(null, arguments)","args":[]}
RESULT: {"sessionId":"e00f1c3932fd34e68e20fb8464e8226f","status":0,"value":"{}"}
]]>
      </system-out>
    </testcase>
    <testcase classname=".oncoprint_tab" name="adds_icon_when_entering_a_valid_treatment_in_treatment_text_area" time="3.18">
      <system-out>
        <![CDATA[
COMMAND: POST http://127.0.0.1:4444/wd/hub/session/e00f1c3932fd34e68e20fb8464e8226f/url - {"url":"http://localhost:8081/results/oncoprint?Action=Submit&RPPA_SCORE_THRESHOLD=2.0&Z_SCORE_THRESHOLD=2.0&cancer_study_list=study_es_0&case_set_id=study_es_0_all&clinicallist=NUM_SAMPLES_PER_PATIENT%2CPROFILED_IN_study_es_0_mutations%2CPROFILED_IN_study_es_0_gistic&data_priority=0&gene_list=CDKN2A%2520MDM2%2520MDM4%2520TP53&geneset_list=%20&genetic_profile_ids_PROFILE_COPY_NUMBER_ALTERATION=study_es_0_gistic&genetic_profile_ids_PROFILE_MUTATION_EXTENDED=study_es_0_mutations&show_samples=false&tab_index=tab_visualize&localdev=true"}
RESULT: {"sessionId":"e00f1c3932fd34e68e20fb8464e8226f","status":0,"value":null}
COMMAND: GET http://127.0.0.1:4444/wd/hub/session/e00f1c3932fd34e68e20fb8464e8226f/window/current/size - {}
RESULT: {"sessionId":"e00f1c3932fd34e68e20fb8464e8226f","status":0,"value":{"height":1050,"width":1008}}
COMMAND: POST http://127.0.0.1:4444/wd/hub/session/e00f1c3932fd34e68e20fb8464e8226f/execute - {"script":"return (function getViewportSize() {\n    return {\n        screenWidth: Math.max(document.documentElement.clientWidth, window.innerWidth || 0),\n        screenHeight: Math.max(document.documentElement.clientHeight, window.innerHeight || 0)\n    };\n}).apply(null, arguments)","args":[]}
RESULT: {"sessionId":"e00f1c3932fd34e68e20fb8464e8226f","status":0,"value":{"screenHeight":920,"screenWidth":1000}}
COMMAND: POST http://127.0.0.1:4444/wd/hub/session/e00f1c3932fd34e68e20fb8464e8226f/window/current/size - {"width":1008,"height":1730}
RESULT: {"sessionId":"e00f1c3932fd34e68e20fb8464e8226f","status":0,"value":null}
COMMAND: POST http://127.0.0.1:4444/wd/hub/session/e00f1c3932fd34e68e20fb8464e8226f/execute - {"script":"return (function getViewportSize() {\n    return {\n        screenWidth: Math.max(document.documentElement.clientWidth, window.innerWidth || 0),\n        screenHeight: Math.max(document.documentElement.clientHeight, window.innerHeight || 0)\n    };\n}).apply(null, arguments)","args":[]}
RESULT: {"sessionId":"e00f1c3932fd34e68e20fb8464e8226f","status":0,"value":{"screenHeight":1600,"screenWidth":1000}}
COMMAND: POST http://127.0.0.1:4444/wd/hub/session/e00f1c3932fd34e68e20fb8464e8226f/element - {"using":"css selector","value":"body"}
RESULT: {"sessionId":"e00f1c3932fd34e68e20fb8464e8226f","status":0,"value":{"ELEMENT":"0.05576086912980349-1"}}
COMMAND: POST http://127.0.0.1:4444/wd/hub/session/e00f1c3932fd34e68e20fb8464e8226f/moveto - {"element":"0.05576086912980349-1","xoffset":0,"yoffset":0}
RESULT: {"sessionId":"e00f1c3932fd34e68e20fb8464e8226f","status":0,"value":null}
COMMAND: POST http://127.0.0.1:4444/wd/hub/session/e00f1c3932fd34e68e20fb8464e8226f/elements - {"using":"css selector","value":".oncoprintLoadingIndicator"}
RESULT: {"sessionId":"e00f1c3932fd34e68e20fb8464e8226f","status":0,"value":[{"ELEMENT":"0.05576086912980349-2"}]}
COMMAND: POST http://127.0.0.1:4444/wd/hub/session/e00f1c3932fd34e68e20fb8464e8226f/elements - {"using":"css selector","value":".oncoprintLoadingIndicator"}
RESULT: {"sessionId":"e00f1c3932fd34e68e20fb8464e8226f","status":0,"value":[{"ELEMENT":"0.05576086912980349-2"}]}
COMMAND: POST http://127.0.0.1:4444/wd/hub/session/e00f1c3932fd34e68e20fb8464e8226f/elements - {"using":"css selector","value":".oncoprintLoadingIndicator"}
RESULT: {"sessionId":"e00f1c3932fd34e68e20fb8464e8226f","status":0,"value":[{"ELEMENT":"0.05576086912980349-2"}]}
COMMAND: POST http://127.0.0.1:4444/wd/hub/session/e00f1c3932fd34e68e20fb8464e8226f/elements - {"using":"css selector","value":".oncoprintLoadingIndicator"}
RESULT: {"sessionId":"e00f1c3932fd34e68e20fb8464e8226f","status":0,"value":[]}
COMMAND: POST http://127.0.0.1:4444/wd/hub/session/e00f1c3932fd34e68e20fb8464e8226f/elements - {"using":"css selector","value":"#oncoprintDiv svg rect"}
RESULT: {"sessionId":"e00f1c3932fd34e68e20fb8464e8226f","status":0,"value":[{"ELEMENT":"0.05576086912980349-3"},{"ELEMENT":"0.05576086912980349-4"},{"ELEMENT":"0.05576086912980349-5"},{"ELEMENT":"0.05576086912980349-6"},{"ELEMENT":"0.05576086912980349-7"},{"ELEMENT":"0.05576086912980349-8"},{"ELEMENT":"0.05576086912980349-9"},{"ELEMENT":"0.05576086912980349-10"}]}
COMMAND: POST http://127.0.0.1:4444/wd/hub/session/e00f1c3932fd34e68e20fb8464e8226f/elements - {"using":"css selector","value":".oncoprintContainer"}
RESULT: {"sessionId":"e00f1c3932fd34e68e20fb8464e8226f","status":0,"value":[{"ELEMENT":"0.05576086912980349-11"}]}
COMMAND: GET http://127.0.0.1:4444/wd/hub/session/e00f1c3932fd34e68e20fb8464e8226f/element/0.05576086912980349-11/css/opacity - {}
RESULT: {"sessionId":"e00f1c3932fd34e68e20fb8464e8226f","status":0,"value":"0.703016"}
COMMAND: POST http://127.0.0.1:4444/wd/hub/session/e00f1c3932fd34e68e20fb8464e8226f/elements - {"using":"css selector","value":".oncoprintLoadingIndicator"}
RESULT: {"sessionId":"e00f1c3932fd34e68e20fb8464e8226f","status":0,"value":[]}
COMMAND: POST http://127.0.0.1:4444/wd/hub/session/e00f1c3932fd34e68e20fb8464e8226f/elements - {"using":"css selector","value":"#oncoprintDiv svg rect"}
RESULT: {"sessionId":"e00f1c3932fd34e68e20fb8464e8226f","status":0,"value":[{"ELEMENT":"0.05576086912980349-3"},{"ELEMENT":"0.05576086912980349-4"},{"ELEMENT":"0.05576086912980349-5"},{"ELEMENT":"0.05576086912980349-6"},{"ELEMENT":"0.05576086912980349-7"},{"ELEMENT":"0.05576086912980349-8"},{"ELEMENT":"0.05576086912980349-9"},{"ELEMENT":"0.05576086912980349-10"}]}
COMMAND: POST http://127.0.0.1:4444/wd/hub/session/e00f1c3932fd34e68e20fb8464e8226f/elements - {"using":"css selector","value":".oncoprintContainer"}
RESULT: {"sessionId":"e00f1c3932fd34e68e20fb8464e8226f","status":0,"value":[{"ELEMENT":"0.05576086912980349-11"}]}
COMMAND: GET http://127.0.0.1:4444/wd/hub/session/e00f1c3932fd34e68e20fb8464e8226f/element/0.05576086912980349-11/css/opacity - {}
RESULT: {"sessionId":"e00f1c3932fd34e68e20fb8464e8226f","status":0,"value":"1"}
COMMAND: POST http://127.0.0.1:4444/wd/hub/session/e00f1c3932fd34e68e20fb8464e8226f/element - {"using":"css selector","value":"button[id=heatmapDropdown]"}
RESULT: {"sessionId":"e00f1c3932fd34e68e20fb8464e8226f","status":0,"value":{"ELEMENT":"0.05576086912980349-12"}}
COMMAND: POST http://127.0.0.1:4444/wd/hub/session/e00f1c3932fd34e68e20fb8464e8226f/element/0.05576086912980349-12/click - {}
RESULT: {"sessionId":"e00f1c3932fd34e68e20fb8464e8226f","status":0,"value":null}
COMMAND: POST http://127.0.0.1:4444/wd/hub/session/e00f1c3932fd34e68e20fb8464e8226f/element - {"using":"css selector","value":".oncoprint__controls__heatmap_menu"}
RESULT: {"sessionId":"e00f1c3932fd34e68e20fb8464e8226f","status":0,"value":{"ELEMENT":"0.05576086912980349-13"}}
COMMAND: POST http://127.0.0.1:4444/wd/hub/session/e00f1c3932fd34e68e20fb8464e8226f/element/0.05576086912980349-13/element - {"using":"css selector","value":".Select-control"}
RESULT: {"sessionId":"e00f1c3932fd34e68e20fb8464e8226f","status":0,"value":{"ELEMENT":"0.05576086912980349-14"}}
COMMAND: POST http://127.0.0.1:4444/wd/hub/session/e00f1c3932fd34e68e20fb8464e8226f/element/0.05576086912980349-14/click - {}
RESULT: {"sessionId":"e00f1c3932fd34e68e20fb8464e8226f","status":0,"value":null}
COMMAND: POST http://127.0.0.1:4444/wd/hub/session/e00f1c3932fd34e68e20fb8464e8226f/element/0.05576086912980349-13/element - {"using":"xpath","value":".//*[contains(@class, \"Select-option\") and normalize-space() = \"IC50 values of compounds on cellular phenotype readout\"]"}
RESULT: {"sessionId":"e00f1c3932fd34e68e20fb8464e8226f","status":0,"value":{"ELEMENT":"0.05576086912980349-15"}}
COMMAND: POST http://127.0.0.1:4444/wd/hub/session/e00f1c3932fd34e68e20fb8464e8226f/element/0.05576086912980349-15/click - {}
RESULT: {"sessionId":"e00f1c3932fd34e68e20fb8464e8226f","status":0,"value":null}
COMMAND: POST http://127.0.0.1:4444/wd/hub/session/e00f1c3932fd34e68e20fb8464e8226f/element - {"using":"css selector","value":".oncoprint__controls__heatmap_menu textarea"}
RESULT: {"sessionId":"e00f1c3932fd34e68e20fb8464e8226f","status":0,"value":{"ELEMENT":"0.05576086912980349-16"}}
COMMAND: POST http://127.0.0.1:4444/wd/hub/session/e00f1c3932fd34e68e20fb8464e8226f/element/0.05576086912980349-16/clear - {}
RESULT: {"sessionId":"e00f1c3932fd34e68e20fb8464e8226f","status":0,"value":null}
COMMAND: POST http://127.0.0.1:4444/wd/hub/session/e00f1c3932fd34e68e20fb8464e8226f/element/0.05576086912980349-16/value - {"value":["1","7","-","A","A","G"],"text":"17-AAG"}
RESULT: {"sessionId":"e00f1c3932fd34e68e20fb8464e8226f","status":0,"value":null}
COMMAND: POST http://127.0.0.1:4444/wd/hub/session/e00f1c3932fd34e68e20fb8464e8226f/element - {"using":"xpath","value":"//div[contains(@class, \"icon\") and contains(., \"17-AAG\")]"}
RESULT: {"sessionId":"e00f1c3932fd34e68e20fb8464e8226f","status":0,"value":{"ELEMENT":"0.05576086912980349-17"}}
COMMAND: POST http://127.0.0.1:4444/wd/hub/session/e00f1c3932fd34e68e20fb8464e8226f/elements - {"using":"xpath","value":"//div[contains(@class, \"icon\") and contains(., \"17-AAG\")]"}
RESULT: {"sessionId":"e00f1c3932fd34e68e20fb8464e8226f","status":0,"value":[{"ELEMENT":"0.05576086912980349-17"}]}
COMMAND: POST http://127.0.0.1:4444/wd/hub/session/e00f1c3932fd34e68e20fb8464e8226f/element - {"using":"xpath","value":"//div[contains(@class, \"icon\") and contains(., \"17-AAG\")]"}
RESULT: {"sessionId":"e00f1c3932fd34e68e20fb8464e8226f","status":0,"value":{"ELEMENT":"0.05576086912980349-17"}}
COMMAND: POST http://127.0.0.1:4444/wd/hub/session/e00f1c3932fd34e68e20fb8464e8226f/execute - {"script":"return (function () {\n\n            Object.keys(window.ajaxRequests).forEach((key)=>{\n                window.ajaxRequests[key].end = Date.now();\n                window.ajaxRequests[key].duration = window.ajaxRequests[key].end - window.ajaxRequests[key].started;\n            });\n\n            return JSON.stringify(window.ajaxRequests);\n\n        }).apply(null, arguments)","args":[]}
RESULT: {"sessionId":"e00f1c3932fd34e68e20fb8464e8226f","status":0,"value":"{}"}
]]>
      </system-out>
    </testcase>
    <testcase classname=".oncoprint_tab" name="click_of_icon_remove_button_removes_icon" time="4.295">
      <system-out>
        <![CDATA[
COMMAND: POST http://127.0.0.1:4444/wd/hub/session/e00f1c3932fd34e68e20fb8464e8226f/url - {"url":"http://localhost:8081/results/oncoprint?Action=Submit&RPPA_SCORE_THRESHOLD=2.0&Z_SCORE_THRESHOLD=2.0&cancer_study_list=study_es_0&case_set_id=study_es_0_all&clinicallist=NUM_SAMPLES_PER_PATIENT%2CPROFILED_IN_study_es_0_mutations%2CPROFILED_IN_study_es_0_gistic&data_priority=0&gene_list=CDKN2A%2520MDM2%2520MDM4%2520TP53&geneset_list=%20&genetic_profile_ids_PROFILE_COPY_NUMBER_ALTERATION=study_es_0_gistic&genetic_profile_ids_PROFILE_MUTATION_EXTENDED=study_es_0_mutations&show_samples=false&tab_index=tab_visualize&localdev=true"}
RESULT: {"sessionId":"e00f1c3932fd34e68e20fb8464e8226f","status":0,"value":null}
COMMAND: GET http://127.0.0.1:4444/wd/hub/session/e00f1c3932fd34e68e20fb8464e8226f/window/current/size - {}
RESULT: {"sessionId":"e00f1c3932fd34e68e20fb8464e8226f","status":0,"value":{"height":1050,"width":1008}}
COMMAND: POST http://127.0.0.1:4444/wd/hub/session/e00f1c3932fd34e68e20fb8464e8226f/execute - {"script":"return (function getViewportSize() {\n    return {\n        screenWidth: Math.max(document.documentElement.clientWidth, window.innerWidth || 0),\n        screenHeight: Math.max(document.documentElement.clientHeight, window.innerHeight || 0)\n    };\n}).apply(null, arguments)","args":[]}
RESULT: {"sessionId":"e00f1c3932fd34e68e20fb8464e8226f","status":0,"value":{"screenHeight":920,"screenWidth":1000}}
COMMAND: POST http://127.0.0.1:4444/wd/hub/session/e00f1c3932fd34e68e20fb8464e8226f/window/current/size - {"width":1008,"height":1730}
RESULT: {"sessionId":"e00f1c3932fd34e68e20fb8464e8226f","status":0,"value":null}
COMMAND: POST http://127.0.0.1:4444/wd/hub/session/e00f1c3932fd34e68e20fb8464e8226f/execute - {"script":"return (function getViewportSize() {\n    return {\n        screenWidth: Math.max(document.documentElement.clientWidth, window.innerWidth || 0),\n        screenHeight: Math.max(document.documentElement.clientHeight, window.innerHeight || 0)\n    };\n}).apply(null, arguments)","args":[]}
RESULT: {"sessionId":"e00f1c3932fd34e68e20fb8464e8226f","status":0,"value":{"screenHeight":1600,"screenWidth":1000}}
COMMAND: POST http://127.0.0.1:4444/wd/hub/session/e00f1c3932fd34e68e20fb8464e8226f/element - {"using":"css selector","value":"body"}
RESULT: {"sessionId":"e00f1c3932fd34e68e20fb8464e8226f","status":0,"value":{"ELEMENT":"0.7894351254571421-1"}}
COMMAND: POST http://127.0.0.1:4444/wd/hub/session/e00f1c3932fd34e68e20fb8464e8226f/moveto - {"element":"0.7894351254571421-1","xoffset":0,"yoffset":0}
RESULT: {"sessionId":"e00f1c3932fd34e68e20fb8464e8226f","status":0,"value":null}
COMMAND: POST http://127.0.0.1:4444/wd/hub/session/e00f1c3932fd34e68e20fb8464e8226f/elements - {"using":"css selector","value":".oncoprintLoadingIndicator"}
RESULT: {"sessionId":"e00f1c3932fd34e68e20fb8464e8226f","status":0,"value":[{"ELEMENT":"0.7894351254571421-2"}]}
COMMAND: POST http://127.0.0.1:4444/wd/hub/session/e00f1c3932fd34e68e20fb8464e8226f/elements - {"using":"css selector","value":".oncoprintLoadingIndicator"}
RESULT: {"sessionId":"e00f1c3932fd34e68e20fb8464e8226f","status":0,"value":[{"ELEMENT":"0.7894351254571421-2"}]}
COMMAND: POST http://127.0.0.1:4444/wd/hub/session/e00f1c3932fd34e68e20fb8464e8226f/elements - {"using":"css selector","value":".oncoprintLoadingIndicator"}
RESULT: {"sessionId":"e00f1c3932fd34e68e20fb8464e8226f","status":0,"value":[{"ELEMENT":"0.7894351254571421-2"}]}
COMMAND: POST http://127.0.0.1:4444/wd/hub/session/e00f1c3932fd34e68e20fb8464e8226f/elements - {"using":"css selector","value":".oncoprintLoadingIndicator"}
RESULT: {"sessionId":"e00f1c3932fd34e68e20fb8464e8226f","status":0,"value":[]}
COMMAND: POST http://127.0.0.1:4444/wd/hub/session/e00f1c3932fd34e68e20fb8464e8226f/elements - {"using":"css selector","value":"#oncoprintDiv svg rect"}
RESULT: {"sessionId":"e00f1c3932fd34e68e20fb8464e8226f","status":0,"value":[{"ELEMENT":"0.7894351254571421-3"},{"ELEMENT":"0.7894351254571421-4"},{"ELEMENT":"0.7894351254571421-5"},{"ELEMENT":"0.7894351254571421-6"},{"ELEMENT":"0.7894351254571421-7"},{"ELEMENT":"0.7894351254571421-8"},{"ELEMENT":"0.7894351254571421-9"},{"ELEMENT":"0.7894351254571421-10"}]}
COMMAND: POST http://127.0.0.1:4444/wd/hub/session/e00f1c3932fd34e68e20fb8464e8226f/elements - {"using":"css selector","value":".oncoprintContainer"}
RESULT: {"sessionId":"e00f1c3932fd34e68e20fb8464e8226f","status":0,"value":[{"ELEMENT":"0.7894351254571421-11"}]}
COMMAND: GET http://127.0.0.1:4444/wd/hub/session/e00f1c3932fd34e68e20fb8464e8226f/element/0.7894351254571421-11/css/opacity - {}
RESULT: {"sessionId":"e00f1c3932fd34e68e20fb8464e8226f","status":0,"value":"0.404923"}
COMMAND: POST http://127.0.0.1:4444/wd/hub/session/e00f1c3932fd34e68e20fb8464e8226f/elements - {"using":"css selector","value":".oncoprintLoadingIndicator"}
RESULT: {"sessionId":"e00f1c3932fd34e68e20fb8464e8226f","status":0,"value":[]}
COMMAND: POST http://127.0.0.1:4444/wd/hub/session/e00f1c3932fd34e68e20fb8464e8226f/elements - {"using":"css selector","value":"#oncoprintDiv svg rect"}
RESULT: {"sessionId":"e00f1c3932fd34e68e20fb8464e8226f","status":0,"value":[{"ELEMENT":"0.7894351254571421-3"},{"ELEMENT":"0.7894351254571421-4"},{"ELEMENT":"0.7894351254571421-5"},{"ELEMENT":"0.7894351254571421-6"},{"ELEMENT":"0.7894351254571421-7"},{"ELEMENT":"0.7894351254571421-8"},{"ELEMENT":"0.7894351254571421-9"},{"ELEMENT":"0.7894351254571421-10"}]}
COMMAND: POST http://127.0.0.1:4444/wd/hub/session/e00f1c3932fd34e68e20fb8464e8226f/elements - {"using":"css selector","value":".oncoprintContainer"}
RESULT: {"sessionId":"e00f1c3932fd34e68e20fb8464e8226f","status":0,"value":[{"ELEMENT":"0.7894351254571421-11"}]}
COMMAND: GET http://127.0.0.1:4444/wd/hub/session/e00f1c3932fd34e68e20fb8464e8226f/element/0.7894351254571421-11/css/opacity - {}
RESULT: {"sessionId":"e00f1c3932fd34e68e20fb8464e8226f","status":0,"value":"1"}
[...]
RESULT: {"sessionId":"e00f1c3932fd34e68e20fb8464e8226f","status":0,"value":{"screenHeight":920,"screenWidth":1600}}
COMMAND: POST http://127.0.0.1:4444/wd/hub/session/e00f1c3932fd34e68e20fb8464e8226f/window/current/size - {"width":1608,"height":1130}
RESULT: {"sessionId":"e00f1c3932fd34e68e20fb8464e8226f","status":0,"value":null}
COMMAND: POST http://127.0.0.1:4444/wd/hub/session/e00f1c3932fd34e68e20fb8464e8226f/execute - {"script":"return (function getViewportSize() {\n    return {\n        screenWidth: Math.max(document.documentElement.clientWidth, window.innerWidth || 0),\n        screenHeight: Math.max(document.documentElement.clientHeight, window.innerHeight || 0)\n    };\n}).apply(null, arguments)","args":[]}
RESULT: {"sessionId":"e00f1c3932fd34e68e20fb8464e8226f","status":0,"value":{"screenHeight":920,"screenWidth":1600}}
COMMAND: GET http://127.0.0.1:4444/wd/hub/session/e00f1c3932fd34e68e20fb8464e8226f/window/current/size - {}
RESULT: {"sessionId":"e00f1c3932fd34e68e20fb8464e8226f","status":0,"value":{"height":1050,"width":1608}}
COMMAND: POST http://127.0.0.1:4444/wd/hub/session/e00f1c3932fd34e68e20fb8464e8226f/execute - {"script":"return (function getViewportSize() {\n    return {\n        screenWidth: Math.max(document.documentElement.clientWidth, window.innerWidth || 0),\n        screenHeight: Math.max(document.documentElement.clientHeight, window.innerHeight || 0)\n    };\n}).apply(null, arguments)","args":[]}
RESULT: {"sessionId":"e00f1c3932fd34e68e20fb8464e8226f","status":0,"value":{"screenHeight":920,"screenWidth":1600}}
COMMAND: POST http://127.0.0.1:4444/wd/hub/session/e00f1c3932fd34e68e20fb8464e8226f/window/current/size - {"width":1608,"height":1130}
RESULT: {"sessionId":"e00f1c3932fd34e68e20fb8464e8226f","status":0,"value":null}
COMMAND: POST http://127.0.0.1:4444/wd/hub/session/e00f1c3932fd34e68e20fb8464e8226f/execute - {"script":"return (function getViewportSize() {\n    return {\n        screenWidth: Math.max(document.documentElement.clientWidth, window.innerWidth || 0),\n        screenHeight: Math.max(document.documentElement.clientHeight, window.innerHeight || 0)\n    };\n}).apply(null, arguments)","args":[]}
RESULT: {"sessionId":"e00f1c3932fd34e68e20fb8464e8226f","status":0,"value":{"screenHeight":920,"screenWidth":1600}}
COMMAND: GET http://127.0.0.1:4444/wd/hub/session/e00f1c3932fd34e68e20fb8464e8226f/window/current/size - {}
RESULT: {"sessionId":"e00f1c3932fd34e68e20fb8464e8226f","status":0,"value":{"height":1050,"width":1608}}
COMMAND: POST http://127.0.0.1:4444/wd/hub/session/e00f1c3932fd34e68e20fb8464e8226f/execute - {"script":"return (function getViewportSize() {\n    return {\n        screenWidth: Math.max(document.documentElement.clientWidth, window.innerWidth || 0),\n        screenHeight: Math.max(document.documentElement.clientHeight, window.innerHeight || 0)\n    };\n}).apply(null, arguments)","args":[]}
RESULT: {"sessionId":"e00f1c3932fd34e68e20fb8464e8226f","status":0,"value":{"screenHeight":920,"screenWidth":1600}}
COMMAND: POST http://127.0.0.1:4444/wd/hub/session/e00f1c3932fd34e68e20fb8464e8226f/window/current/size - {"width":1608,"height":1130}
RESULT: {"sessionId":"e00f1c3932fd34e68e20fb8464e8226f","status":0,"value":null}
COMMAND: POST http://127.0.0.1:4444/wd/hub/session/e00f1c3932fd34e68e20fb8464e8226f/execute - {"script":"return (function getViewportSize() {\n    return {\n        screenWidth: Math.max(document.documentElement.clientWidth, window.innerWidth || 0),\n        screenHeight: Math.max(document.documentElement.clientHeight, window.innerHeight || 0)\n    };\n}).apply(null, arguments)","args":[]}
RESULT: {"sessionId":"e00f1c3932fd34e68e20fb8464e8226f","status":0,"value":{"screenHeight":920,"screenWidth":1600}}
COMMAND: POST http://127.0.0.1:4444/wd/hub/session/e00f1c3932fd34e68e20fb8464e8226f/execute - {"script":"return (function scrollbars(enabled) {\n  if (enabled) {\n    document.documentElement.style.overflow = '';\n  } else {\n    document.documentElement.style.overflow = 'hidden';\n  }\n}).apply(null, arguments)","args":[false]}
RESULT: {"sessionId":"e00f1c3932fd34e68e20fb8464e8226f","status":0,"value":null}
COMMAND: POST http://127.0.0.1:4444/wd/hub/session/e00f1c3932fd34e68e20fb8464e8226f/execute - {"script":"return (function triggerResize() {\n  var evt = window.document.createEvent('UIEvents');\n  evt.initUIEvent('resize', true, false, window, 0);\n  window.dispatchEvent(evt);\n}).apply(null, arguments)","args":[]}
RESULT: {"sessionId":"e00f1c3932fd34e68e20fb8464e8226f","status":0,"value":null}
COMMAND: POST http://127.0.0.1:4444/wd/hub/session/e00f1c3932fd34e68e20fb8464e8226f/execute - {"script":"return (function scroll(x, y) {\n  window.scrollTo(x, y);\n}).apply(null, arguments)","args":[0,0]}
RESULT: {"sessionId":"e00f1c3932fd34e68e20fb8464e8226f","status":0,"value":null}
COMMAND: POST http://127.0.0.1:4444/wd/hub/session/e00f1c3932fd34e68e20fb8464e8226f/execute - {"script":"return !!document.evaluate;","args":[]}
RESULT: {"sessionId":"e00f1c3932fd34e68e20fb8464e8226f","status":0,"value":true}
COMMAND: POST http://127.0.0.1:4444/wd/hub/session/e00f1c3932fd34e68e20fb8464e8226f/execute - {"script":"return (function executeClientSide(fn, sArr, args) {  var cb = arguments[arguments.length - 1];  var i = 0;  var sArgs = [];  var use, value, xp, cs, tn, res, j, arg;   if (typeof document.querySelect ... (2016 more bytes)","args":[]}
RESULT: {"sessionId":"e00f1c3932fd34e68e20fb8464e8226f","status":0,"value":[{"bottom":695.15625,"left":174.078125,"right":581.078125,"top":659.15625}]}
COMMAND: POST http://127.0.0.1:4444/wd/hub/session/e00f1c3932fd34e68e20fb8464e8226f/execute - {"script":"return (function getScreenDimension() {\n\n  var body = document.body;\n  var html = document.documentElement;\n\n  return {\n    window: {\n      innerWidth: window.innerWidth,\n      innerHeight: window.innerHeight,\n      pixelRatio: typeof window.devicePixelRatio === 'undefined' ? 1 : window.devicePixelRatio,\n      orientation: typeof window.orientation === 'undefined' ? 0 : Math.abs(window.orientation),\n      screenWidth: window.screen.width,\n      screenHeight: window.screen.height\n    },\n    body: {\n      scrollHeight: body.scrollHeight,\n      offsetHeight: body.offsetHeight\n    },\n    html: {\n      clientWidth: html.clientWidth,\n      scrollWidth: html.scrollWidth,\n      clientHeight: html.clientHeight,\n      scrollHeight: html.scrollHeight,\n      offsetHeight: html.offsetHeight\n    }\n  };\n}).apply(null, arguments)","args":[]}
RESULT: {"sessionId":"e00f1c3932fd34e68e20fb8464e8226f","status":0,"value":{"body":{"offsetHeight":916,"scrollHeight":1010},"html":{"clientHeight":920,"clientWidth":1600,"offsetHeight":916,"scrollHeight":1010,"scrollWidth":1600},"window":{"innerHeight":920,"innerWidth":1600,"orientation":0,"pixelRatio":2,"screenHeight":1080,"screenWidth":1920}}}
COMMAND: POST http://127.0.0.1:4444/wd/hub/session/e00f1c3932fd34e68e20fb8464e8226f/execute - {"script":"return (function pageHeight(height) {\n  document.body.style.height = height;\n}).apply(null, arguments)","args":["1010px"]}
RESULT: {"sessionId":"e00f1c3932fd34e68e20fb8464e8226f","status":0,"value":null}
COMMAND: POST http://127.0.0.1:4444/wd/hub/session/e00f1c3932fd34e68e20fb8464e8226f/execute - {"script":"return (function virtualScroll(x, y, remove) {\n  var w = x === 0 ? 0 : -1 * x;\n  var h = y === 0 ? 0 : -1 * y;\n\n  var translate = remove ? 'none' : 'translate(' + w + 'px,' + h + 'px)';\n  var html = document.documentElement;\n\n  html.style.webkitTransform = translate;\n  html.style.mozTransform = translate;\n  html.style.msTransform = translate;\n  html.style.oTransform = translate;\n  html.style.transform = translate;\n}).apply(null, arguments)","args":[174.078125,659.15625,false]}
RESULT: {"sessionId":"e00f1c3932fd34e68e20fb8464e8226f","status":0,"value":null}
COMMAND: GET http://127.0.0.1:4444/wd/hub/session/e00f1c3932fd34e68e20fb8464e8226f/screenshot - {}
RESULT: {"sessionId":"e00f1c3932fd34e68e20fb8464e8226f","status":0,"value":"[base64] 206060 bytes"}
COMMAND: POST http://127.0.0.1:4444/wd/hub/session/e00f1c3932fd34e68e20fb8464e8226f/execute - {"script":"return (function pageHeight(height) {\n  document.body.style.height = height;\n}).apply(null, arguments)","args":[""]}
RESULT: {"sessionId":"e00f1c3932fd34e68e20fb8464e8226f","status":0,"value":null}
COMMAND: POST http://127.0.0.1:4444/wd/hub/session/e00f1c3932fd34e68e20fb8464e8226f/execute - {"script":"return (function virtualScroll(x, y, remove) {\n  var w = x === 0 ? 0 : -1 * x;\n  var h = y === 0 ? 0 : -1 * y;\n\n  var translate = remove ? 'none' : 'translate(' + w + 'px,' + h + 'px)';\n  var html = document.documentElement;\n\n  html.style.webkitTransform = translate;\n  html.style.mozTransform = translate;\n  html.style.msTransform = translate;\n  html.style.oTransform = translate;\n  html.style.transform = translate;\n}).apply(null, arguments)","args":[0,0,true]}
RESULT: {"sessionId":"e00f1c3932fd34e68e20fb8464e8226f","status":0,"value":null}
COMMAND: POST http://127.0.0.1:4444/wd/hub/session/e00f1c3932fd34e68e20fb8464e8226f/execute - {"script":"return (function scrollbars(enabled) {\n  if (enabled) {\n    document.documentElement.style.overflow = '';\n  } else {\n    document.documentElement.style.overflow = 'hidden';\n  }\n}).apply(null, arguments)","args":[true]}
RESULT: {"sessionId":"e00f1c3932fd34e68e20fb8464e8226f","status":0,"value":null}
COMMAND: POST http://127.0.0.1:4444/wd/hub/session/e00f1c3932fd34e68e20fb8464e8226f/execute - {"script":"return (function () {\n\n            Object.keys(window.ajaxRequests).forEach((key)=>{\n                window.ajaxRequests[key].end = Date.now();\n                window.ajaxRequests[key].duration = window.ajaxRequests[key].end - window.ajaxRequests[key].started;\n            });\n\n            return JSON.stringify(window.ajaxRequests);\n\n        }).apply(null, arguments)","args":[]}
RESULT: {"sessionId":"e00f1c3932fd34e68e20fb8464e8226f","status":0,"value":"{}"}
]]>
      </system-out>
      <system-err>
        <![CDATA[
AssertionError [ERR_ASSERTION]: false == true
    at assertScreenShotMatch (/home/pnp300/git/cbioportal-frontend/end-to-end-test/shared/lib/testUtils.js:7:9)
    at Context.it (/home/pnp300/git/cbioportal-frontend/end-to-end-test/local/specs/treatment.screenshot.spec.js:41:13)
    at new Promise (<anonymous>)
    at new F (/home/pnp300/git/cbioportal-frontend/end-to-end-test/node_modules/core-js/library/modules/_export.js:35:28)
]]>
      </system-err>
    </testcase>
  </testsuite>
  <testsuite name="plots_tab" timestamp="2019-08-24T07:28:25" time="1.662" tests="2" failures="0" errors="1" skipped="0">
    <properties>
      <property name="specId" value="2e9d0b035b8b9cb3c01735ae2c96c7f8"/>
      <property name="suiteName" value="plots tab"/>
      <property name="capabilities" value=""/>
      <property name="file" value="./local/specs/treatment.screenshot.spec.js"/>
    </properties>
    <testcase classname=".plots_tab" name="shows_value_8_00_in_figure_legend_and_indicates_sub_threshold_data_points_in_plot" time="74.749">
      <system-out>
        <![CDATA[
COMMAND: POST http://127.0.0.1:4444/wd/hub/session/e00f1c3932fd34e68e20fb8464e8226f/url - {"url":"http://localhost:8081/results/plots?Action=Submit&RPPA_SCORE_THRESHOLD=2.0&Z_SCORE_THRESHOLD=2.0&cancer_study_list=study_es_0&case_set_id=study_es_0_cnaseq&clinicallist=PROFILED_IN_study_es_0_mutations%2CPROFILED_IN_study_es_0_gistic&data_priority=0&gene_list=CDKN2A%2520MDM2%2520MDM4%2520TP53&geneset_list=%20&genetic_profile_ids_PROFILE_COPY_NUMBER_ALTERATION=study_es_0_gistic&genetic_profile_ids_PROFILE_MUTATION_EXTENDED=study_es_0_mutations&show_samples=false&tab_index=tab_visualize&treatment_list=17-AAG%3BAEW541&localdev=true"}
RESULT: {"sessionId":"e00f1c3932fd34e68e20fb8464e8226f","status":0,"value":null}
COMMAND: GET http://127.0.0.1:4444/wd/hub/session/e00f1c3932fd34e68e20fb8464e8226f/window/current/size - {}
RESULT: {"sessionId":"e00f1c3932fd34e68e20fb8464e8226f","status":0,"value":{"height":1050,"width":1608}}
COMMAND: POST http://127.0.0.1:4444/wd/hub/session/e00f1c3932fd34e68e20fb8464e8226f/execute - {"script":"return (function getViewportSize() {\n    return {\n        screenWidth: Math.max(document.documentElement.clientWidth, window.innerWidth || 0),\n        screenHeight: Math.max(document.documentElement.clientHeight, window.innerHeight || 0)\n    };\n}).apply(null, arguments)","args":[]}
RESULT: {"sessionId":"e00f1c3932fd34e68e20fb8464e8226f","status":0,"value":{"screenHeight":920,"screenWidth":1600}}
COMMAND: POST http://127.0.0.1:4444/wd/hub/session/e00f1c3932fd34e68e20fb8464e8226f/window/current/size - {"width":1008,"height":1730}
RESULT: {"sessionId":"e00f1c3932fd34e68e20fb8464e8226f","status":0,"value":null}
COMMAND: POST http://127.0.0.1:4444/wd/hub/session/e00f1c3932fd34e68e20fb8464e8226f/execute - {"script":"return (function getViewportSize() {\n    return {\n        screenWidth: Math.max(document.documentElement.clientWidth, window.innerWidth || 0),\n        screenHeight: Math.max(document.documentElement.clientHeight, window.innerHeight || 0)\n    };\n}).apply(null, arguments)","args":[]}
RESULT: {"sessionId":"e00f1c3932fd34e68e20fb8464e8226f","status":0,"value":{"screenHeight":1600,"screenWidth":1000}}
COMMAND: POST http://127.0.0.1:4444/wd/hub/session/e00f1c3932fd34e68e20fb8464e8226f/element - {"using":"css selector","value":"body"}
RESULT: {"sessionId":"e00f1c3932fd34e68e20fb8464e8226f","status":0,"value":{"ELEMENT":"0.7894037641430278-1"}}
COMMAND: POST http://127.0.0.1:4444/wd/hub/session/e00f1c3932fd34e68e20fb8464e8226f/moveto - {"element":"0.7894037641430278-1","xoffset":0,"yoffset":0}
RESULT: {"sessionId":"e00f1c3932fd34e68e20fb8464e8226f","status":0,"value":null}
COMMAND: POST http://127.0.0.1:4444/wd/hub/session/e00f1c3932fd34e68e20fb8464e8226f/element - {"using":"css selector","value":"div.axisBlock"}
RESULT: {"message":"no such element: Unable to locate element: {\"method\":\"css selector\",\"selector\":\"div.axisBlock\"}","type":"RuntimeError","seleniumStack":{"status":7,"type":"NoSuchElement","message":"An element could not be located on the page using the given search parameters.","orgStatusMessage":"no such element: Unable to locate element: {\"method\":\"css selector\",\"selector\":\"div.axisBlock\"}\n  (Session info: chrome=76.0.3809.100)\n  (Driver info: chromedriver=2.42.591071 (0b695ff80972cc1a65a5cd643186d2ae582cd4ac),platform=Linux 5.0.0-25-generic x86_64)"}}
COMMAND: POST http://127.0.0.1:4444/wd/hub/session/e00f1c3932fd34e68e20fb8464e8226f/elements - {"using":"css selector","value":"div.axisBlock"}
RESULT: {"sessionId":"e00f1c3932fd34e68e20fb8464e8226f","status":0,"value":[]}
COMMAND: POST http://127.0.0.1:4444/wd/hub/session/e00f1c3932fd34e68e20fb8464e8226f/elements - {"using":"css selector","value":"div.axisBlock"}
RESULT: {"sessionId":"e00f1c3932fd34e68e20fb8464e8226f","status":0,"value":[{"ELEMENT":"0.7894037641430278-2"},{"ELEMENT":"0.7894037641430278-3"}]}
COMMAND: GET http://127.0.0.1:4444/wd/hub/session/e00f1c3932fd34e68e20fb8464e8226f/element/0.7894037641430278-2/displayed - {}
COMMAND: GET http://127.0.0.1:4444/wd/hub/session/e00f1c3932fd34e68e20fb8464e8226f/element/0.7894037641430278-3/displayed - {}
RESULT: {"sessionId":"e00f1c3932fd34e68e20fb8464e8226f","status":0,"value":true}
RESULT: {"sessionId":"e00f1c3932fd34e68e20fb8464e8226f","status":0,"value":true}
COMMAND: POST http://127.0.0.1:4444/wd/hub/session/e00f1c3932fd34e68e20fb8464e8226f/element - {"using":"css selector","value":"[name=h-profile-type-selector]"}
RESULT: {"sessionId":"e00f1c3932fd34e68e20fb8464e8226f","status":0,"value":{"ELEMENT":"0.7894037641430278-4"}}
COMMAND: POST http://127.0.0.1:4444/wd/hub/session/e00f1c3932fd34e68e20fb8464e8226f/element/0.7894037641430278-4/element - {"using":"xpath","value":".."}
RESULT: {"sessionId":"e00f1c3932fd34e68e20fb8464e8226f","status":0,"value":{"ELEMENT":"0.7894037641430278-5"}}
COMMAND: POST http://127.0.0.1:4444/wd/hub/session/e00f1c3932fd34e68e20fb8464e8226f/element/0.7894037641430278-5/element - {"using":"css selector","value":".Select-control"}
RESULT: {"sessionId":"e00f1c3932fd34e68e20fb8464e8226f","status":0,"value":{"ELEMENT":"0.7894037641430278-6"}}
COMMAND: POST http://127.0.0.1:4444/wd/hub/session/e00f1c3932fd34e68e20fb8464e8226f/element/0.7894037641430278-6/click - {}
RESULT: {"sessionId":"e00f1c3932fd34e68e20fb8464e8226f","status":0,"value":null}
COMMAND: POST http://127.0.0.1:4444/wd/hub/session/e00f1c3932fd34e68e20fb8464e8226f/element/0.7894037641430278-5/element - {"using":"xpath","value":".//*[contains(@class, \"Select-option\") and normalize-space() = \"Treatment\"]"}
RESULT: {"sessionId":"e00f1c3932fd34e68e20fb8464e8226f","status":0,"value":{"ELEMENT":"0.7894037641430278-7"}}
COMMAND: POST http://127.0.0.1:4444/wd/hub/session/e00f1c3932fd34e68e20fb8464e8226f/element/0.7894037641430278-7/click - {}
RESULT: {"message":"unknown error: Element <div class=\"Select-option\" role=\"option\" aria-label=\"...\" id=\"react-select-2--option-3\">Treatment</div> is not clickable at point (153, 604). Other element would receive the click: <div class=\"Select-option\" role=\"option\" aria-label=\"...\" id=\"react-select-2--option-2\">Gene Sets</div>","type":"RuntimeError","seleniumStack":{"status":13,"type":"UnknownError","message":"An unknown server-side error occurred while processing the command.","orgStatusMessage":"unknown error: Element <div class=\"Select-option\" role=\"option\" aria-label=\"...\" id=\"react-select-2--option-3\">Treatment</div> is not clickable at point (153, 604). Other element would receive the click: <div class=\"Select-option\" role=\"option\" aria-label=\"...\" id=\"react-select-2--option-2\">Gene Sets</div>\n  (Session info: chrome=76.0.3809.100)\n  (Driver info: chromedriver=2.42.591071 (0b695ff80972cc1a65a5cd643186d2ae582cd4ac),platform=Linux 5.0.0-25-generic x86_64)"}}
COMMAND: GET http://127.0.0.1:4444/wd/hub/session/e00f1c3932fd34e68e20fb8464e8226f/screenshot - {}
RESULT: {"sessionId":"e00f1c3932fd34e68e20fb8464e8226f","status":0,"value":"[base64] 367840 bytes"}
COMMAND: POST http://127.0.0.1:4444/wd/hub/session/e00f1c3932fd34e68e20fb8464e8226f/execute - {"script":"return (function () {\n\n            Object.keys(window.ajaxRequests).forEach((key)=>{\n                window.ajaxRequests[key].end = Date.now();\n                window.ajaxRequests[key].duration = window.ajaxRequests[key].end - window.ajaxRequests[key].started;\n            });\n\n            return JSON.stringify(window.ajaxRequests);\n\n        }).apply(null, arguments)","args":[]}
RESULT: {"sessionId":"e00f1c3932fd34e68e20fb8464e8226f","status":0,"value":"{}"}
COMMAND: DELETE http://127.0.0.1:4444/wd/hub/session/e00f1c3932fd34e68e20fb8464e8226f - {}
RESULT: {"sessionId":"e00f1c3932fd34e68e20fb8464e8226f","status":0,"value":null}
]]>
      </system-out>
    </testcase>
    <testcase classname=".plots_tab" name="before_each_hook_for_shows_value_8_00_in_figure_legend_and_indicates_sub_threshold_data_points_in_plot" time="73.097">
      <error message="unknown error: Element &lt;div class=&quot;Select-option&quot; role=&quot;option&quot; aria-label=&quot;...&quot; id=&quot;react-select-2--option-3&quot;>Treatment&lt;/div> is not clickable at point (153, 604). Other element would receive the click: &lt;div class=&quot;Select-option&quot; role=&quot;option&quot; aria-label=&quot;...&quot; id=&quot;react-select-2--option-2&quot;>Gene Sets&lt;/div>"/>
      <system-err>
        <![CDATA[
Error: An unknown server-side error occurred while processing the command.
    at elementIdClick("0.7894037641430278-7") - click.js:20:22
]]>
      </system-err>
    </testcase>
  </testsuite>
</testsuites>