<?xml version="1.0" encoding="UTF-8"?>
<testsuites>
  <testsuite name="treatment_feature" timestamp="2019-08-24T07:28:28" time="71.696" tests="0" failures="0" errors="0" skipped="0">
    <properties>
      <property name="specId" value="74b1191662791982af4a79f4ab682c43"/>
      <property name="suiteName" value="treatment feature"/>
      <property name="capabilities" value=""/>
      <property name="file" value="./local/specs/treatment.spec.js"/>
    </properties>
  </testsuite>
  <testsuite name="oncoprint_tab" timestamp="2019-08-24T07:28:28" time="42.68" tests="11" failures="0" errors="0" skipped="0">
    <properties>
      <property name="specId" value="74b1191662791982af4a79f4ab682c43"/>
      <property name="suiteName" value="oncoprint tab"/>
      <property name="capabilities" value=""/>
      <property name="file" value="./local/specs/treatment.spec.js"/>
    </properties>
    <testcase classname=".oncoprint_tab" name="shows_treatment_data_type_option_in_heatmap_menu" time="4.879">
      <system-out>
        <![CDATA[
COMMAND: POST http://127.0.0.1:4444/wd/hub/session/bafcdd9a3a7612c1d21228adb6d74d5d/url - {"url":"http://localhost:8081/results/oncoprint?Action=Submit&RPPA_SCORE_THRESHOLD=2.0&Z_SCORE_THRESHOLD=2.0&cancer_study_list=study_es_0&case_set_id=study_es_0_all&clinicallist=NUM_SAMPLES_PER_PATIENT%2CPROFILED_IN_study_es_0_mutations%2CPROFILED_IN_study_es_0_gistic&data_priority=0&gene_list=CDKN2A%2520MDM2%2520MDM4%2520TP53&geneset_list=%20&genetic_profile_ids_PROFILE_COPY_NUMBER_ALTERATION=study_es_0_gistic&genetic_profile_ids_PROFILE_MUTATION_EXTENDED=study_es_0_mutations&show_samples=false&tab_index=tab_visualize&localdev=true"}
RESULT: {"sessionId":"bafcdd9a3a7612c1d21228adb6d74d5d","status":0,"value":null}
COMMAND: GET http://127.0.0.1:4444/wd/hub/session/bafcdd9a3a7612c1d21228adb6d74d5d/window/current/size - {}
RESULT: {"sessionId":"bafcdd9a3a7612c1d21228adb6d74d5d","status":0,"value":{"height":1030,"width":945}}
COMMAND: POST http://127.0.0.1:4444/wd/hub/session/bafcdd9a3a7612c1d21228adb6d74d5d/execute - {"script":"return (function getViewportSize() {\n    return {\n        screenWidth: Math.max(document.documentElement.clientWidth, window.innerWidth || 0),\n        screenHeight: Math.max(document.documentElement.clientHeight, window.innerHeight || 0)\n    };\n}).apply(null, arguments)","args":[]}
RESULT: {"sessionId":"bafcdd9a3a7612c1d21228adb6d74d5d","status":0,"value":{"screenHeight":900,"screenWidth":937}}
COMMAND: POST http://127.0.0.1:4444/wd/hub/session/bafcdd9a3a7612c1d21228adb6d74d5d/window/current/size - {"width":1008,"height":1730}
RESULT: {"sessionId":"bafcdd9a3a7612c1d21228adb6d74d5d","status":0,"value":null}
COMMAND: POST http://127.0.0.1:4444/wd/hub/session/bafcdd9a3a7612c1d21228adb6d74d5d/execute - {"script":"return (function getViewportSize() {\n    return {\n        screenWidth: Math.max(document.documentElement.clientWidth, window.innerWidth || 0),\n        screenHeight: Math.max(document.documentElement.clientHeight, window.innerHeight || 0)\n    };\n}).apply(null, arguments)","args":[]}
RESULT: {"sessionId":"bafcdd9a3a7612c1d21228adb6d74d5d","status":0,"value":{"screenHeight":920,"screenWidth":1000}}
COMMAND: GET http://127.0.0.1:4444/wd/hub/session/bafcdd9a3a7612c1d21228adb6d74d5d/window/current/size - {}
RESULT: {"sessionId":"bafcdd9a3a7612c1d21228adb6d74d5d","status":0,"value":{"height":1050,"width":1008}}
COMMAND: POST http://127.0.0.1:4444/wd/hub/session/bafcdd9a3a7612c1d21228adb6d74d5d/execute - {"script":"return (function getViewportSize() {\n    return {\n        screenWidth: Math.max(document.documentElement.clientWidth, window.innerWidth || 0),\n        screenHeight: Math.max(document.documentElement.clientHeight, window.innerHeight || 0)\n    };\n}).apply(null, arguments)","args":[]}
RESULT: {"sessionId":"bafcdd9a3a7612c1d21228adb6d74d5d","status":0,"value":{"screenHeight":920,"screenWidth":1000}}
COMMAND: POST http://127.0.0.1:4444/wd/hub/session/bafcdd9a3a7612c1d21228adb6d74d5d/window/current/size - {"width":1008,"height":1730}
RESULT: {"sessionId":"bafcdd9a3a7612c1d21228adb6d74d5d","status":0,"value":null}
COMMAND: POST http://127.0.0.1:4444/wd/hub/session/bafcdd9a3a7612c1d21228adb6d74d5d/execute - {"script":"return (function getViewportSize() {\n    return {\n        screenWidth: Math.max(document.documentElement.clientWidth, window.innerWidth || 0),\n        screenHeight: Math.max(document.documentElement.clientHeight, window.innerHeight || 0)\n    };\n}).apply(null, arguments)","args":[]}
RESULT: {"sessionId":"bafcdd9a3a7612c1d21228adb6d74d5d","status":0,"value":{"screenHeight":920,"screenWidth":1000}}
COMMAND: GET http://127.0.0.1:4444/wd/hub/session/bafcdd9a3a7612c1d21228adb6d74d5d/window/current/size - {}
RESULT: {"sessionId":"bafcdd9a3a7612c1d21228adb6d74d5d","status":0,"value":{"height":1050,"width":1008}}
COMMAND: POST http://127.0.0.1:4444/wd/hub/session/bafcdd9a3a7612c1d21228adb6d74d5d/execute - {"script":"return (function getViewportSize() {\n    return {\n        screenWidth: Math.max(document.documentElement.clientWidth, window.innerWidth || 0),\n        screenHeight: Math.max(document.documentElement.clientHeight, window.innerHeight || 0)\n    };\n}).apply(null, arguments)","args":[]}
RESULT: {"sessionId":"bafcdd9a3a7612c1d21228adb6d74d5d","status":0,"value":{"screenHeight":920,"screenWidth":1000}}
COMMAND: POST http://127.0.0.1:4444/wd/hub/session/bafcdd9a3a7612c1d21228adb6d74d5d/window/current/size - {"width":1008,"height":1730}
RESULT: {"sessionId":"bafcdd9a3a7612c1d21228adb6d74d5d","status":0,"value":null}
COMMAND: POST http://127.0.0.1:4444/wd/hub/session/bafcdd9a3a7612c1d21228adb6d74d5d/execute - {"script":"return (function getViewportSize() {\n    return {\n        screenWidth: Math.max(document.documentElement.clientWidth, window.innerWidth || 0),\n        screenHeight: Math.max(document.documentElement.clientHeight, window.innerHeight || 0)\n    };\n}).apply(null, arguments)","args":[]}
RESULT: {"sessionId":"bafcdd9a3a7612c1d21228adb6d74d5d","status":0,"value":{"screenHeight":920,"screenWidth":1000}}
COMMAND: GET http://127.0.0.1:4444/wd/hub/session/bafcdd9a3a7612c1d21228adb6d74d5d/window/current/size - {}
RESULT: {"sessionId":"bafcdd9a3a7612c1d21228adb6d74d5d","status":0,"value":{"height":1050,"width":1008}}
COMMAND: POST http://127.0.0.1:4444/wd/hub/session/bafcdd9a3a7612c1d21228adb6d74d5d/execute - {"script":"return (function getViewportSize() {\n    return {\n        screenWidth: Math.max(document.documentElement.clientWidth, window.innerWidth || 0),\n        screenHeight: Math.max(document.documentElement.clientHeight, window.innerHeight || 0)\n    };\n}).apply(null, arguments)","args":[]}
RESULT: {"sessionId":"bafcdd9a3a7612c1d21228adb6d74d5d","status":0,"value":{"screenHeight":920,"screenWidth":1000}}
COMMAND: POST http://127.0.0.1:4444/wd/hub/session/bafcdd9a3a7612c1d21228adb6d74d5d/window/current/size - {"width":1008,"height":1730}
RESULT: {"sessionId":"bafcdd9a3a7612c1d21228adb6d74d5d","status":0,"value":null}
COMMAND: POST http://127.0.0.1:4444/wd/hub/session/bafcdd9a3a7612c1d21228adb6d74d5d/execute - {"script":"return (function getViewportSize() {\n    return {\n        screenWidth: Math.max(document.documentElement.clientWidth, window.innerWidth || 0),\n        screenHeight: Math.max(document.documentElement.clientHeight, window.innerHeight || 0)\n    };\n}).apply(null, arguments)","args":[]}
RESULT: {"sessionId":"bafcdd9a3a7612c1d21228adb6d74d5d","status":0,"value":{"screenHeight":920,"screenWidth":1000}}
COMMAND: GET http://127.0.0.1:4444/wd/hub/session/bafcdd9a3a7612c1d21228adb6d74d5d/window/current/size - {}
RESULT: {"sessionId":"bafcdd9a3a7612c1d21228adb6d74d5d","status":0,"value":{"height":1050,"width":1008}}
COMMAND: POST http://127.0.0.1:4444/wd/hub/session/bafcdd9a3a7612c1d21228adb6d74d5d/execute - {"script":"return (function getViewportSize() {\n    return {\n        screenWidth: Math.max(document.documentElement.clientWidth, window.innerWidth || 0),\n        screenHeight: Math.max(document.documentElement.clientHeight, window.innerHeight || 0)\n    };\n}).apply(null, arguments)","args":[]}
RESULT: {"sessionId":"bafcdd9a3a7612c1d21228adb6d74d5d","status":0,"value":{"screenHeight":920,"screenWidth":1000}}
COMMAND: POST http://127.0.0.1:4444/wd/hub/session/bafcdd9a3a7612c1d21228adb6d74d5d/window/current/size - {"width":1008,"height":1730}
RESULT: {"sessionId":"bafcdd9a3a7612c1d21228adb6d74d5d","status":0,"value":null}
COMMAND: POST http://127.0.0.1:4444/wd/hub/session/bafcdd9a3a7612c1d21228adb6d74d5d/execute - {"script":"return (function getViewportSize() {\n    return {\n        screenWidth: Math.max(document.documentElement.clientWidth, window.innerWidth || 0),\n        screenHeight: Math.max(document.documentElement.clientHeight, window.innerHeight || 0)\n    };\n}).apply(null, arguments)","args":[]}
RESULT: {"sessionId":"bafcdd9a3a7612c1d21228adb6d74d5d","status":0,"value":{"screenHeight":920,"screenWidth":1000}}
COMMAND: GET http://127.0.0.1:4444/wd/hub/session/bafcdd9a3a7612c1d21228adb6d74d5d/window/current/size - {}
RESULT: {"sessionId":"bafcdd9a3a7612c1d21228adb6d74d5d","status":0,"value":{"height":1050,"width":1008}}
COMMAND: POST http://127.0.0.1:4444/wd/hub/session/bafcdd9a3a7612c1d21228adb6d74d5d/execute - {"script":"return (function getViewportSize() {\n    return {\n        screenWidth: Math.max(document.documentElement.clientWidth, window.innerWidth || 0),\n        screenHeight: Math.max(document.documentElement.clientHeight, window.innerHeight || 0)\n    };\n}).apply(null, arguments)","args":[]}
RESULT: {"sessionId":"bafcdd9a3a7612c1d21228adb6d74d5d","status":0,"value":{"screenHeight":920,"screenWidth":1000}}
COMMAND: POST http://127.0.0.1:4444/wd/hub/session/bafcdd9a3a7612c1d21228adb6d74d5d/window/current/size - {"width":1008,"height":1730}
RESULT: {"sessionId":"bafcdd9a3a7612c1d21228adb6d74d5d","status":0,"value":null}
COMMAND: POST http://127.0.0.1:4444/wd/hub/session/bafcdd9a3a7612c1d21228adb6d74d5d/execute - {"script":"return (function getViewportSize() {\n    return {\n        screenWidth: Math.max(document.documentElement.clientWidth, window.innerWidth || 0),\n        screenHeight: Math.max(document.documentElement.clientHeight, window.innerHeight || 0)\n    };\n}).apply(null, arguments)","args":[]}
RESULT: {"sessionId":"bafcdd9a3a7612c1d21228adb6d74d5d","status":0,"value":{"screenHeight":920,"screenWidth":1000}}
COMMAND: POST http://127.0.0.1:4444/wd/hub/session/bafcdd9a3a7612c1d21228adb6d74d5d/element - {"using":"css selector","value":"body"}
RESULT: {"sessionId":"bafcdd9a3a7612c1d21228adb6d74d5d","status":0,"value":{"ELEMENT":"0.5885187007678276-1"}}
COMMAND: POST http://127.0.0.1:4444/wd/hub/session/bafcdd9a3a7612c1d21228adb6d74d5d/moveto - {"element":"0.5885187007678276-1","xoffset":0,"yoffset":0}
RESULT: {"sessionId":"bafcdd9a3a7612c1d21228adb6d74d5d","status":0,"value":null}
COMMAND: POST http://127.0.0.1:4444/wd/hub/session/bafcdd9a3a7612c1d21228adb6d74d5d/elements - {"using":"css selector","value":".oncoprintLoadingIndicator"}
RESULT: {"sessionId":"bafcdd9a3a7612c1d21228adb6d74d5d","status":0,"value":[{"ELEMENT":"0.5885187007678276-2"}]}
COMMAND: POST http://127.0.0.1:4444/wd/hub/session/bafcdd9a3a7612c1d21228adb6d74d5d/elements - {"using":"css selector","value":".oncoprintLoadingIndicator"}
RESULT: {"sessionId":"bafcdd9a3a7612c1d21228adb6d74d5d","status":0,"value":[{"ELEMENT":"0.5885187007678276-2"}]}
COMMAND: POST http://127.0.0.1:4444/wd/hub/session/bafcdd9a3a7612c1d21228adb6d74d5d/elements - {"using":"css selector","value":".oncoprintLoadingIndicator"}
RESULT: {"sessionId":"bafcdd9a3a7612c1d21228adb6d74d5d","status":0,"value":[{"ELEMENT":"0.5885187007678276-2"}]}
COMMAND: POST http://127.0.0.1:4444/wd/hub/session/bafcdd9a3a7612c1d21228adb6d74d5d/elements - {"using":"css selector","value":".oncoprintLoadingIndicator"}
RESULT: {"sessionId":"bafcdd9a3a7612c1d21228adb6d74d5d","status":0,"value":[{"ELEMENT":"0.5885187007678276-2"}]}
COMMAND: POST http://127.0.0.1:4444/wd/hub/session/bafcdd9a3a7612c1d21228adb6d74d5d/elements - {"using":"css selector","value":".oncoprintLoadingIndicator"}
RESULT: {"sessionId":"bafcdd9a3a7612c1d21228adb6d74d5d","status":0,"value":[]}
COMMAND: POST http://127.0.0.1:4444/wd/hub/session/bafcdd9a3a7612c1d21228adb6d74d5d/elements - {"using":"css selector","value":"#oncoprintDiv svg rect"}
RESULT: {"sessionId":"bafcdd9a3a7612c1d21228adb6d74d5d","status":0,"value":[{"ELEMENT":"0.5885187007678276-3"},{"ELEMENT":"0.5885187007678276-4"},{"ELEMENT":"0.5885187007678276-5"},{"ELEMENT":"0.5885187007678276-6"},{"ELEMENT":"0.5885187007678276-7"},{"ELEMENT":"0.5885187007678276-8"},{"ELEMENT":"0.5885187007678276-9"},{"ELEMENT":"0.5885187007678276-10"}]}
COMMAND: POST http://127.0.0.1:4444/wd/hub/session/bafcdd9a3a7612c1d21228adb6d74d5d/elements - {"using":"css selector","value":".oncoprintContainer"}
RESULT: {"sessionId":"bafcdd9a3a7612c1d21228adb6d74d5d","status":0,"value":[{"ELEMENT":"0.5885187007678276-11"}]}
COMMAND: GET http://127.0.0.1:4444/wd/hub/session/bafcdd9a3a7612c1d21228adb6d74d5d/element/0.5885187007678276-11/css/opacity - {}
RESULT: {"sessionId":"bafcdd9a3a7612c1d21228adb6d74d5d","status":0,"value":"0.273993"}
COMMAND: POST http://127.0.0.1:4444/wd/hub/session/bafcdd9a3a7612c1d21228adb6d74d5d/elements - {"using":"css selector","value":".oncoprintLoadingIndicator"}
RESULT: {"sessionId":"bafcdd9a3a7612c1d21228adb6d74d5d","status":0,"value":[]}
COMMAND: POST http://127.0.0.1:4444/wd/hub/session/bafcdd9a3a7612c1d21228adb6d74d5d/elements - {"using":"css selector","value":"#oncoprintDiv svg rect"}
RESULT: {"sessionId":"bafcdd9a3a7612c1d21228adb6d74d5d","status":0,"value":[{"ELEMENT":"0.5885187007678276-3"},{"ELEMENT":"0.5885187007678276-4"},{"ELEMENT":"0.5885187007678276-5"},{"ELEMENT":"0.5885187007678276-6"},{"ELEMENT":"0.5885187007678276-7"},{"ELEMENT":"0.5885187007678276-8"},{"ELEMENT":"0.5885187007678276-9"},{"ELEMENT":"0.5885187007678276-10"}]}
COMMAND: POST http://127.0.0.1:4444/wd/hub/session/bafcdd9a3a7612c1d21228adb6d74d5d/elements - {"using":"css selector","value":".oncoprintContainer"}
RESULT: {"sessionId":"bafcdd9a3a7612c1d21228adb6d74d5d","status":0,"value":[{"ELEMENT":"0.5885187007678276-11"}]}
COMMAND: GET http://127.0.0.1:4444/wd/hub/session/bafcdd9a3a7612c1d21228adb6d74d5d/element/0.5885187007678276-11/css/opacity - {}
RESULT: {"sessionId":"bafcdd9a3a7612c1d21228adb6d74d5d","status":0,"value":"1"}
COMMAND: POST http://127.0.0.1:4444/wd/hub/session/bafcdd9a3a7612c1d21228adb6d74d5d/element - {"using":"css selector","value":"button[id=heatmapDropdown]"}
RESULT: {"sessionId":"bafcdd9a3a7612c1d21228adb6d74d5d","status":0,"value":{"ELEMENT":"0.5885187007678276-12"}}
COMMAND: POST http://127.0.0.1:4444/wd/hub/session/bafcdd9a3a7612c1d21228adb6d74d5d/element/0.5885187007678276-12/click - {}
RESULT: {"sessionId":"bafcdd9a3a7612c1d21228adb6d74d5d","status":0,"value":null}
COMMAND: POST http://127.0.0.1:4444/wd/hub/session/bafcdd9a3a7612c1d21228adb6d74d5d/element - {"using":"css selector","value":".oncoprint__controls__heatmap_menu"}
RESULT: {"sessionId":"bafcdd9a3a7612c1d21228adb6d74d5d","status":0,"value":{"ELEMENT":"0.5885187007678276-13"}}
COMMAND: POST http://127.0.0.1:4444/wd/hub/session/bafcdd9a3a7612c1d21228adb6d74d5d/element/0.5885187007678276-13/element - {"using":"css selector","value":".Select-control"}
RESULT: {"sessionId":"bafcdd9a3a7612c1d21228adb6d74d5d","status":0,"value":{"ELEMENT":"0.5885187007678276-14"}}
COMMAND: POST http://127.0.0.1:4444/wd/hub/session/bafcdd9a3a7612c1d21228adb6d74d5d/element/0.5885187007678276-14/click - {}
RESULT: {"sessionId":"bafcdd9a3a7612c1d21228adb6d74d5d","status":0,"value":null}
COMMAND: POST http://127.0.0.1:4444/wd/hub/session/bafcdd9a3a7612c1d21228adb6d74d5d/element/0.5885187007678276-13/element - {"using":"xpath","value":".//*[contains(@class, \"Select-option\") and normalize-space() = \"EC50 values of compounds on cellular phenotype readout\"]"}
RESULT: {"sessionId":"bafcdd9a3a7612c1d21228adb6d74d5d","status":0,"value":{"ELEMENT":"0.5885187007678276-15"}}
COMMAND: POST http://127.0.0.1:4444/wd/hub/session/bafcdd9a3a7612c1d21228adb6d74d5d/element - {"using":"css selector","value":".oncoprint__controls__heatmap_menu"}
RESULT: {"sessionId":"bafcdd9a3a7612c1d21228adb6d74d5d","status":0,"value":{"ELEMENT":"0.5885187007678276-13"}}
COMMAND: POST http://127.0.0.1:4444/wd/hub/session/bafcdd9a3a7612c1d21228adb6d74d5d/element/0.5885187007678276-13/element - {"using":"css selector","value":".Select-control"}
RESULT: {"sessionId":"bafcdd9a3a7612c1d21228adb6d74d5d","status":0,"value":{"ELEMENT":"0.5885187007678276-14"}}
COMMAND: POST http://127.0.0.1:4444/wd/hub/session/bafcdd9a3a7612c1d21228adb6d74d5d/element/0.5885187007678276-14/click - {}
RESULT: {"sessionId":"bafcdd9a3a7612c1d21228adb6d74d5d","status":0,"value":null}
COMMAND: POST http://127.0.0.1:4444/wd/hub/session/bafcdd9a3a7612c1d21228adb6d74d5d/element/0.5885187007678276-13/element - {"using":"xpath","value":".//*[contains(@class, \"Select-option\") and normalize-space() = \"IC50 values of compounds on cellular phenotype readout\"]"}
RESULT: {"message":"no such element: Unable to locate element: {\"method\":\"xpath\",\"selector\":\".//*[contains(@class, \"Select-option\") and normalize-space() = \"IC50 values of compounds on cellular phenotype readout\"]\"}","type":"RuntimeError","seleniumStack":{"status":7,"type":"NoSuchElement","message":"An element could not be located on the page using the given search parameters.","orgStatusMessage":"no such element: Unable to locate element: {\"method\":\"xpath\",\"selector\":\".//*[contains(@class, \"Select-option\") and normalize-space() = \"IC50 values of compounds on cellular phenotype readout\"]\"}\n  (Session info: chrome=76.0.3809.100)\n  (Driver info: chromedriver=2.42.591071 (0b695ff80972cc1a65a5cd643186d2ae582cd4ac),platform=Linux 5.0.0-25-generic x86_64)"}}
COMMAND: POST http://127.0.0.1:4444/wd/hub/session/bafcdd9a3a7612c1d21228adb6d74d5d/execute - {"script":"return (function () {\n\n            Object.keys(window.ajaxRequests).forEach((key)=>{\n                window.ajaxRequests[key].end = Date.now();\n                window.ajaxRequests[key].duration = window.ajaxRequests[key].end - window.ajaxRequests[key].started;\n            });\n\n            return JSON.stringify(window.ajaxRequests);\n\n        }).apply(null, arguments)","args":[]}
RESULT: {"sessionId":"bafcdd9a3a7612c1d21228adb6d74d5d","status":0,"value":"{}"}
]]>
      </system-out>
    </testcase>
    <testcase classname=".oncoprint_tab" name="shows_treatment_text_area_box_in_heatmap_menu_when_treatment_data_type_is_selected" time="2.618">
      <system-out>
        <![CDATA[
COMMAND: POST http://127.0.0.1:4444/wd/hub/session/bafcdd9a3a7612c1d21228adb6d74d5d/url - {"url":"http://localhost:8081/results/oncoprint?Action=Submit&RPPA_SCORE_THRESHOLD=2.0&Z_SCORE_THRESHOLD=2.0&cancer_study_list=study_es_0&case_set_id=study_es_0_all&clinicallist=NUM_SAMPLES_PER_PATIENT%2CPROFILED_IN_study_es_0_mutations%2CPROFILED_IN_study_es_0_gistic&data_priority=0&gene_list=CDKN2A%2520MDM2%2520MDM4%2520TP53&geneset_list=%20&genetic_profile_ids_PROFILE_COPY_NUMBER_ALTERATION=study_es_0_gistic&genetic_profile_ids_PROFILE_MUTATION_EXTENDED=study_es_0_mutations&show_samples=false&tab_index=tab_visualize&localdev=true"}
RESULT: {"sessionId":"bafcdd9a3a7612c1d21228adb6d74d5d","status":0,"value":null}
COMMAND: GET http://127.0.0.1:4444/wd/hub/session/bafcdd9a3a7612c1d21228adb6d74d5d/window/current/size - {}
RESULT: {"sessionId":"bafcdd9a3a7612c1d21228adb6d74d5d","status":0,"value":{"height":1050,"width":1008}}
COMMAND: POST http://127.0.0.1:4444/wd/hub/session/bafcdd9a3a7612c1d21228adb6d74d5d/execute - {"script":"return (function getViewportSize() {\n    return {\n        screenWidth: Math.max(document.documentElement.clientWidth, window.innerWidth || 0),\n        screenHeight: Math.max(document.documentElement.clientHeight, window.innerHeight || 0)\n    };\n}).apply(null, arguments)","args":[]}
RESULT: {"sessionId":"bafcdd9a3a7612c1d21228adb6d74d5d","status":0,"value":{"screenHeight":920,"screenWidth":1000}}
COMMAND: POST http://127.0.0.1:4444/wd/hub/session/bafcdd9a3a7612c1d21228adb6d74d5d/window/current/size - {"width":1008,"height":1730}
RESULT: {"sessionId":"bafcdd9a3a7612c1d21228adb6d74d5d","status":0,"value":null}
COMMAND: POST http://127.0.0.1:4444/wd/hub/session/bafcdd9a3a7612c1d21228adb6d74d5d/execute - {"script":"return (function getViewportSize() {\n    return {\n        screenWidth: Math.max(document.documentElement.clientWidth, window.innerWidth || 0),\n        screenHeight: Math.max(document.documentElement.clientHeight, window.innerHeight || 0)\n    };\n}).apply(null, arguments)","args":[]}
RESULT: {"sessionId":"bafcdd9a3a7612c1d21228adb6d74d5d","status":0,"value":{"screenHeight":920,"screenWidth":1000}}
COMMAND: GET http://127.0.0.1:4444/wd/hub/session/bafcdd9a3a7612c1d21228adb6d74d5d/window/current/size - {}
RESULT: {"sessionId":"bafcdd9a3a7612c1d21228adb6d74d5d","status":0,"value":{"height":1050,"width":1008}}
COMMAND: POST http://127.0.0.1:4444/wd/hub/session/bafcdd9a3a7612c1d21228adb6d74d5d/execute - {"script":"return (function getViewportSize() {\n    return {\n        screenWidth: Math.max(document.documentElement.clientWidth, window.innerWidth || 0),\n        screenHeight: Math.max(document.documentElement.clientHeight, window.innerHeight || 0)\n    };\n}).apply(null, arguments)","args":[]}
RESULT: {"sessionId":"bafcdd9a3a7612c1d21228adb6d74d5d","status":0,"value":{"screenHeight":920,"screenWidth":1000}}
COMMAND: POST http://127.0.0.1:4444/wd/hub/session/bafcdd9a3a7612c1d21228adb6d74d5d/window/current/size - {"width":1008,"height":1730}
RESULT: {"sessionId":"bafcdd9a3a7612c1d21228adb6d74d5d","status":0,"value":null}
COMMAND: POST http://127.0.0.1:4444/wd/hub/session/bafcdd9a3a7612c1d21228adb6d74d5d/execute - {"script":"return (function getViewportSize() {\n    return {\n        screenWidth: Math.max(document.documentElement.clientWidth, window.innerWidth || 0),\n        screenHeight: Math.max(document.documentElement.clientHeight, window.innerHeight || 0)\n    };\n}).apply(null, arguments)","args":[]}
RESULT: {"sessionId":"bafcdd9a3a7612c1d21228adb6d74d5d","status":0,"value":{"screenHeight":920,"screenWidth":1000}}
COMMAND: GET http://127.0.0.1:4444/wd/hub/session/bafcdd9a3a7612c1d21228adb6d74d5d/window/current/size - {}
RESULT: {"sessionId":"bafcdd9a3a7612c1d21228adb6d74d5d","status":0,"value":{"height":1050,"width":1008}}
COMMAND: POST http://127.0.0.1:4444/wd/hub/session/bafcdd9a3a7612c1d21228adb6d74d5d/execute - {"script":"return (function getViewportSize() {\n    return {\n        screenWidth: Math.max(document.documentElement.clientWidth, window.innerWidth || 0),\n        screenHeight: Math.max(document.documentElement.clientHeight, window.innerHeight || 0)\n    };\n}).apply(null, arguments)","args":[]}
RESULT: {"sessionId":"bafcdd9a3a7612c1d21228adb6d74d5d","status":0,"value":{"screenHeight":920,"screenWidth":1000}}
COMMAND: POST http://127.0.0.1:4444/wd/hub/session/bafcdd9a3a7612c1d21228adb6d74d5d/window/current/size - {"width":1008,"height":1730}
RESULT: {"sessionId":"bafcdd9a3a7612c1d21228adb6d74d5d","status":0,"value":null}
COMMAND: POST http://127.0.0.1:4444/wd/hub/session/bafcdd9a3a7612c1d21228adb6d74d5d/execute - {"script":"return (function getViewportSize() {\n    return {\n        screenWidth: Math.max(document.documentElement.clientWidth, window.innerWidth || 0),\n        screenHeight: Math.max(document.documentElement.clientHeight, window.innerHeight || 0)\n    };\n}).apply(null, arguments)","args":[]}
RESULT: {"sessionId":"bafcdd9a3a7612c1d21228adb6d74d5d","status":0,"value":{"screenHeight":920,"screenWidth":1000}}
COMMAND: GET http://127.0.0.1:4444/wd/hub/session/bafcdd9a3a7612c1d21228adb6d74d5d/window/current/size - {}
RESULT: {"sessionId":"bafcdd9a3a7612c1d21228adb6d74d5d","status":0,"value":{"height":1050,"width":1008}}
COMMAND: POST http://127.0.0.1:4444/wd/hub/session/bafcdd9a3a7612c1d21228adb6d74d5d/execute - {"script":"return (function getViewportSize() {\n    return {\n        screenWidth: Math.max(document.documentElement.clientWidth, window.innerWidth || 0),\n        screenHeight: Math.max(document.documentElement.clientHeight, window.innerHeight || 0)\n    };\n}).apply(null, arguments)","args":[]}
RESULT: {"sessionId":"bafcdd9a3a7612c1d21228adb6d74d5d","status":0,"value":{"screenHeight":920,"screenWidth":1000}}
COMMAND: POST http://127.0.0.1:4444/wd/hub/session/bafcdd9a3a7612c1d21228adb6d74d5d/window/current/size - {"width":1008,"height":1730}
RESULT: {"sessionId":"bafcdd9a3a7612c1d21228adb6d74d5d","status":0,"value":null}
COMMAND: POST http://127.0.0.1:4444/wd/hub/session/bafcdd9a3a7612c1d21228adb6d74d5d/execute - {"script":"return (function getViewportSize() {\n    return {\n        screenWidth: Math.max(document.documentElement.clientWidth, window.innerWidth || 0),\n        screenHeight: Math.max(document.documentElement.clientHeight, window.innerHeight || 0)\n    };\n}).apply(null, arguments)","args":[]}
RESULT: {"sessionId":"bafcdd9a3a7612c1d21228adb6d74d5d","status":0,"value":{"screenHeight":920,"screenWidth":1000}}
COMMAND: GET http://127.0.0.1:4444/wd/hub/session/bafcdd9a3a7612c1d21228adb6d74d5d/window/current/size - {}
RESULT: {"sessionId":"bafcdd9a3a7612c1d21228adb6d74d5d","status":0,"value":{"height":1050,"width":1008}}
COMMAND: POST http://127.0.0.1:4444/wd/hub/session/bafcdd9a3a7612c1d21228adb6d74d5d/execute - {"script":"return (function getViewportSize() {\n    return {\n        screenWidth: Math.max(document.documentElement.clientWidth, window.innerWidth || 0),\n        screenHeight: Math.max(document.documentElement.clientHeight, window.innerHeight || 0)\n    };\n}).apply(null, arguments)","args":[]}
RESULT: {"sessionId":"bafcdd9a3a7612c1d21228adb6d74d5d","status":0,"value":{"screenHeight":920,"screenWidth":1000}}
COMMAND: POST http://127.0.0.1:4444/wd/hub/session/bafcdd9a3a7612c1d21228adb6d74d5d/window/current/size - {"width":1008,"height":1730}
RESULT: {"sessionId":"bafcdd9a3a7612c1d21228adb6d74d5d","status":0,"value":null}
COMMAND: POST http://127.0.0.1:4444/wd/hub/session/bafcdd9a3a7612c1d21228adb6d74d5d/execute - {"script":"return (function getViewportSize() {\n    return {\n        screenWidth: Math.max(document.documentElement.clientWidth, window.innerWidth || 0),\n        screenHeight: Math.max(document.documentElement.clientHeight, window.innerHeight || 0)\n    };\n}).apply(null, arguments)","args":[]}
RESULT: {"sessionId":"bafcdd9a3a7612c1d21228adb6d74d5d","status":0,"value":{"screenHeight":920,"screenWidth":1000}}
COMMAND: GET http://127.0.0.1:4444/wd/hub/session/bafcdd9a3a7612c1d21228adb6d74d5d/window/current/size - {}
RESULT: {"sessionId":"bafcdd9a3a7612c1d21228adb6d74d5d","status":0,"value":{"height":1050,"width":1008}}
COMMAND: POST http://127.0.0.1:4444/wd/hub/session/bafcdd9a3a7612c1d21228adb6d74d5d/execute - {"script":"return (function getViewportSize() {\n    return {\n        screenWidth: Math.max(document.documentElement.clientWidth, window.innerWidth || 0),\n        screenHeight: Math.max(document.documentElement.clientHeight, window.innerHeight || 0)\n    };\n}).apply(null, arguments)","args":[]}
RESULT: {"sessionId":"bafcdd9a3a7612c1d21228adb6d74d5d","status":0,"value":{"screenHeight":920,"screenWidth":1000}}
COMMAND: POST http://127.0.0.1:4444/wd/hub/session/bafcdd9a3a7612c1d21228adb6d74d5d/window/current/size - {"width":1008,"height":1730}
RESULT: {"sessionId":"bafcdd9a3a7612c1d21228adb6d74d5d","status":0,"value":null}
COMMAND: POST http://127.0.0.1:4444/wd/hub/session/bafcdd9a3a7612c1d21228adb6d74d5d/execute - {"script":"return (function getViewportSize() {\n    return {\n        screenWidth: Math.max(document.documentElement.clientWidth, window.innerWidth || 0),\n        screenHeight: Math.max(document.documentElement.clientHeight, window.innerHeight || 0)\n    };\n}).apply(null, arguments)","args":[]}
RESULT: {"sessionId":"bafcdd9a3a7612c1d21228adb6d74d5d","status":0,"value":{"screenHeight":920,"screenWidth":1000}}
COMMAND: POST http://127.0.0.1:4444/wd/hub/session/bafcdd9a3a7612c1d21228adb6d74d5d/element - {"using":"css selector","value":"body"}
RESULT: {"sessionId":"bafcdd9a3a7612c1d21228adb6d74d5d","status":0,"value":{"ELEMENT":"0.3346965672396305-1"}}
COMMAND: POST http://127.0.0.1:4444/wd/hub/session/bafcdd9a3a7612c1d21228adb6d74d5d/moveto - {"element":"0.3346965672396305-1","xoffset":0,"yoffset":0}
RESULT: {"sessionId":"bafcdd9a3a7612c1d21228adb6d74d5d","status":0,"value":null}
COMMAND: POST http://127.0.0.1:4444/wd/hub/session/bafcdd9a3a7612c1d21228adb6d74d5d/elements - {"using":"css selector","value":".oncoprintLoadingIndicator"}
RESULT: {"sessionId":"bafcdd9a3a7612c1d21228adb6d74d5d","status":0,"value":[]}
COMMAND: POST http://127.0.0.1:4444/wd/hub/session/bafcdd9a3a7612c1d21228adb6d74d5d/elements - {"using":"css selector","value":"#oncoprintDiv svg rect"}
RESULT: {"sessionId":"bafcdd9a3a7612c1d21228adb6d74d5d","status":0,"value":[{"ELEMENT":"0.3346965672396305-2"},{"ELEMENT":"0.3346965672396305-3"},{"ELEMENT":"0.3346965672396305-4"},{"ELEMENT":"0.3346965672396305-5"},{"ELEMENT":"0.3346965672396305-6"},{"ELEMENT":"0.3346965672396305-7"},{"ELEMENT":"0.3346965672396305-8"},{"ELEMENT":"0.3346965672396305-9"}]}
COMMAND: POST http://127.0.0.1:4444/wd/hub/session/bafcdd9a3a7612c1d21228adb6d74d5d/elements - {"using":"css selector","value":".oncoprintContainer"}
RESULT: {"sessionId":"bafcdd9a3a7612c1d21228adb6d74d5d","status":0,"value":[{"ELEMENT":"0.3346965672396305-10"}]}
COMMAND: GET http://127.0.0.1:4444/wd/hub/session/bafcdd9a3a7612c1d21228adb6d74d5d/element/0.3346965672396305-10/css/opacity - {}
RESULT: {"sessionId":"bafcdd9a3a7612c1d21228adb6d74d5d","status":0,"value":"0.404923"}
COMMAND: POST http://127.0.0.1:4444/wd/hub/session/bafcdd9a3a7612c1d21228adb6d74d5d/elements - {"using":"css selector","value":".oncoprintLoadingIndicator"}
RESULT: {"sessionId":"bafcdd9a3a7612c1d21228adb6d74d5d","status":0,"value":[]}
COMMAND: POST http://127.0.0.1:4444/wd/hub/session/bafcdd9a3a7612c1d21228adb6d74d5d/elements - {"using":"css selector","value":"#oncoprintDiv svg rect"}
RESULT: {"sessionId":"bafcdd9a3a7612c1d21228adb6d74d5d","status":0,"value":[{"ELEMENT":"0.3346965672396305-2"},{"ELEMENT":"0.3346965672396305-3"},{"ELEMENT":"0.3346965672396305-4"},{"ELEMENT":"0.3346965672396305-5"},{"ELEMENT":"0.3346965672396305-6"},{"ELEMENT":"0.3346965672396305-7"},{"ELEMENT":"0.3346965672396305-8"},{"ELEMENT":"0.3346965672396305-9"}]}
COMMAND: POST http://127.0.0.1:4444/wd/hub/session/bafcdd9a3a7612c1d21228adb6d74d5d/elements - {"using":"css selector","value":".oncoprintContainer"}
RESULT: {"sessionId":"bafcdd9a3a7612c1d21228adb6d74d5d","status":0,"value":[{"ELEMENT":"0.3346965672396305-10"}]}
COMMAND: GET http://127.0.0.1:4444/wd/hub/session/bafcdd9a3a7612c1d21228adb6d74d5d/element/0.3346965672396305-10/css/opacity - {}
RESULT: {"sessionId":"bafcdd9a3a7612c1d21228adb6d74d5d","status":0,"value":"1"}
COMMAND: POST http://127.0.0.1:4444/wd/hub/session/bafcdd9a3a7612c1d21228adb6d74d5d/element - {"using":"css selector","value":"button[id=heatmapDropdown]"}
RESULT: {"sessionId":"bafcdd9a3a7612c1d21228adb6d74d5d","status":0,"value":{"ELEMENT":"0.3346965672396305-11"}}
COMMAND: POST http://127.0.0.1:4444/wd/hub/session/bafcdd9a3a7612c1d21228adb6d74d5d/element/0.3346965672396305-11/click - {}
RESULT: {"sessionId":"bafcdd9a3a7612c1d21228adb6d74d5d","status":0,"value":null}
COMMAND: POST http://127.0.0.1:4444/wd/hub/session/bafcdd9a3a7612c1d21228adb6d74d5d/element - {"using":"css selector","value":".oncoprint__controls__heatmap_menu"}
RESULT: {"sessionId":"bafcdd9a3a7612c1d21228adb6d74d5d","status":0,"value":{"ELEMENT":"0.3346965672396305-12"}}
COMMAND: POST http://127.0.0.1:4444/wd/hub/session/bafcdd9a3a7612c1d21228adb6d74d5d/element/0.3346965672396305-12/element - {"using":"css selector","value":".Select-control"}
RESULT: {"sessionId":"bafcdd9a3a7612c1d21228adb6d74d5d","status":0,"value":{"ELEMENT":"0.3346965672396305-13"}}
COMMAND: POST http://127.0.0.1:4444/wd/hub/session/bafcdd9a3a7612c1d21228adb6d74d5d/element/0.3346965672396305-13/click - {}
RESULT: {"sessionId":"bafcdd9a3a7612c1d21228adb6d74d5d","status":0,"value":null}
COMMAND: POST http://127.0.0.1:4444/wd/hub/session/bafcdd9a3a7612c1d21228adb6d74d5d/element/0.3346965672396305-12/element - {"using":"xpath","value":".//*[contains(@class, \"Select-option\") and normalize-space() = \"IC50 values of compounds on cellular phenotype readout\"]"}
RESULT: {"sessionId":"bafcdd9a3a7612c1d21228adb6d74d5d","status":0,"value":{"ELEMENT":"0.3346965672396305-14"}}
COMMAND: POST http://127.0.0.1:4444/wd/hub/session/bafcdd9a3a7612c1d21228adb6d74d5d/element/0.3346965672396305-14/click - {}
RESULT: {"sessionId":"bafcdd9a3a7612c1d21228adb6d74d5d","status":0,"value":null}
COMMAND: POST http://127.0.0.1:4444/wd/hub/session/bafcdd9a3a7612c1d21228adb6d74d5d/element - {"using":"css selector","value":".oncoprint__controls__heatmap_menu.text-icon-area"}
RESULT: {"message":"no such element: Unable to locate element: {\"method\":\"css selector\",\"selector\":\".oncoprint__controls__heatmap_menu.text-icon-area\"}","type":"RuntimeError","seleniumStack":{"status":7,"type":"NoSuchElement","message":"An element could not be located on the page using the given search parameters.","orgStatusMessage":"no such element: Unable to locate element: {\"method\":\"css selector\",\"selector\":\".oncoprint__controls__heatmap_menu.text-icon-area\"}\n  (Session info: chrome=76.0.3809.100)\n  (Driver info: chromedriver=2.42.591071 (0b695ff80972cc1a65a5cd643186d2ae582cd4ac),platform=Linux 5.0.0-25-generic x86_64)"}}
COMMAND: POST http://127.0.0.1:4444/wd/hub/session/bafcdd9a3a7612c1d21228adb6d74d5d/execute - {"script":"return (function () {\n\n            Object.keys(window.ajaxRequests).forEach((key)=>{\n                window.ajaxRequests[key].end = Date.now();\n                window.ajaxRequests[key].duration = window.ajaxRequests[key].end - window.ajaxRequests[key].started;\n            });\n\n            return JSON.stringify(window.ajaxRequests);\n\n        }).apply(null, arguments)","args":[]}
RESULT: {"sessionId":"bafcdd9a3a7612c1d21228adb6d74d5d","status":0,"value":"{}"}
]]>
      </system-out>
    </testcase>
    <testcase classname=".oncoprint_tab" name="does_not_show_genes_of_gene_text_area_in_treatment_text_area_and_vice_versa" time="2.711">
      <system-out>
        <![CDATA[
COMMAND: POST http://127.0.0.1:4444/wd/hub/session/bafcdd9a3a7612c1d21228adb6d74d5d/url - {"url":"http://localhost:8081/results/oncoprint?Action=Submit&RPPA_SCORE_THRESHOLD=2.0&Z_SCORE_THRESHOLD=2.0&cancer_study_list=study_es_0&case_set_id=study_es_0_all&clinicallist=NUM_SAMPLES_PER_PATIENT%2CPROFILED_IN_study_es_0_mutations%2CPROFILED_IN_study_es_0_gistic&data_priority=0&gene_list=CDKN2A%2520MDM2%2520MDM4%2520TP53&geneset_list=%20&genetic_profile_ids_PROFILE_COPY_NUMBER_ALTERATION=study_es_0_gistic&genetic_profile_ids_PROFILE_MUTATION_EXTENDED=study_es_0_mutations&show_samples=false&tab_index=tab_visualize&localdev=true"}
RESULT: {"sessionId":"bafcdd9a3a7612c1d21228adb6d74d5d","status":0,"value":null}
COMMAND: GET http://127.0.0.1:4444/wd/hub/session/bafcdd9a3a7612c1d21228adb6d74d5d/window/current/size - {}
RESULT: {"sessionId":"bafcdd9a3a7612c1d21228adb6d74d5d","status":0,"value":{"height":1050,"width":1008}}
COMMAND: POST http://127.0.0.1:4444/wd/hub/session/bafcdd9a3a7612c1d21228adb6d74d5d/execute - {"script":"return (function getViewportSize() {\n    return {\n        screenWidth: Math.max(document.documentElement.clientWidth, window.innerWidth || 0),\n        screenHeight: Math.max(document.documentElement.clientHeight, window.innerHeight || 0)\n    };\n}).apply(null, arguments)","args":[]}
RESULT: {"sessionId":"bafcdd9a3a7612c1d21228adb6d74d5d","status":0,"value":{"screenHeight":920,"screenWidth":1000}}
COMMAND: POST http://127.0.0.1:4444/wd/hub/session/bafcdd9a3a7612c1d21228adb6d74d5d/window/current/size - {"width":1008,"height":1730}
RESULT: {"sessionId":"bafcdd9a3a7612c1d21228adb6d74d5d","status":0,"value":null}
COMMAND: POST http://127.0.0.1:4444/wd/hub/session/bafcdd9a3a7612c1d21228adb6d74d5d/execute - {"script":"return (function getViewportSize() {\n    return {\n        screenWidth: Math.max(document.documentElement.clientWidth, window.innerWidth || 0),\n        screenHeight: Math.max(document.documentElement.clientHeight, window.innerHeight || 0)\n    };\n}).apply(null, arguments)","args":[]}
RESULT: {"sessionId":"bafcdd9a3a7612c1d21228adb6d74d5d","status":0,"value":{"screenHeight":1600,"screenWidth":1000}}
COMMAND: POST http://127.0.0.1:4444/wd/hub/session/bafcdd9a3a7612c1d21228adb6d74d5d/element - {"using":"css selector","value":"body"}
RESULT: {"sessionId":"bafcdd9a3a7612c1d21228adb6d74d5d","status":0,"value":{"ELEMENT":"0.09953627483317518-1"}}
COMMAND: POST http://127.0.0.1:4444/wd/hub/session/bafcdd9a3a7612c1d21228adb6d74d5d/moveto - {"element":"0.09953627483317518-1","xoffset":0,"yoffset":0}
RESULT: {"sessionId":"bafcdd9a3a7612c1d21228adb6d74d5d","status":0,"value":null}
COMMAND: POST http://127.0.0.1:4444/wd/hub/session/bafcdd9a3a7612c1d21228adb6d74d5d/elements - {"using":"css selector","value":".oncoprintLoadingIndicator"}
RESULT: {"sessionId":"bafcdd9a3a7612c1d21228adb6d74d5d","status":0,"value":[{"ELEMENT":"0.09953627483317518-2"}]}
COMMAND: POST http://127.0.0.1:4444/wd/hub/session/bafcdd9a3a7612c1d21228adb6d74d5d/elements - {"using":"css selector","value":".oncoprintLoadingIndicator"}
RESULT: {"sessionId":"bafcdd9a3a7612c1d21228adb6d74d5d","status":0,"value":[{"ELEMENT":"0.09953627483317518-2"}]}
COMMAND: POST http://127.0.0.1:4444/wd/hub/session/bafcdd9a3a7612c1d21228adb6d74d5d/elements - {"using":"css selector","value":".oncoprintLoadingIndicator"}
RESULT: {"sessionId":"bafcdd9a3a7612c1d21228adb6d74d5d","status":0,"value":[]}
COMMAND: POST http://127.0.0.1:4444/wd/hub/session/bafcdd9a3a7612c1d21228adb6d74d5d/elements - {"using":"css selector","value":"#oncoprintDiv svg rect"}
RESULT: {"sessionId":"bafcdd9a3a7612c1d21228adb6d74d5d","status":0,"value":[{"ELEMENT":"0.09953627483317518-3"},{"ELEMENT":"0.09953627483317518-4"},{"ELEMENT":"0.09953627483317518-5"},{"ELEMENT":"0.09953627483317518-6"},{"ELEMENT":"0.09953627483317518-7"},{"ELEMENT":"0.09953627483317518-8"},{"ELEMENT":"0.09953627483317518-9"},{"ELEMENT":"0.09953627483317518-10"}]}
COMMAND: POST http://127.0.0.1:4444/wd/hub/session/bafcdd9a3a7612c1d21228adb6d74d5d/elements - {"using":"css selector","value":".oncoprintContainer"}
RESULT: {"sessionId":"bafcdd9a3a7612c1d21228adb6d74d5d","status":0,"value":[{"ELEMENT":"0.09953627483317518-11"}]}
COMMAND: GET http://127.0.0.1:4444/wd/hub/session/bafcdd9a3a7612c1d21228adb6d74d5d/element/0.09953627483317518-11/css/opacity - {}
RESULT: {"sessionId":"bafcdd9a3a7612c1d21228adb6d74d5d","status":0,"value":"0.483307"}
COMMAND: POST http://127.0.0.1:4444/wd/hub/session/bafcdd9a3a7612c1d21228adb6d74d5d/elements - {"using":"css selector","value":".oncoprintLoadingIndicator"}
RESULT: {"sessionId":"bafcdd9a3a7612c1d21228adb6d74d5d","status":0,"value":[]}
COMMAND: POST http://127.0.0.1:4444/wd/hub/session/bafcdd9a3a7612c1d21228adb6d74d5d/elements - {"using":"css selector","value":"#oncoprintDiv svg rect"}
RESULT: {"sessionId":"bafcdd9a3a7612c1d21228adb6d74d5d","status":0,"value":[{"ELEMENT":"0.09953627483317518-3"},{"ELEMENT":"0.09953627483317518-4"},{"ELEMENT":"0.09953627483317518-5"},{"ELEMENT":"0.09953627483317518-6"},{"ELEMENT":"0.09953627483317518-7"},{"ELEMENT":"0.09953627483317518-8"},{"ELEMENT":"0.09953627483317518-9"},{"ELEMENT":"0.09953627483317518-10"}]}
COMMAND: POST http://127.0.0.1:4444/wd/hub/session/bafcdd9a3a7612c1d21228adb6d74d5d/elements - {"using":"css selector","value":".oncoprintContainer"}
RESULT: {"sessionId":"bafcdd9a3a7612c1d21228adb6d74d5d","status":0,"value":[{"ELEMENT":"0.09953627483317518-11"}]}
COMMAND: GET http://127.0.0.1:4444/wd/hub/session/bafcdd9a3a7612c1d21228adb6d74d5d/element/0.09953627483317518-11/css/opacity - {}
RESULT: {"sessionId":"bafcdd9a3a7612c1d21228adb6d74d5d","status":0,"value":"1"}
COMMAND: POST http://127.0.0.1:4444/wd/hub/session/bafcdd9a3a7612c1d21228adb6d74d5d/element - {"using":"css selector","value":"button[id=heatmapDropdown]"}
RESULT: {"sessionId":"bafcdd9a3a7612c1d21228adb6d74d5d","status":0,"value":{"ELEMENT":"0.09953627483317518-12"}}
COMMAND: POST http://127.0.0.1:4444/wd/hub/session/bafcdd9a3a7612c1d21228adb6d74d5d/element/0.09953627483317518-12/click - {}
RESULT: {"sessionId":"bafcdd9a3a7612c1d21228adb6d74d5d","status":0,"value":null}
COMMAND: POST http://127.0.0.1:4444/wd/hub/session/bafcdd9a3a7612c1d21228adb6d74d5d/element - {"using":"css selector","value":".oncoprint__controls__heatmap_menu textarea"}
RESULT: {"sessionId":"bafcdd9a3a7612c1d21228adb6d74d5d","status":0,"value":{"ELEMENT":"0.09953627483317518-13"}}
COMMAND: GET http://127.0.0.1:4444/wd/hub/session/bafcdd9a3a7612c1d21228adb6d74d5d/element/0.09953627483317518-13/text - {}
RESULT: {"sessionId":"bafcdd9a3a7612c1d21228adb6d74d5d","status":0,"value":"CDKN2A MDM2 MDM4 TP53"}
COMMAND: POST http://127.0.0.1:4444/wd/hub/session/bafcdd9a3a7612c1d21228adb6d74d5d/element - {"using":"css selector","value":".oncoprint__controls__heatmap_menu"}
RESULT: {"sessionId":"bafcdd9a3a7612c1d21228adb6d74d5d","status":0,"value":{"ELEMENT":"0.09953627483317518-14"}}
COMMAND: POST http://127.0.0.1:4444/wd/hub/session/bafcdd9a3a7612c1d21228adb6d74d5d/element/0.09953627483317518-14/element - {"using":"css selector","value":".Select-control"}
RESULT: {"sessionId":"bafcdd9a3a7612c1d21228adb6d74d5d","status":0,"value":{"ELEMENT":"0.09953627483317518-15"}}
COMMAND: POST http://127.0.0.1:4444/wd/hub/session/bafcdd9a3a7612c1d21228adb6d74d5d/element/0.09953627483317518-15/click - {}
RESULT: {"sessionId":"bafcdd9a3a7612c1d21228adb6d74d5d","status":0,"value":null}
COMMAND: POST http://127.0.0.1:4444/wd/hub/session/bafcdd9a3a7612c1d21228adb6d74d5d/element/0.09953627483317518-14/element - {"using":"xpath","value":".//*[contains(@class, \"Select-option\") and normalize-space() = \"IC50 values of compounds on cellular phenotype readout\"]"}
RESULT: {"sessionId":"bafcdd9a3a7612c1d21228adb6d74d5d","status":0,"value":{"ELEMENT":"0.09953627483317518-16"}}
COMMAND: POST http://127.0.0.1:4444/wd/hub/session/bafcdd9a3a7612c1d21228adb6d74d5d/element/0.09953627483317518-16/click - {}
RESULT: {"sessionId":"bafcdd9a3a7612c1d21228adb6d74d5d","status":0,"value":null}
COMMAND: POST http://127.0.0.1:4444/wd/hub/session/bafcdd9a3a7612c1d21228adb6d74d5d/element - {"using":"css selector","value":".oncoprint__controls__heatmap_menu textarea"}
RESULT: {"sessionId":"bafcdd9a3a7612c1d21228adb6d74d5d","status":0,"value":{"ELEMENT":"0.09953627483317518-17"}}
COMMAND: GET http://127.0.0.1:4444/wd/hub/session/bafcdd9a3a7612c1d21228adb6d74d5d/element/0.09953627483317518-17/text - {}
RESULT: {"sessionId":"bafcdd9a3a7612c1d21228adb6d74d5d","status":0,"value":""}
COMMAND: POST http://127.0.0.1:4444/wd/hub/session/bafcdd9a3a7612c1d21228adb6d74d5d/element - {"using":"css selector","value":".oncoprint__controls__heatmap_menu"}
RESULT: {"sessionId":"bafcdd9a3a7612c1d21228adb6d74d5d","status":0,"value":{"ELEMENT":"0.09953627483317518-14"}}
COMMAND: POST http://127.0.0.1:4444/wd/hub/session/bafcdd9a3a7612c1d21228adb6d74d5d/element/0.09953627483317518-14/element - {"using":"css selector","value":".Select-control"}
RESULT: {"sessionId":"bafcdd9a3a7612c1d21228adb6d74d5d","status":0,"value":{"ELEMENT":"0.09953627483317518-15"}}
COMMAND: POST http://127.0.0.1:4444/wd/hub/session/bafcdd9a3a7612c1d21228adb6d74d5d/element/0.09953627483317518-15/click - {}
RESULT: {"sessionId":"bafcdd9a3a7612c1d21228adb6d74d5d","status":0,"value":null}
COMMAND: POST http://127.0.0.1:4444/wd/hub/session/bafcdd9a3a7612c1d21228adb6d74d5d/element/0.09953627483317518-14/element - {"using":"xpath","value":".//*[contains(@class, \"Select-option\") and normalize-space() = \"mRNA expression (microarray) Z-Score normalized\"]"}
RESULT: {"sessionId":"bafcdd9a3a7612c1d21228adb6d74d5d","status":0,"value":{"ELEMENT":"0.09953627483317518-18"}}
COMMAND: POST http://127.0.0.1:4444/wd/hub/session/bafcdd9a3a7612c1d21228adb6d74d5d/element/0.09953627483317518-18/click - {}
RESULT: {"sessionId":"bafcdd9a3a7612c1d21228adb6d74d5d","status":0,"value":null}
COMMAND: POST http://127.0.0.1:4444/wd/hub/session/bafcdd9a3a7612c1d21228adb6d74d5d/element - {"using":"css selector","value":".oncoprint__controls__heatmap_menu textarea"}
RESULT: {"sessionId":"bafcdd9a3a7612c1d21228adb6d74d5d","status":0,"value":{"ELEMENT":"0.09953627483317518-19"}}
COMMAND: GET http://127.0.0.1:4444/wd/hub/session/bafcdd9a3a7612c1d21228adb6d74d5d/element/0.09953627483317518-19/text - {}
RESULT: {"sessionId":"bafcdd9a3a7612c1d21228adb6d74d5d","status":0,"value":"CDKN2A MDM2 MDM4 TP53"}
COMMAND: POST http://127.0.0.1:4444/wd/hub/session/bafcdd9a3a7612c1d21228adb6d74d5d/execute - {"script":"return (function () {\n\n            Object.keys(window.ajaxRequests).forEach((key)=>{\n                window.ajaxRequests[key].end = Date.now();\n                window.ajaxRequests[key].duration = window.ajaxRequests[key].end - window.ajaxRequests[key].started;\n            });\n\n            return JSON.stringify(window.ajaxRequests);\n\n        }).apply(null, arguments)","args":[]}
RESULT: {"sessionId":"bafcdd9a3a7612c1d21228adb6d74d5d","status":0,"value":"{}"}
]]>
      </system-out>
    </testcase>
    <testcase classname=".oncoprint_tab" name="shows_treatment_selection_box_in_heatmap_menu_when_treatment_data_type_is_selected" time="3.099">
      <system-out>
        <![CDATA[
COMMAND: POST http://127.0.0.1:4444/wd/hub/session/bafcdd9a3a7612c1d21228adb6d74d5d/url - {"url":"http://localhost:8081/results/oncoprint?Action=Submit&RPPA_SCORE_THRESHOLD=2.0&Z_SCORE_THRESHOLD=2.0&cancer_study_list=study_es_0&case_set_id=study_es_0_all&clinicallist=NUM_SAMPLES_PER_PATIENT%2CPROFILED_IN_study_es_0_mutations%2CPROFILED_IN_study_es_0_gistic&data_priority=0&gene_list=CDKN2A%2520MDM2%2520MDM4%2520TP53&geneset_list=%20&genetic_profile_ids_PROFILE_COPY_NUMBER_ALTERATION=study_es_0_gistic&genetic_profile_ids_PROFILE_MUTATION_EXTENDED=study_es_0_mutations&show_samples=false&tab_index=tab_visualize&localdev=true"}
RESULT: {"sessionId":"bafcdd9a3a7612c1d21228adb6d74d5d","status":0,"value":null}
COMMAND: GET http://127.0.0.1:4444/wd/hub/session/bafcdd9a3a7612c1d21228adb6d74d5d/window/current/size - {}
RESULT: {"sessionId":"bafcdd9a3a7612c1d21228adb6d74d5d","status":0,"value":{"height":1050,"width":1008}}
COMMAND: POST http://127.0.0.1:4444/wd/hub/session/bafcdd9a3a7612c1d21228adb6d74d5d/execute - {"script":"return (function getViewportSize() {\n    return {\n        screenWidth: Math.max(document.documentElement.clientWidth, window.innerWidth || 0),\n        screenHeight: Math.max(document.documentElement.clientHeight, window.innerHeight || 0)\n    };\n}).apply(null, arguments)","args":[]}
RESULT: {"sessionId":"bafcdd9a3a7612c1d21228adb6d74d5d","status":0,"value":{"screenHeight":920,"screenWidth":1000}}
COMMAND: POST http://127.0.0.1:4444/wd/hub/session/bafcdd9a3a7612c1d21228adb6d74d5d/window/current/size - {"width":1008,"height":1730}
RESULT: {"sessionId":"bafcdd9a3a7612c1d21228adb6d74d5d","status":0,"value":null}
COMMAND: POST http://127.0.0.1:4444/wd/hub/session/bafcdd9a3a7612c1d21228adb6d74d5d/execute - {"script":"return (function getViewportSize() {\n    return {\n        screenWidth: Math.max(document.documentElement.clientWidth, window.innerWidth || 0),\n        screenHeight: Math.max(document.documentElement.clientHeight, window.innerHeight || 0)\n    };\n}).apply(null, arguments)","args":[]}
RESULT: {"sessionId":"bafcdd9a3a7612c1d21228adb6d74d5d","status":0,"value":{"screenHeight":1600,"screenWidth":1000}}
COMMAND: POST http://127.0.0.1:4444/wd/hub/session/bafcdd9a3a7612c1d21228adb6d74d5d/element - {"using":"css selector","value":"body"}
RESULT: {"sessionId":"bafcdd9a3a7612c1d21228adb6d74d5d","status":0,"value":{"ELEMENT":"0.46246252712796765-1"}}
COMMAND: POST http://127.0.0.1:4444/wd/hub/session/bafcdd9a3a7612c1d21228adb6d74d5d/moveto - {"element":"0.46246252712796765-1","xoffset":0,"yoffset":0}
RESULT: {"sessionId":"bafcdd9a3a7612c1d21228adb6d74d5d","status":0,"value":null}
COMMAND: POST http://127.0.0.1:4444/wd/hub/session/bafcdd9a3a7612c1d21228adb6d74d5d/elements - {"using":"css selector","value":".oncoprintLoadingIndicator"}
RESULT: {"sessionId":"bafcdd9a3a7612c1d21228adb6d74d5d","status":0,"value":[{"ELEMENT":"0.46246252712796765-2"}]}
COMMAND: POST http://127.0.0.1:4444/wd/hub/session/bafcdd9a3a7612c1d21228adb6d74d5d/elements - {"using":"css selector","value":".oncoprintLoadingIndicator"}
RESULT: {"sessionId":"bafcdd9a3a7612c1d21228adb6d74d5d","status":0,"value":[{"ELEMENT":"0.46246252712796765-2"}]}
COMMAND: POST http://127.0.0.1:4444/wd/hub/session/bafcdd9a3a7612c1d21228adb6d74d5d/elements - {"using":"css selector","value":".oncoprintLoadingIndicator"}
RESULT: {"sessionId":"bafcdd9a3a7612c1d21228adb6d74d5d","status":0,"value":[]}
COMMAND: POST http://127.0.0.1:4444/wd/hub/session/bafcdd9a3a7612c1d21228adb6d74d5d/elements - {"using":"css selector","value":"#oncoprintDiv svg rect"}
RESULT: {"sessionId":"bafcdd9a3a7612c1d21228adb6d74d5d","status":0,"value":[{"ELEMENT":"0.46246252712796765-3"},{"ELEMENT":"0.46246252712796765-4"},{"ELEMENT":"0.46246252712796765-5"},{"ELEMENT":"0.46246252712796765-6"},{"ELEMENT":"0.46246252712796765-7"},{"ELEMENT":"0.46246252712796765-8"},{"ELEMENT":"0.46246252712796765-9"},{"ELEMENT":"0.46246252712796765-10"}]}
COMMAND: POST http://127.0.0.1:4444/wd/hub/session/bafcdd9a3a7612c1d21228adb6d74d5d/elements - {"using":"css selector","value":".oncoprintContainer"}
RESULT: {"sessionId":"bafcdd9a3a7612c1d21228adb6d74d5d","status":0,"value":[{"ELEMENT":"0.46246252712796765-11"}]}
COMMAND: GET http://127.0.0.1:4444/wd/hub/session/bafcdd9a3a7612c1d21228adb6d74d5d/element/0.46246252712796765-11/css/opacity - {}
RESULT: {"sessionId":"bafcdd9a3a7612c1d21228adb6d74d5d","status":0,"value":"0.00862043"}
COMMAND: POST http://127.0.0.1:4444/wd/hub/session/bafcdd9a3a7612c1d21228adb6d74d5d/elements - {"using":"css selector","value":".oncoprintLoadingIndicator"}
RESULT: {"sessionId":"bafcdd9a3a7612c1d21228adb6d74d5d","status":0,"value":[]}
COMMAND: POST http://127.0.0.1:4444/wd/hub/session/bafcdd9a3a7612c1d21228adb6d74d5d/elements - {"using":"css selector","value":"#oncoprintDiv svg rect"}
RESULT: {"sessionId":"bafcdd9a3a7612c1d21228adb6d74d5d","status":0,"value":[{"ELEMENT":"0.46246252712796765-3"},{"ELEMENT":"0.46246252712796765-4"},{"ELEMENT":"0.46246252712796765-5"},{"ELEMENT":"0.46246252712796765-6"},{"ELEMENT":"0.46246252712796765-7"},{"ELEMENT":"0.46246252712796765-8"},{"ELEMENT":"0.46246252712796765-9"},{"ELEMENT":"0.46246252712796765-10"}]}
COMMAND: POST http://127.0.0.1:4444/wd/hub/session/bafcdd9a3a7612c1d21228adb6d74d5d/elements - {"using":"css selector","value":".oncoprintContainer"}
RESULT: {"sessionId":"bafcdd9a3a7612c1d21228adb6d74d5d","status":0,"value":[{"ELEMENT":"0.46246252712796765-11"}]}
COMMAND: GET http://127.0.0.1:4444/wd/hub/session/bafcdd9a3a7612c1d21228adb6d74d5d/element/0.46246252712796765-11/css/opacity - {}
RESULT: {"sessionId":"bafcdd9a3a7612c1d21228adb6d74d5d","status":0,"value":"0.736489"}
COMMAND: POST http://127.0.0.1:4444/wd/hub/session/bafcdd9a3a7612c1d21228adb6d74d5d/elements - {"using":"css selector","value":".oncoprintLoadingIndicator"}
RESULT: {"sessionId":"bafcdd9a3a7612c1d21228adb6d74d5d","status":0,"value":[]}
COMMAND: POST http://127.0.0.1:4444/wd/hub/session/bafcdd9a3a7612c1d21228adb6d74d5d/elements - {"using":"css selector","value":"#oncoprintDiv svg rect"}
RESULT: {"sessionId":"bafcdd9a3a7612c1d21228adb6d74d5d","status":0,"value":[{"ELEMENT":"0.46246252712796765-3"},{"ELEMENT":"0.46246252712796765-4"},{"ELEMENT":"0.46246252712796765-5"},{"ELEMENT":"0.46246252712796765-6"},{"ELEMENT":"0.46246252712796765-7"},{"ELEMENT":"0.46246252712796765-8"},{"ELEMENT":"0.46246252712796765-9"},{"ELEMENT":"0.46246252712796765-10"}]}
COMMAND: POST http://127.0.0.1:4444/wd/hub/session/bafcdd9a3a7612c1d21228adb6d74d5d/elements - {"using":"css selector","value":".oncoprintContainer"}
RESULT: {"sessionId":"bafcdd9a3a7612c1d21228adb6d74d5d","status":0,"value":[{"ELEMENT":"0.46246252712796765-11"}]}
COMMAND: GET http://127.0.0.1:4444/wd/hub/session/bafcdd9a3a7612c1d21228adb6d74d5d/element/0.46246252712796765-11/css/opacity - {}
RESULT: {"sessionId":"bafcdd9a3a7612c1d21228adb6d74d5d","status":0,"value":"1"}
COMMAND: POST http://127.0.0.1:4444/wd/hub/session/bafcdd9a3a7612c1d21228adb6d74d5d/element - {"using":"css selector","value":"button[id=heatmapDropdown]"}
RESULT: {"sessionId":"bafcdd9a3a7612c1d21228adb6d74d5d","status":0,"value":{"ELEMENT":"0.46246252712796765-12"}}
COMMAND: POST http://127.0.0.1:4444/wd/hub/session/bafcdd9a3a7612c1d21228adb6d74d5d/element/0.46246252712796765-12/click - {}
RESULT: {"sessionId":"bafcdd9a3a7612c1d21228adb6d74d5d","status":0,"value":null}
COMMAND: POST http://127.0.0.1:4444/wd/hub/session/bafcdd9a3a7612c1d21228adb6d74d5d/element - {"using":"css selector","value":".oncoprint__controls__heatmap_menu"}
RESULT: {"sessionId":"bafcdd9a3a7612c1d21228adb6d74d5d","status":0,"value":{"ELEMENT":"0.46246252712796765-13"}}
COMMAND: POST http://127.0.0.1:4444/wd/hub/session/bafcdd9a3a7612c1d21228adb6d74d5d/element/0.46246252712796765-13/element - {"using":"css selector","value":".Select-control"}
RESULT: {"sessionId":"bafcdd9a3a7612c1d21228adb6d74d5d","status":0,"value":{"ELEMENT":"0.46246252712796765-14"}}
COMMAND: POST http://127.0.0.1:4444/wd/hub/session/bafcdd9a3a7612c1d21228adb6d74d5d/element/0.46246252712796765-14/click - {}
RESULT: {"sessionId":"bafcdd9a3a7612c1d21228adb6d74d5d","status":0,"value":null}
COMMAND: POST http://127.0.0.1:4444/wd/hub/session/bafcdd9a3a7612c1d21228adb6d74d5d/element/0.46246252712796765-13/element - {"using":"xpath","value":".//*[contains(@class, \"Select-option\") and normalize-space() = \"IC50 values of compounds on cellular phenotype readout\"]"}
RESULT: {"sessionId":"bafcdd9a3a7612c1d21228adb6d74d5d","status":0,"value":{"ELEMENT":"0.46246252712796765-15"}}
COMMAND: POST http://127.0.0.1:4444/wd/hub/session/bafcdd9a3a7612c1d21228adb6d74d5d/element/0.46246252712796765-15/click - {}
RESULT: {"sessionId":"bafcdd9a3a7612c1d21228adb6d74d5d","status":0,"value":null}
COMMAND: POST http://127.0.0.1:4444/wd/hub/session/bafcdd9a3a7612c1d21228adb6d74d5d/element - {"using":"css selector","value":".oncoprint__controls__heatmap_menu.treatment-selector"}
RESULT: {"message":"no such element: Unable to locate element: {\"method\":\"css selector\",\"selector\":\".oncoprint__controls__heatmap_menu.treatment-selector\"}","type":"RuntimeError","seleniumStack":{"status":7,"type":"NoSuchElement","message":"An element could not be located on the page using the given search parameters.","orgStatusMessage":"no such element: Unable to locate element: {\"method\":\"css selector\",\"selector\":\".oncoprint__controls__heatmap_menu.treatment-selector\"}\n  (Session info: chrome=76.0.3809.100)\n  (Driver info: chromedriver=2.42.591071 (0b695ff80972cc1a65a5cd643186d2ae582cd4ac),platform=Linux 5.0.0-25-generic x86_64)"}}
COMMAND: POST http://127.0.0.1:4444/wd/hub/session/bafcdd9a3a7612c1d21228adb6d74d5d/execute - {"script":"return (function () {\n\n            Object.keys(window.ajaxRequests).forEach((key)=>{\n                window.ajaxRequests[key].end = Date.now();\n                window.ajaxRequests[key].duration = window.ajaxRequests[key].end - window.ajaxRequests[key].started;\n            });\n\n            return JSON.stringify(window.ajaxRequests);\n\n        }).apply(null, arguments)","args":[]}
RESULT: {"sessionId":"bafcdd9a3a7612c1d21228adb6d74d5d","status":0,"value":"{}"}
]]>
      </system-out>
    </testcase>
    <testcase classname=".oncoprint_tab" name="adds_icon_when_entering_a_valid_treatment_in_treatment_text_area" time="3.191">
      <system-out>
        <![CDATA[
COMMAND: POST http://127.0.0.1:4444/wd/hub/session/bafcdd9a3a7612c1d21228adb6d74d5d/url - {"url":"http://localhost:8081/results/oncoprint?Action=Submit&RPPA_SCORE_THRESHOLD=2.0&Z_SCORE_THRESHOLD=2.0&cancer_study_list=study_es_0&case_set_id=study_es_0_all&clinicallist=NUM_SAMPLES_PER_PATIENT%2CPROFILED_IN_study_es_0_mutations%2CPROFILED_IN_study_es_0_gistic&data_priority=0&gene_list=CDKN2A%2520MDM2%2520MDM4%2520TP53&geneset_list=%20&genetic_profile_ids_PROFILE_COPY_NUMBER_ALTERATION=study_es_0_gistic&genetic_profile_ids_PROFILE_MUTATION_EXTENDED=study_es_0_mutations&show_samples=false&tab_index=tab_visualize&localdev=true"}
RESULT: {"sessionId":"bafcdd9a3a7612c1d21228adb6d74d5d","status":0,"value":null}
COMMAND: GET http://127.0.0.1:4444/wd/hub/session/bafcdd9a3a7612c1d21228adb6d74d5d/window/current/size - {}
RESULT: {"sessionId":"bafcdd9a3a7612c1d21228adb6d74d5d","status":0,"value":{"height":1050,"width":1008}}
COMMAND: POST http://127.0.0.1:4444/wd/hub/session/bafcdd9a3a7612c1d21228adb6d74d5d/execute - {"script":"return (function getViewportSize() {\n    return {\n        screenWidth: Math.max(document.documentElement.clientWidth, window.innerWidth || 0),\n        screenHeight: Math.max(document.documentElement.clientHeight, window.innerHeight || 0)\n    };\n}).apply(null, arguments)","args":[]}
RESULT: {"sessionId":"bafcdd9a3a7612c1d21228adb6d74d5d","status":0,"value":{"screenHeight":920,"screenWidth":1000}}
COMMAND: POST http://127.0.0.1:4444/wd/hub/session/bafcdd9a3a7612c1d21228adb6d74d5d/window/current/size - {"width":1008,"height":1730}
RESULT: {"sessionId":"bafcdd9a3a7612c1d21228adb6d74d5d","status":0,"value":null}
COMMAND: POST http://127.0.0.1:4444/wd/hub/session/bafcdd9a3a7612c1d21228adb6d74d5d/execute - {"script":"return (function getViewportSize() {\n    return {\n        screenWidth: Math.max(document.documentElement.clientWidth, window.innerWidth || 0),\n        screenHeight: Math.max(document.documentElement.clientHeight, window.innerHeight || 0)\n    };\n}).apply(null, arguments)","args":[]}
RESULT: {"sessionId":"bafcdd9a3a7612c1d21228adb6d74d5d","status":0,"value":{"screenHeight":1600,"screenWidth":1000}}
COMMAND: POST http://127.0.0.1:4444/wd/hub/session/bafcdd9a3a7612c1d21228adb6d74d5d/element - {"using":"css selector","value":"body"}
RESULT: {"sessionId":"bafcdd9a3a7612c1d21228adb6d74d5d","status":0,"value":{"ELEMENT":"0.14268864246418023-1"}}
COMMAND: POST http://127.0.0.1:4444/wd/hub/session/bafcdd9a3a7612c1d21228adb6d74d5d/moveto - {"element":"0.14268864246418023-1","xoffset":0,"yoffset":0}
RESULT: {"sessionId":"bafcdd9a3a7612c1d21228adb6d74d5d","status":0,"value":null}
COMMAND: POST http://127.0.0.1:4444/wd/hub/session/bafcdd9a3a7612c1d21228adb6d74d5d/elements - {"using":"css selector","value":".oncoprintLoadingIndicator"}
RESULT: {"sessionId":"bafcdd9a3a7612c1d21228adb6d74d5d","status":0,"value":[{"ELEMENT":"0.14268864246418023-2"}]}
COMMAND: POST http://127.0.0.1:4444/wd/hub/session/bafcdd9a3a7612c1d21228adb6d74d5d/elements - {"using":"css selector","value":".oncoprintLoadingIndicator"}
RESULT: {"sessionId":"bafcdd9a3a7612c1d21228adb6d74d5d","status":0,"value":[{"ELEMENT":"0.14268864246418023-2"}]}
COMMAND: POST http://127.0.0.1:4444/wd/hub/session/bafcdd9a3a7612c1d21228adb6d74d5d/elements - {"using":"css selector","value":".oncoprintLoadingIndicator"}
RESULT: {"sessionId":"bafcdd9a3a7612c1d21228adb6d74d5d","status":0,"value":[{"ELEMENT":"0.14268864246418023-2"}]}
COMMAND: POST http://127.0.0.1:4444/wd/hub/session/bafcdd9a3a7612c1d21228adb6d74d5d/elements - {"using":"css selector","value":".oncoprintLoadingIndicator"}
RESULT: {"sessionId":"bafcdd9a3a7612c1d21228adb6d74d5d","status":0,"value":[]}
COMMAND: POST http://127.0.0.1:4444/wd/hub/session/bafcdd9a3a7612c1d21228adb6d74d5d/elements - {"using":"css selector","value":"#oncoprintDiv svg rect"}
RESULT: {"sessionId":"bafcdd9a3a7612c1d21228adb6d74d5d","status":0,"value":[{"ELEMENT":"0.14268864246418023-3"},{"ELEMENT":"0.14268864246418023-4"},{"ELEMENT":"0.14268864246418023-5"},{"ELEMENT":"0.14268864246418023-6"},{"ELEMENT":"0.14268864246418023-7"},{"ELEMENT":"0.14268864246418023-8"},{"ELEMENT":"0.14268864246418023-9"},{"ELEMENT":"0.14268864246418023-10"}]}
COMMAND: POST http://127.0.0.1:4444/wd/hub/session/bafcdd9a3a7612c1d21228adb6d74d5d/elements - {"using":"css selector","value":".oncoprintContainer"}
RESULT: {"sessionId":"bafcdd9a3a7612c1d21228adb6d74d5d","status":0,"value":[{"ELEMENT":"0.14268864246418023-11"}]}
COMMAND: GET http://127.0.0.1:4444/wd/hub/session/bafcdd9a3a7612c1d21228adb6d74d5d/element/0.14268864246418023-11/css/opacity - {}
RESULT: {"sessionId":"bafcdd9a3a7612c1d21228adb6d74d5d","status":0,"value":"0.632047"}
COMMAND: POST http://127.0.0.1:4444/wd/hub/session/bafcdd9a3a7612c1d21228adb6d74d5d/elements - {"using":"css selector","value":".oncoprintLoadingIndicator"}
RESULT: {"sessionId":"bafcdd9a3a7612c1d21228adb6d74d5d","status":0,"value":[]}
COMMAND: POST http://127.0.0.1:4444/wd/hub/session/bafcdd9a3a7612c1d21228adb6d74d5d/elements - {"using":"css selector","value":"#oncoprintDiv svg rect"}
RESULT: {"sessionId":"bafcdd9a3a7612c1d21228adb6d74d5d","status":0,"value":[{"ELEMENT":"0.14268864246418023-3"},{"ELEMENT":"0.14268864246418023-4"},{"ELEMENT":"0.14268864246418023-5"},{"ELEMENT":"0.14268864246418023-6"},{"ELEMENT":"0.14268864246418023-7"},{"ELEMENT":"0.14268864246418023-8"},{"ELEMENT":"0.14268864246418023-9"},{"ELEMENT":"0.14268864246418023-10"}]}
COMMAND: POST http://127.0.0.1:4444/wd/hub/session/bafcdd9a3a7612c1d21228adb6d74d5d/elements - {"using":"css selector","value":".oncoprintContainer"}
RESULT: {"sessionId":"bafcdd9a3a7612c1d21228adb6d74d5d","status":0,"value":[{"ELEMENT":"0.14268864246418023-11"}]}
COMMAND: GET http://127.0.0.1:4444/wd/hub/session/bafcdd9a3a7612c1d21228adb6d74d5d/element/0.14268864246418023-11/css/opacity - {}
RESULT: {"sessionId":"bafcdd9a3a7612c1d21228adb6d74d5d","status":0,"value":"1"}
COMMAND: POST http://127.0.0.1:4444/wd/hub/session/bafcdd9a3a7612c1d21228adb6d74d5d/element - {"using":"css selector","value":"button[id=heatmapDropdown]"}
RESULT: {"sessionId":"bafcdd9a3a7612c1d21228adb6d74d5d","status":0,"value":{"ELEMENT":"0.14268864246418023-12"}}
COMMAND: POST http://127.0.0.1:4444/wd/hub/session/bafcdd9a3a7612c1d21228adb6d74d5d/element/0.14268864246418023-12/click - {}
RESULT: {"sessionId":"bafcdd9a3a7612c1d21228adb6d74d5d","status":0,"value":null}
COMMAND: POST http://127.0.0.1:4444/wd/hub/session/bafcdd9a3a7612c1d21228adb6d74d5d/element - {"using":"css selector","value":".oncoprint__controls__heatmap_menu"}
RESULT: {"sessionId":"bafcdd9a3a7612c1d21228adb6d74d5d","status":0,"value":{"ELEMENT":"0.14268864246418023-13"}}
COMMAND: POST http://127.0.0.1:4444/wd/hub/session/bafcdd9a3a7612c1d21228adb6d74d5d/element/0.14268864246418023-13/element - {"using":"css selector","value":".Select-control"}
RESULT: {"sessionId":"bafcdd9a3a7612c1d21228adb6d74d5d","status":0,"value":{"ELEMENT":"0.14268864246418023-14"}}
COMMAND: POST http://127.0.0.1:4444/wd/hub/session/bafcdd9a3a7612c1d21228adb6d74d5d/element/0.14268864246418023-14/click - {}
RESULT: {"sessionId":"bafcdd9a3a7612c1d21228adb6d74d5d","status":0,"value":null}
COMMAND: POST http://127.0.0.1:4444/wd/hub/session/bafcdd9a3a7612c1d21228adb6d74d5d/element/0.14268864246418023-13/element - {"using":"xpath","value":".//*[contains(@class, \"Select-option\") and normalize-space() = \"IC50 values of compounds on cellular phenotype readout\"]"}
RESULT: {"sessionId":"bafcdd9a3a7612c1d21228adb6d74d5d","status":0,"value":{"ELEMENT":"0.14268864246418023-15"}}
COMMAND: POST http://127.0.0.1:4444/wd/hub/session/bafcdd9a3a7612c1d21228adb6d74d5d/element/0.14268864246418023-15/click - {}
RESULT: {"sessionId":"bafcdd9a3a7612c1d21228adb6d74d5d","status":0,"value":null}
COMMAND: POST http://127.0.0.1:4444/wd/hub/session/bafcdd9a3a7612c1d21228adb6d74d5d/element - {"using":"css selector","value":".oncoprint__controls__heatmap_menu textarea"}
RESULT: {"sessionId":"bafcdd9a3a7612c1d21228adb6d74d5d","status":0,"value":{"ELEMENT":"0.14268864246418023-16"}}
COMMAND: POST http://127.0.0.1:4444/wd/hub/session/bafcdd9a3a7612c1d21228adb6d74d5d/element/0.14268864246418023-16/clear - {}
RESULT: {"sessionId":"bafcdd9a3a7612c1d21228adb6d74d5d","status":0,"value":null}
COMMAND: POST http://127.0.0.1:4444/wd/hub/session/bafcdd9a3a7612c1d21228adb6d74d5d/element/0.14268864246418023-16/value - {"value":["1","7","-","A","A","G"],"text":"17-AAG"}
RESULT: {"sessionId":"bafcdd9a3a7612c1d21228adb6d74d5d","status":0,"value":null}
COMMAND: POST http://127.0.0.1:4444/wd/hub/session/bafcdd9a3a7612c1d21228adb6d74d5d/element - {"using":"xpath","value":"//div[contains(@class, \"icon\") and contains(., \"17-AAG\")]"}
RESULT: {"sessionId":"bafcdd9a3a7612c1d21228adb6d74d5d","status":0,"value":{"ELEMENT":"0.14268864246418023-17"}}
COMMAND: POST http://127.0.0.1:4444/wd/hub/session/bafcdd9a3a7612c1d21228adb6d74d5d/elements - {"using":"xpath","value":"//div[contains(@class, \"icon\") and contains(., \"17-AAG\")]"}
RESULT: {"sessionId":"bafcdd9a3a7612c1d21228adb6d74d5d","status":0,"value":[{"ELEMENT":"0.14268864246418023-17"}]}
COMMAND: POST http://127.0.0.1:4444/wd/hub/session/bafcdd9a3a7612c1d21228adb6d74d5d/element - {"using":"xpath","value":"//div[contains(@class, \"icon\") and contains(., \"17-AAG\")]"}
RESULT: {"sessionId":"bafcdd9a3a7612c1d21228adb6d74d5d","status":0,"value":{"ELEMENT":"0.14268864246418023-17"}}
COMMAND: POST http://127.0.0.1:4444/wd/hub/session/bafcdd9a3a7612c1d21228adb6d74d5d/execute - {"script":"return (function () {\n\n            Object.keys(window.ajaxRequests).forEach((key)=>{\n                window.ajaxRequests[key].end = Date.now();\n                window.ajaxRequests[key].duration = window.ajaxRequests[key].end - window.ajaxRequests[key].started;\n            });\n\n            return JSON.stringify(window.ajaxRequests);\n\n        }).apply(null, arguments)","args":[]}
RESULT: {"sessionId":"bafcdd9a3a7612c1d21228adb6d74d5d","status":0,"value":"{}"}
]]>
      </system-out>
    </testcase>
    <testcase classname=".oncoprint_tab" name="click_of_icon_remove_button_removes_icon" time="4.251">
      <system-out>
        <![CDATA[
COMMAND: POST http://127.0.0.1:4444/wd/hub/session/bafcdd9a3a7612c1d21228adb6d74d5d/url - {"url":"http://localhost:8081/results/oncoprint?Action=Submit&RPPA_SCORE_THRESHOLD=2.0&Z_SCORE_THRESHOLD=2.0&cancer_study_list=study_es_0&case_set_id=study_es_0_all&clinicallist=NUM_SAMPLES_PER_PATIENT%2CPROFILED_IN_study_es_0_mutations%2CPROFILED_IN_study_es_0_gistic&data_priority=0&gene_list=CDKN2A%2520MDM2%2520MDM4%2520TP53&geneset_list=%20&genetic_profile_ids_PROFILE_COPY_NUMBER_ALTERATION=study_es_0_gistic&genetic_profile_ids_PROFILE_MUTATION_EXTENDED=study_es_0_mutations&show_samples=false&tab_index=tab_visualize&localdev=true"}
RESULT: {"sessionId":"bafcdd9a3a7612c1d21228adb6d74d5d","status":0,"value":null}
COMMAND: GET http://127.0.0.1:4444/wd/hub/session/bafcdd9a3a7612c1d21228adb6d74d5d/window/current/size - {}
RESULT: {"sessionId":"bafcdd9a3a7612c1d21228adb6d74d5d","status":0,"value":{"height":1050,"width":1008}}
COMMAND: POST http://127.0.0.1:4444/wd/hub/session/bafcdd9a3a7612c1d21228adb6d74d5d/execute - {"script":"return (function getViewportSize() {\n    return {\n        screenWidth: Math.max(document.documentElement.clientWidth, window.innerWidth || 0),\n        screenHeight: Math.max(document.documentElement.clientHeight, window.innerHeight || 0)\n    };\n}).apply(null, arguments)","args":[]}
RESULT: {"sessionId":"bafcdd9a3a7612c1d21228adb6d74d5d","status":0,"value":{"screenHeight":920,"screenWidth":1000}}
COMMAND: POST http://127.0.0.1:4444/wd/hub/session/bafcdd9a3a7612c1d21228adb6d74d5d/window/current/size - {"width":1008,"height":1730}
RESULT: {"sessionId":"bafcdd9a3a7612c1d21228adb6d74d5d","status":0,"value":null}
COMMAND: POST http://127.0.0.1:4444/wd/hub/session/bafcdd9a3a7612c1d21228adb6d74d5d/execute - {"script":"return (function getViewportSize() {\n    return {\n        screenWidth: Math.max(document.documentElement.clientWidth, window.innerWidth || 0),\n        screenHeight: Math.max(document.documentElement.clientHeight, window.innerHeight || 0)\n    };\n}).apply(null, arguments)","args":[]}
RESULT: {"sessionId":"bafcdd9a3a7612c1d21228adb6d74d5d","status":0,"value":{"screenHeight":1600,"screenWidth":1000}}
COMMAND: POST http://127.0.0.1:4444/wd/hub/session/bafcdd9a3a7612c1d21228adb6d74d5d/element - {"using":"css selector","value":"body"}
RESULT: {"sessionId":"bafcdd9a3a7612c1d21228adb6d74d5d","status":0,"value":{"ELEMENT":"0.09583984468553752-1"}}
COMMAND: POST http://127.0.0.1:4444/wd/hub/session/bafcdd9a3a7612c1d21228adb6d74d5d/moveto - {"element":"0.09583984468553752-1","xoffset":0,"yoffset":0}
RESULT: {"sessionId":"bafcdd9a3a7612c1d21228adb6d74d5d","status":0,"value":null}
COMMAND: POST http://127.0.0.1:4444/wd/hub/session/bafcdd9a3a7612c1d21228adb6d74d5d/elements - {"using":"css selector","value":".oncoprintLoadingIndicator"}
RESULT: {"sessionId":"bafcdd9a3a7612c1d21228adb6d74d5d","status":0,"value":[{"ELEMENT":"0.09583984468553752-2"}]}
COMMAND: POST http://127.0.0.1:4444/wd/hub/session/bafcdd9a3a7612c1d21228adb6d74d5d/elements - {"using":"css selector","value":".oncoprintLoadingIndicator"}
RESULT: {"sessionId":"bafcdd9a3a7612c1d21228adb6d74d5d","status":0,"value":[{"ELEMENT":"0.09583984468553752-2"}]}
COMMAND: POST http://127.0.0.1:4444/wd/hub/session/bafcdd9a3a7612c1d21228adb6d74d5d/elements - {"using":"css selector","value":".oncoprintLoadingIndicator"}
RESULT: {"sessionId":"bafcdd9a3a7612c1d21228adb6d74d5d","status":0,"value":[{"ELEMENT":"0.09583984468553752-2"}]}
COMMAND: POST http://127.0.0.1:4444/wd/hub/session/bafcdd9a3a7612c1d21228adb6d74d5d/elements - {"using":"css selector","value":".oncoprintLoadingIndicator"}
RESULT: {"sessionId":"bafcdd9a3a7612c1d21228adb6d74d5d","status":0,"value":[]}
COMMAND: POST http://127.0.0.1:4444/wd/hub/session/bafcdd9a3a7612c1d21228adb6d74d5d/elements - {"using":"css selector","value":"#oncoprintDiv svg rect"}
RESULT: {"sessionId":"bafcdd9a3a7612c1d21228adb6d74d5d","status":0,"value":[{"ELEMENT":"0.09583984468553752-3"},{"ELEMENT":"0.09583984468553752-4"},{"ELEMENT":"0.09583984468553752-5"},{"ELEMENT":"0.09583984468553752-6"},{"ELEMENT":"0.09583984468553752-7"},{"ELEMENT":"0.09583984468553752-8"},{"ELEMENT":"0.09583984468553752-9"},{"ELEMENT":"0.09583984468553752-10"}]}
COMMAND: POST http://127.0.0.1:4444/wd/hub/session/bafcdd9a3a7612c1d21228adb6d74d5d/elements - {"using":"css selector","value":".oncoprintContainer"}
RESULT: {"sessionId":"bafcdd9a3a7612c1d21228adb6d74d5d","status":0,"value":[{"ELEMENT":"0.09583984468553752-11"}]}
COMMAND: GET http://127.0.0.1:4444/wd/hub/session/bafcdd9a3a7612c1d21228adb6d74d5d/element/0.09583984468553752-11/css/opacity - {}
RESULT: {"sessionId":"bafcdd9a3a7612c1d21228adb6d74d5d","status":0,"value":"0.231588"}
COMMAND: POST http://127.0.0.1:4444/wd/hub/session/bafcdd9a3a7612c1d21228adb6d74d5d/elements - {"using":"css selector","value":".oncoprintLoadingIndicator"}
RESULT: {"sessionId":"bafcdd9a3a7612c1d21228adb6d74d5d","status":0,"value":[]}
COMMAND: POST http://127.0.0.1:4444/wd/hub/session/bafcdd9a3a7612c1d21228adb6d74d5d/elements - {"using":"css selector","value":"#oncoprintDiv svg rect"}
RESULT: {"sessionId":"bafcdd9a3a7612c1d21228adb6d74d5d","status":0,"value":[{"ELEMENT":"0.09583984468553752-3"},{"ELEMENT":"0.09583984468553752-4"},{"ELEMENT":"0.09583984468553752-5"},{"ELEMENT":"0.09583984468553752-6"},{"ELEMENT":"0.09583984468553752-7"},{"ELEMENT":"0.09583984468553752-8"},{"ELEMENT":"0.09583984468553752-9"},{"ELEMENT":"0.09583984468553752-10"}]}
COMMAND: POST http://127.0.0.1:4444/wd/hub/session/bafcdd9a3a7612c1d21228adb6d74d5d/elements - {"using":"css selector","value":".oncoprintContainer"}
RESULT: {"sessionId":"bafcdd9a3a7612c1d21228adb6d74d5d","status":0,"value":[{"ELEMENT":"0.09583984468553752-11"}]}
COMMAND: GET http://127.0.0.1:4444/wd/hub/session/bafcdd9a3a7612c1d21228adb6d74d5d/element/0.09583984468553752-11/css/opacity - {}
RESULT: {"sessionId":"bafcdd9a3a7612c1d21228adb6d74d5d","status":0,"value":"1"}
COMMAND: POST http://127.0.0.1:4444/wd/hub/session/bafcdd9a3a7612c1d21228adb6d74d5d/element - {"using":"css selector","value":"button[id=heatmapDropdown]"}
RESULT: {"sessionId":"bafcdd9a3a7612c1d21228adb6d74d5d","status":0,"value":{"ELEMENT":"0.09583984468553752-12"}}
COMMAND: POST http://127.0.0.1:4444/wd/hub/session/bafcdd9a3a7612c1d21228adb6d74d5d/element/0.09583984468553752-12/click - {}
RESULT: {"sessionId":"bafcdd9a3a7612c1d21228adb6d74d5d","status":0,"value":null}
COMMAND: POST http://127.0.0.1:4444/wd/hub/session/bafcdd9a3a7612c1d21228adb6d74d5d/element - {"using":"css selector","value":".oncoprint__controls__heatmap_menu"}
RESULT: {"sessionId":"bafcdd9a3a7612c1d21228adb6d74d5d","status":0,"value":{"ELEMENT":"0.09583984468553752-13"}}
COMMAND: POST http://127.0.0.1:4444/wd/hub/session/bafcdd9a3a7612c1d21228adb6d74d5d/element/0.09583984468553752-13/element - {"using":"css selector","value":".Select-control"}
RESULT: {"sessionId":"bafcdd9a3a7612c1d21228adb6d74d5d","status":0,"value":{"ELEMENT":"0.09583984468553752-14"}}
COMMAND: POST http://127.0.0.1:4444/wd/hub/session/bafcdd9a3a7612c1d21228adb6d74d5d/element/0.09583984468553752-14/click - {}
RESULT: {"sessionId":"bafcdd9a3a7612c1d21228adb6d74d5d","status":0,"value":null}
COMMAND: POST http://127.0.0.1:4444/wd/hub/session/bafcdd9a3a7612c1d21228adb6d74d5d/element/0.09583984468553752-13/element - {"using":"xpath","value":".//*[contains(@class, \"Select-option\") and normalize-space() = \"IC50 values of compounds on cellular phenotype readout\"]"}
RESULT: {"sessionId":"bafcdd9a3a7612c1d21228adb6d74d5d","status":0,"value":{"ELEMENT":"0.09583984468553752-15"}}
COMMAND: POST http://127.0.0.1:4444/wd/hub/session/bafcdd9a3a7612c1d21228adb6d74d5d/element/0.09583984468553752-15/click - {}
RESULT: {"sessionId":"bafcdd9a3a7612c1d21228adb6d74d5d","status":0,"value":null}
COMMAND: POST http://127.0.0.1:4444/wd/hub/session/bafcdd9a3a7612c1d21228adb6d74d5d/element - {"using":"css selector","value":".oncoprint__controls__heatmap_menu textarea"}
RESULT: {"sessionId":"bafcdd9a3a7612c1d21228adb6d74d5d","status":0,"value":{"ELEMENT":"0.09583984468553752-16"}}
COMMAND: POST http://127.0.0.1:4444/wd/hub/session/bafcdd9a3a7612c1d21228adb6d74d5d/element/0.09583984468553752-16/clear - {}
RESULT: {"sessionId":"bafcdd9a3a7612c1d21228adb6d74d5d","status":0,"value":null}
COMMAND: POST http://127.0.0.1:4444/wd/hub/session/bafcdd9a3a7612c1d21228adb6d74d5d/element/0.09583984468553752-16/value - {"value":["1","7","-","A","A","G"],"text":"17-AAG"}
RESULT: {"sessionId":"bafcdd9a3a7612c1d21228adb6d74d5d","status":0,"value":null}
COMMAND: POST http://127.0.0.1:4444/wd/hub/session/bafcdd9a3a7612c1d21228adb6d74d5d/element - {"using":"css selector","value":"div.icon-area div.icon"}
RESULT: {"message":"no such element: Unable to locate element: {\"method\":\"css selector\",\"selector\":\"div.icon-area div.icon\"}","type":"RuntimeError","seleniumStack":{"status":7,"type":"NoSuchElement","message":"An element could not be located on the page using the given search parameters.","orgStatusMessage":"no such element: Unable to locate element: {\"method\":\"css selector\",\"selector\":\"div.icon-area div.icon\"}\n  (Session info: chrome=76.0.3809.100)\n  (Driver info: chromedriver=2.42.591071 (0b695ff80972cc1a65a5cd643186d2ae582cd4ac),platform=Linux 5.0.0-25-generic x86_64)"}}
COMMAND: POST http://127.0.0.1:4444/wd/hub/session/bafcdd9a3a7612c1d21228adb6d74d5d/elements - {"using":"css selector","value":"div.icon-area div.icon"}
RESULT: {"sessionId":"bafcdd9a3a7612c1d21228adb6d74d5d","status":0,"value":[]}
COMMAND: POST http://127.0.0.1:4444/wd/hub/session/bafcdd9a3a7612c1d21228adb6d74d5d/elements - {"using":"css selector","value":"div.icon-area div.icon"}
RESULT: {"sessionId":"bafcdd9a3a7612c1d21228adb6d74d5d","status":0,"value":[]}
COMMAND: POST http://127.0.0.1:4444/wd/hub/session/bafcdd9a3a7612c1d21228adb6d74d5d/elements - {"using":"css selector","value":"div.icon-area div.icon"}
RESULT: {"sessionId":"bafcdd9a3a7612c1d21228adb6d74d5d","status":0,"value":[{"ELEMENT":"0.09583984468553752-17"}]}
COMMAND: POST http://127.0.0.1:4444/wd/hub/session/bafcdd9a3a7612c1d21228adb6d74d5d/element - {"using":"css selector","value":"div.icon-area div.icon-button"}
RESULT: {"sessionId":"bafcdd9a3a7612c1d21228adb6d74d5d","status":0,"value":{"ELEMENT":"0.09583984468553752-18"}}
COMMAND: POST http://127.0.0.1:4444/wd/hub/session/bafcdd9a3a7612c1d21228adb6d74d5d/element/0.09583984468553752-18/click - {}
RESULT: {"sessionId":"bafcdd9a3a7612c1d21228adb6d74d5d","status":0,"value":null}
COMMAND: POST http://127.0.0.1:4444/wd/hub/session/bafcdd9a3a7612c1d21228adb6d74d5d/element - {"using":"css selector","value":"div.icon-area div.icon"}
RESULT: {"message":"no such element: Unable to locate element: {\"method\":\"css selector\",\"selector\":\"div.icon-area div.icon\"}","type":"RuntimeError","seleniumStack":{"status":7,"type":"NoSuchElement","message":"An element could not be located on the page using the given search parameters.","orgStatusMessage":"no such element: Unable to locate element: {\"method\":\"css selector\",\"selector\":\"div.icon-area div.icon\"}\n  (Session info: chrome=76.0.3809.100)\n  (Driver info: chromedriver=2.42.591071 (0b695ff80972cc1a65a5cd643186d2ae582cd4ac),platform=Linux 5.0.0-25-generic x86_64)"}}
COMMAND: POST http://127.0.0.1:4444/wd/hub/session/bafcdd9a3a7612c1d21228adb6d74d5d/elements - {"using":"css selector","value":"div.icon-area div.icon"}
RESULT: {"sessionId":"bafcdd9a3a7612c1d21228adb6d74d5d","status":0,"value":[]}
COMMAND: POST http://127.0.0.1:4444/wd/hub/session/bafcdd9a3a7612c1d21228adb6d74d5d/element - {"using":"css selector","value":"div.icon-area div.icon"}
RESULT: {"message":"no such element: Unable to locate element: {\"method\":\"css selector\",\"selector\":\"div.icon-area div.icon\"}","type":"RuntimeError","seleniumStack":{"status":7,"type":"NoSuchElement","message":"An element could not be located on the page using the given search parameters.","orgStatusMessage":"no such element: Unable to locate element: {\"method\":\"css selector\",\"selector\":\"div.icon-area div.icon\"}\n  (Session info: chrome=76.0.3809.100)\n  (Driver info: chromedriver=2.42.591071 (0b695ff80972cc1a65a5cd643186d2ae582cd4ac),platform=Linux 5.0.0-25-generic x86_64)"}}
COMMAND: POST http://127.0.0.1:4444/wd/hub/session/bafcdd9a3a7612c1d21228adb6d74d5d/elements - {"using":"css selector","value":"div.icon-area div.icon"}
RESULT: {"sessionId":"bafcdd9a3a7612c1d21228adb6d74d5d","status":0,"value":[]}
COMMAND: POST http://127.0.0.1:4444/wd/hub/session/bafcdd9a3a7612c1d21228adb6d74d5d/execute - {"script":"return (function () {\n\n            Object.keys(window.ajaxRequests).forEach((key)=>{\n                window.ajaxRequests[key].end = Date.now();\n                window.ajaxRequests[key].duration = window.ajaxRequests[key].end - window.ajaxRequests[key].started;\n            });\n\n            return JSON.stringify(window.ajaxRequests);\n\n        }).apply(null, arguments)","args":[]}
RESULT: {"sessionId":"bafcdd9a3a7612c1d21228adb6d74d5d","status":0,"value":"{}"}
]]>
      </system-out>
    </testcase>
    <testcase classname=".oncoprint_tab" name="removes_valid_treatment_from_treatment_text_area_when_recognized" time="4.618">
      <system-out>
        <![CDATA[
[...]
COMMAND: POST http://127.0.0.1:4444/wd/hub/session/bafcdd9a3a7612c1d21228adb6d74d5d/execute - {"script":"return (function getViewportSize() {\n    return {\n        screenWidth: Math.max(document.documentElement.clientWidth, window.innerWidth || 0),\n        screenHeight: Math.max(document.documentElement.clientHeight, window.innerHeight || 0)\n    };\n}).apply(null, arguments)","args":[]}
RESULT: {"sessionId":"bafcdd9a3a7612c1d21228adb6d74d5d","status":0,"value":{"screenHeight":920,"screenWidth":1000}}
COMMAND: GET http://127.0.0.1:4444/wd/hub/session/bafcdd9a3a7612c1d21228adb6d74d5d/window/current/size - {}
RESULT: {"sessionId":"bafcdd9a3a7612c1d21228adb6d74d5d","status":0,"value":{"height":1050,"width":1008}}
COMMAND: POST http://127.0.0.1:4444/wd/hub/session/bafcdd9a3a7612c1d21228adb6d74d5d/execute - {"script":"return (function getViewportSize() {\n    return {\n        screenWidth: Math.max(document.documentElement.clientWidth, window.innerWidth || 0),\n        screenHeight: Math.max(document.documentElement.clientHeight, window.innerHeight || 0)\n    };\n}).apply(null, arguments)","args":[]}
RESULT: {"sessionId":"bafcdd9a3a7612c1d21228adb6d74d5d","status":0,"value":{"screenHeight":920,"screenWidth":1000}}
COMMAND: POST http://127.0.0.1:4444/wd/hub/session/bafcdd9a3a7612c1d21228adb6d74d5d/window/current/size - {"width":1008,"height":1730}
RESULT: {"sessionId":"bafcdd9a3a7612c1d21228adb6d74d5d","status":0,"value":null}
COMMAND: POST http://127.0.0.1:4444/wd/hub/session/bafcdd9a3a7612c1d21228adb6d74d5d/execute - {"script":"return (function getViewportSize() {\n    return {\n        screenWidth: Math.max(document.documentElement.clientWidth, window.innerWidth || 0),\n        screenHeight: Math.max(document.documentElement.clientHeight, window.innerHeight || 0)\n    };\n}).apply(null, arguments)","args":[]}
RESULT: {"sessionId":"bafcdd9a3a7612c1d21228adb6d74d5d","status":0,"value":{"screenHeight":920,"screenWidth":1000}}
COMMAND: GET http://127.0.0.1:4444/wd/hub/session/bafcdd9a3a7612c1d21228adb6d74d5d/window/current/size - {}
RESULT: {"sessionId":"bafcdd9a3a7612c1d21228adb6d74d5d","status":0,"value":{"height":1050,"width":1008}}
COMMAND: POST http://127.0.0.1:4444/wd/hub/session/bafcdd9a3a7612c1d21228adb6d74d5d/execute - {"script":"return (function getViewportSize() {\n    return {\n        screenWidth: Math.max(document.documentElement.clientWidth, window.innerWidth || 0),\n        screenHeight: Math.max(document.documentElement.clientHeight, window.innerHeight || 0)\n    };\n}).apply(null, arguments)","args":[]}
RESULT: {"sessionId":"bafcdd9a3a7612c1d21228adb6d74d5d","status":0,"value":{"screenHeight":920,"screenWidth":1000}}
COMMAND: POST http://127.0.0.1:4444/wd/hub/session/bafcdd9a3a7612c1d21228adb6d74d5d/window/current/size - {"width":1008,"height":1730}
RESULT: {"sessionId":"bafcdd9a3a7612c1d21228adb6d74d5d","status":0,"value":null}
COMMAND: POST http://127.0.0.1:4444/wd/hub/session/bafcdd9a3a7612c1d21228adb6d74d5d/execute - {"script":"return (function getViewportSize() {\n    return {\n        screenWidth: Math.max(document.documentElement.clientWidth, window.innerWidth || 0),\n        screenHeight: Math.max(document.documentElement.clientHeight, window.innerHeight || 0)\n    };\n}).apply(null, arguments)","args":[]}
RESULT: {"sessionId":"bafcdd9a3a7612c1d21228adb6d74d5d","status":0,"value":{"screenHeight":920,"screenWidth":1000}}
COMMAND: GET http://127.0.0.1:4444/wd/hub/session/bafcdd9a3a7612c1d21228adb6d74d5d/window/current/size - {}
RESULT: {"sessionId":"bafcdd9a3a7612c1d21228adb6d74d5d","status":0,"value":{"height":1050,"width":1008}}
COMMAND: POST http://127.0.0.1:4444/wd/hub/session/bafcdd9a3a7612c1d21228adb6d74d5d/execute - {"script":"return (function getViewportSize() {\n    return {\n        screenWidth: Math.max(document.documentElement.clientWidth, window.innerWidth || 0),\n        screenHeight: Math.max(document.documentElement.clientHeight, window.innerHeight || 0)\n    };\n}).apply(null, arguments)","args":[]}
RESULT: {"sessionId":"bafcdd9a3a7612c1d21228adb6d74d5d","status":0,"value":{"screenHeight":920,"screenWidth":1000}}
COMMAND: POST http://127.0.0.1:4444/wd/hub/session/bafcdd9a3a7612c1d21228adb6d74d5d/window/current/size - {"width":1008,"height":1730}
RESULT: {"sessionId":"bafcdd9a3a7612c1d21228adb6d74d5d","status":0,"value":null}
COMMAND: POST http://127.0.0.1:4444/wd/hub/session/bafcdd9a3a7612c1d21228adb6d74d5d/execute - {"script":"return (function getViewportSize() {\n    return {\n        screenWidth: Math.max(document.documentElement.clientWidth, window.innerWidth || 0),\n        screenHeight: Math.max(document.documentElement.clientHeight, window.innerHeight || 0)\n    };\n}).apply(null, arguments)","args":[]}
RESULT: {"sessionId":"bafcdd9a3a7612c1d21228adb6d74d5d","status":0,"value":{"screenHeight":920,"screenWidth":1000}}
COMMAND: POST http://127.0.0.1:4444/wd/hub/session/bafcdd9a3a7612c1d21228adb6d74d5d/element - {"using":"css selector","value":"body"}
RESULT: {"sessionId":"bafcdd9a3a7612c1d21228adb6d74d5d","status":0,"value":{"ELEMENT":"0.3685243935453657-1"}}
COMMAND: POST http://127.0.0.1:4444/wd/hub/session/bafcdd9a3a7612c1d21228adb6d74d5d/moveto - {"element":"0.3685243935453657-1","xoffset":0,"yoffset":0}
RESULT: {"sessionId":"bafcdd9a3a7612c1d21228adb6d74d5d","status":0,"value":null}
COMMAND: POST http://127.0.0.1:4444/wd/hub/session/bafcdd9a3a7612c1d21228adb6d74d5d/element - {"using":"css selector","value":"div.axisBlock"}
RESULT: {"sessionId":"bafcdd9a3a7612c1d21228adb6d74d5d","status":0,"value":{"ELEMENT":"0.3685243935453657-2"}}
COMMAND: POST http://127.0.0.1:4444/wd/hub/session/bafcdd9a3a7612c1d21228adb6d74d5d/elements - {"using":"css selector","value":"div.axisBlock"}
RESULT: {"sessionId":"bafcdd9a3a7612c1d21228adb6d74d5d","status":0,"value":[{"ELEMENT":"0.3685243935453657-2"},{"ELEMENT":"0.3685243935453657-3"}]}
COMMAND: GET http://127.0.0.1:4444/wd/hub/session/bafcdd9a3a7612c1d21228adb6d74d5d/element/0.3685243935453657-2/displayed - {}
COMMAND: GET http://127.0.0.1:4444/wd/hub/session/bafcdd9a3a7612c1d21228adb6d74d5d/element/0.3685243935453657-3/displayed - {}
RESULT: {"sessionId":"bafcdd9a3a7612c1d21228adb6d74d5d","status":0,"value":true}
RESULT: {"sessionId":"bafcdd9a3a7612c1d21228adb6d74d5d","status":0,"value":true}
COMMAND: POST http://127.0.0.1:4444/wd/hub/session/bafcdd9a3a7612c1d21228adb6d74d5d/element - {"using":"css selector","value":"[name=h-profile-type-selector]"}
RESULT: {"sessionId":"bafcdd9a3a7612c1d21228adb6d74d5d","status":0,"value":{"ELEMENT":"0.3685243935453657-4"}}
COMMAND: POST http://127.0.0.1:4444/wd/hub/session/bafcdd9a3a7612c1d21228adb6d74d5d/element/0.3685243935453657-4/element - {"using":"xpath","value":".."}
RESULT: {"sessionId":"bafcdd9a3a7612c1d21228adb6d74d5d","status":0,"value":{"ELEMENT":"0.3685243935453657-5"}}
COMMAND: POST http://127.0.0.1:4444/wd/hub/session/bafcdd9a3a7612c1d21228adb6d74d5d/element/0.3685243935453657-5/element - {"using":"css selector","value":".Select-control"}
RESULT: {"sessionId":"bafcdd9a3a7612c1d21228adb6d74d5d","status":0,"value":{"ELEMENT":"0.3685243935453657-6"}}
COMMAND: POST http://127.0.0.1:4444/wd/hub/session/bafcdd9a3a7612c1d21228adb6d74d5d/element/0.3685243935453657-6/click - {}
RESULT: {"sessionId":"bafcdd9a3a7612c1d21228adb6d74d5d","status":0,"value":null}
COMMAND: POST http://127.0.0.1:4444/wd/hub/session/bafcdd9a3a7612c1d21228adb6d74d5d/element/0.3685243935453657-5/element - {"using":"xpath","value":".//*[contains(@class, \"Select-option\") and normalize-space() = \"Treatment\"]"}
RESULT: {"sessionId":"bafcdd9a3a7612c1d21228adb6d74d5d","status":0,"value":{"ELEMENT":"0.3685243935453657-7"}}
COMMAND: POST http://127.0.0.1:4444/wd/hub/session/bafcdd9a3a7612c1d21228adb6d74d5d/element/0.3685243935453657-7/click - {}
RESULT: {"sessionId":"bafcdd9a3a7612c1d21228adb6d74d5d","status":0,"value":null}
COMMAND: POST http://127.0.0.1:4444/wd/hub/session/bafcdd9a3a7612c1d21228adb6d74d5d/element - {"using":"css selector","value":"[name=h-profile-name-selector]"}
RESULT: {"sessionId":"bafcdd9a3a7612c1d21228adb6d74d5d","status":0,"value":{"ELEMENT":"0.3685243935453657-8"}}
COMMAND: POST http://127.0.0.1:4444/wd/hub/session/bafcdd9a3a7612c1d21228adb6d74d5d/element/0.3685243935453657-8/element - {"using":"xpath","value":".."}
RESULT: {"sessionId":"bafcdd9a3a7612c1d21228adb6d74d5d","status":0,"value":{"ELEMENT":"0.3685243935453657-9"}}
COMMAND: POST http://127.0.0.1:4444/wd/hub/session/bafcdd9a3a7612c1d21228adb6d74d5d/element/0.3685243935453657-9/element - {"using":"css selector","value":".Select-control"}
RESULT: {"sessionId":"bafcdd9a3a7612c1d21228adb6d74d5d","status":0,"value":{"ELEMENT":"0.3685243935453657-10"}}
COMMAND: POST http://127.0.0.1:4444/wd/hub/session/bafcdd9a3a7612c1d21228adb6d74d5d/element/0.3685243935453657-10/click - {}
RESULT: {"sessionId":"bafcdd9a3a7612c1d21228adb6d74d5d","status":0,"value":null}
COMMAND: POST http://127.0.0.1:4444/wd/hub/session/bafcdd9a3a7612c1d21228adb6d74d5d/element/0.3685243935453657-9/element - {"using":"xpath","value":".//*[contains(@class, \"Select-option\") and normalize-space() = \"IC50 values of compounds on cellular phenotype readout\"]"}
RESULT: {"sessionId":"bafcdd9a3a7612c1d21228adb6d74d5d","status":0,"value":{"ELEMENT":"0.3685243935453657-11"}}
COMMAND: POST http://127.0.0.1:4444/wd/hub/session/bafcdd9a3a7612c1d21228adb6d74d5d/element/0.3685243935453657-11/click - {}
RESULT: {"sessionId":"bafcdd9a3a7612c1d21228adb6d74d5d","status":0,"value":null}
COMMAND: POST http://127.0.0.1:4444/wd/hub/session/bafcdd9a3a7612c1d21228adb6d74d5d/element - {"using":"css selector","value":"[name=v-profile-type-selector]"}
RESULT: {"sessionId":"bafcdd9a3a7612c1d21228adb6d74d5d","status":0,"value":{"ELEMENT":"0.3685243935453657-12"}}
COMMAND: POST http://127.0.0.1:4444/wd/hub/session/bafcdd9a3a7612c1d21228adb6d74d5d/element/0.3685243935453657-12/element - {"using":"xpath","value":".."}
RESULT: {"sessionId":"bafcdd9a3a7612c1d21228adb6d74d5d","status":0,"value":{"ELEMENT":"0.3685243935453657-13"}}
COMMAND: POST http://127.0.0.1:4444/wd/hub/session/bafcdd9a3a7612c1d21228adb6d74d5d/element/0.3685243935453657-13/element - {"using":"css selector","value":".Select-control"}
RESULT: {"sessionId":"bafcdd9a3a7612c1d21228adb6d74d5d","status":0,"value":{"ELEMENT":"0.3685243935453657-14"}}
COMMAND: POST http://127.0.0.1:4444/wd/hub/session/bafcdd9a3a7612c1d21228adb6d74d5d/element/0.3685243935453657-14/click - {}
RESULT: {"sessionId":"bafcdd9a3a7612c1d21228adb6d74d5d","status":0,"value":null}
COMMAND: POST http://127.0.0.1:4444/wd/hub/session/bafcdd9a3a7612c1d21228adb6d74d5d/element/0.3685243935453657-13/element - {"using":"xpath","value":".//*[contains(@class, \"Select-option\") and normalize-space() = \"Treatment\"]"}
RESULT: {"sessionId":"bafcdd9a3a7612c1d21228adb6d74d5d","status":0,"value":{"ELEMENT":"0.3685243935453657-15"}}
COMMAND: POST http://127.0.0.1:4444/wd/hub/session/bafcdd9a3a7612c1d21228adb6d74d5d/element/0.3685243935453657-15/click - {}
RESULT: {"sessionId":"bafcdd9a3a7612c1d21228adb6d74d5d","status":0,"value":null}
COMMAND: POST http://127.0.0.1:4444/wd/hub/session/bafcdd9a3a7612c1d21228adb6d74d5d/element - {"using":"css selector","value":"[name=v-profile-name-selector]"}
RESULT: {"sessionId":"bafcdd9a3a7612c1d21228adb6d74d5d","status":0,"value":{"ELEMENT":"0.3685243935453657-16"}}
COMMAND: POST http://127.0.0.1:4444/wd/hub/session/bafcdd9a3a7612c1d21228adb6d74d5d/element/0.3685243935453657-16/element - {"using":"xpath","value":".."}
RESULT: {"sessionId":"bafcdd9a3a7612c1d21228adb6d74d5d","status":0,"value":{"ELEMENT":"0.3685243935453657-17"}}
COMMAND: POST http://127.0.0.1:4444/wd/hub/session/bafcdd9a3a7612c1d21228adb6d74d5d/element/0.3685243935453657-17/element - {"using":"css selector","value":".Select-control"}
RESULT: {"sessionId":"bafcdd9a3a7612c1d21228adb6d74d5d","status":0,"value":{"ELEMENT":"0.3685243935453657-18"}}
COMMAND: POST http://127.0.0.1:4444/wd/hub/session/bafcdd9a3a7612c1d21228adb6d74d5d/element/0.3685243935453657-18/click - {}
RESULT: {"sessionId":"bafcdd9a3a7612c1d21228adb6d74d5d","status":0,"value":null}
COMMAND: POST http://127.0.0.1:4444/wd/hub/session/bafcdd9a3a7612c1d21228adb6d74d5d/element/0.3685243935453657-17/element - {"using":"xpath","value":".//*[contains(@class, \"Select-option\") and normalize-space() = \"IC50 values of compounds on cellular phenotype readout\"]"}
RESULT: {"sessionId":"bafcdd9a3a7612c1d21228adb6d74d5d","status":0,"value":{"ELEMENT":"0.3685243935453657-19"}}
COMMAND: POST http://127.0.0.1:4444/wd/hub/session/bafcdd9a3a7612c1d21228adb6d74d5d/element/0.3685243935453657-19/click - {}
RESULT: {"sessionId":"bafcdd9a3a7612c1d21228adb6d74d5d","status":0,"value":null}
COMMAND: POST http://127.0.0.1:4444/wd/hub/session/bafcdd9a3a7612c1d21228adb6d74d5d/element - {"using":"css selector","value":"[name=h-treatment-selector]"}
RESULT: {"sessionId":"bafcdd9a3a7612c1d21228adb6d74d5d","status":0,"value":{"ELEMENT":"0.3685243935453657-20"}}
COMMAND: POST http://127.0.0.1:4444/wd/hub/session/bafcdd9a3a7612c1d21228adb6d74d5d/element/0.3685243935453657-20/element - {"using":"xpath","value":".."}
RESULT: {"sessionId":"bafcdd9a3a7612c1d21228adb6d74d5d","status":0,"value":{"ELEMENT":"0.3685243935453657-21"}}
COMMAND: POST http://127.0.0.1:4444/wd/hub/session/bafcdd9a3a7612c1d21228adb6d74d5d/element/0.3685243935453657-21/element - {"using":"css selector","value":".Select-control"}
RESULT: {"sessionId":"bafcdd9a3a7612c1d21228adb6d74d5d","status":0,"value":{"ELEMENT":"0.3685243935453657-22"}}
COMMAND: POST http://127.0.0.1:4444/wd/hub/session/bafcdd9a3a7612c1d21228adb6d74d5d/element/0.3685243935453657-22/click - {}
RESULT: {"sessionId":"bafcdd9a3a7612c1d21228adb6d74d5d","status":0,"value":null}
COMMAND: POST http://127.0.0.1:4444/wd/hub/session/bafcdd9a3a7612c1d21228adb6d74d5d/element/0.3685243935453657-21/element - {"using":"xpath","value":".//*[contains(@class, \"Select-option\") and normalize-space() = \"Name of AEW541\"]"}
RESULT: {"sessionId":"bafcdd9a3a7612c1d21228adb6d74d5d","status":0,"value":{"ELEMENT":"0.3685243935453657-23"}}
COMMAND: POST http://127.0.0.1:4444/wd/hub/session/bafcdd9a3a7612c1d21228adb6d74d5d/element/0.3685243935453657-23/click - {}
RESULT: {"sessionId":"bafcdd9a3a7612c1d21228adb6d74d5d","status":0,"value":null}
COMMAND: POST http://127.0.0.1:4444/wd/hub/session/bafcdd9a3a7612c1d21228adb6d74d5d/element - {"using":"css selector","value":"[name=v-treatment-selector]"}
RESULT: {"sessionId":"bafcdd9a3a7612c1d21228adb6d74d5d","status":0,"value":{"ELEMENT":"0.3685243935453657-24"}}
COMMAND: POST http://127.0.0.1:4444/wd/hub/session/bafcdd9a3a7612c1d21228adb6d74d5d/element/0.3685243935453657-24/element - {"using":"xpath","value":".."}
RESULT: {"sessionId":"bafcdd9a3a7612c1d21228adb6d74d5d","status":0,"value":{"ELEMENT":"0.3685243935453657-25"}}
COMMAND: POST http://127.0.0.1:4444/wd/hub/session/bafcdd9a3a7612c1d21228adb6d74d5d/element/0.3685243935453657-25/element - {"using":"css selector","value":".Select-control"}
RESULT: {"sessionId":"bafcdd9a3a7612c1d21228adb6d74d5d","status":0,"value":{"ELEMENT":"0.3685243935453657-26"}}
COMMAND: POST http://127.0.0.1:4444/wd/hub/session/bafcdd9a3a7612c1d21228adb6d74d5d/element/0.3685243935453657-26/click - {}
RESULT: {"sessionId":"bafcdd9a3a7612c1d21228adb6d74d5d","status":0,"value":null}
COMMAND: POST http://127.0.0.1:4444/wd/hub/session/bafcdd9a3a7612c1d21228adb6d74d5d/element/0.3685243935453657-25/element - {"using":"xpath","value":".//*[contains(@class, \"Select-option\") and normalize-space() = \"Name of AEW541\"]"}
RESULT: {"sessionId":"bafcdd9a3a7612c1d21228adb6d74d5d","status":0,"value":{"ELEMENT":"0.3685243935453657-27"}}
COMMAND: POST http://127.0.0.1:4444/wd/hub/session/bafcdd9a3a7612c1d21228adb6d74d5d/element/0.3685243935453657-27/click - {}
RESULT: {"sessionId":"bafcdd9a3a7612c1d21228adb6d74d5d","status":0,"value":null}
COMMAND: POST http://127.0.0.1:4444/wd/hub/session/bafcdd9a3a7612c1d21228adb6d74d5d/element - {"using":"css selector","value":"[data-test=ViewLimitValues]"}
RESULT: {"sessionId":"bafcdd9a3a7612c1d21228adb6d74d5d","status":0,"value":{"ELEMENT":"0.3685243935453657-28"}}
COMMAND: GET http://127.0.0.1:4444/wd/hub/session/bafcdd9a3a7612c1d21228adb6d74d5d/element/0.3685243935453657-28/selected - {}
RESULT: {"sessionId":"bafcdd9a3a7612c1d21228adb6d74d5d","status":0,"value":true}
COMMAND: POST http://127.0.0.1:4444/wd/hub/session/bafcdd9a3a7612c1d21228adb6d74d5d/element - {"using":"css selector","value":"[data-test=HorizontalLogCheckbox]"}
RESULT: {"sessionId":"bafcdd9a3a7612c1d21228adb6d74d5d","status":0,"value":{"ELEMENT":"0.3685243935453657-29"}}
COMMAND: GET http://127.0.0.1:4444/wd/hub/session/bafcdd9a3a7612c1d21228adb6d74d5d/element/0.3685243935453657-29/selected - {}
RESULT: {"sessionId":"bafcdd9a3a7612c1d21228adb6d74d5d","status":0,"value":false}
COMMAND: POST http://127.0.0.1:4444/wd/hub/session/bafcdd9a3a7612c1d21228adb6d74d5d/element - {"using":"css selector","value":"[data-test=VerticalLogCheckbox]"}
RESULT: {"sessionId":"bafcdd9a3a7612c1d21228adb6d74d5d","status":0,"value":{"ELEMENT":"0.3685243935453657-30"}}
COMMAND: GET http://127.0.0.1:4444/wd/hub/session/bafcdd9a3a7612c1d21228adb6d74d5d/element/0.3685243935453657-30/selected - {}
RESULT: {"sessionId":"bafcdd9a3a7612c1d21228adb6d74d5d","status":0,"value":false}
COMMAND: POST http://127.0.0.1:4444/wd/hub/session/bafcdd9a3a7612c1d21228adb6d74d5d/element - {"using":"css selector","value":"[name=h-profile-type-selector]"}
RESULT: {"sessionId":"bafcdd9a3a7612c1d21228adb6d74d5d","status":0,"value":{"ELEMENT":"0.3685243935453657-4"}}
COMMAND: POST http://127.0.0.1:4444/wd/hub/session/bafcdd9a3a7612c1d21228adb6d74d5d/element/0.3685243935453657-4/element - {"using":"xpath","value":".."}
RESULT: {"sessionId":"bafcdd9a3a7612c1d21228adb6d74d5d","status":0,"value":{"ELEMENT":"0.3685243935453657-5"}}
COMMAND: POST http://127.0.0.1:4444/wd/hub/session/bafcdd9a3a7612c1d21228adb6d74d5d/element/0.3685243935453657-5/element - {"using":"css selector","value":".Select-control"}
RESULT: {"sessionId":"bafcdd9a3a7612c1d21228adb6d74d5d","status":0,"value":{"ELEMENT":"0.3685243935453657-6"}}
COMMAND: POST http://127.0.0.1:4444/wd/hub/session/bafcdd9a3a7612c1d21228adb6d74d5d/element/0.3685243935453657-6/click - {}
RESULT: {"sessionId":"bafcdd9a3a7612c1d21228adb6d74d5d","status":0,"value":null}
COMMAND: POST http://127.0.0.1:4444/wd/hub/session/bafcdd9a3a7612c1d21228adb6d74d5d/element/0.3685243935453657-5/element - {"using":"xpath","value":".//*[contains(@class, \"Select-option\") and normalize-space() = \"Ordered samples\"]"}
RESULT: {"sessionId":"bafcdd9a3a7612c1d21228adb6d74d5d","status":0,"value":{"ELEMENT":"0.3685243935453657-31"}}
COMMAND: POST http://127.0.0.1:4444/wd/hub/session/bafcdd9a3a7612c1d21228adb6d74d5d/element/0.3685243935453657-31/click - {}
RESULT: {"sessionId":"bafcdd9a3a7612c1d21228adb6d74d5d","status":0,"value":null}
COMMAND: POST http://127.0.0.1:4444/wd/hub/session/bafcdd9a3a7612c1d21228adb6d74d5d/element - {"using":"css selector","value":"[data-test=changeSortOrderButton"}
RESULT: {"sessionId":"bafcdd9a3a7612c1d21228adb6d74d5d","status":0,"value":{"ELEMENT":"0.3685243935453657-32"}}
COMMAND: POST http://127.0.0.1:4444/wd/hub/session/bafcdd9a3a7612c1d21228adb6d74d5d/execute - {"script":"return (function () {\n\n            Object.keys(window.ajaxRequests).forEach((key)=>{\n                window.ajaxRequests[key].end = Date.now();\n                window.ajaxRequests[key].duration = window.ajaxRequests[key].end - window.ajaxRequests[key].started;\n            });\n\n            return JSON.stringify(window.ajaxRequests);\n\n        }).apply(null, arguments)","args":[]}
RESULT: {"sessionId":"bafcdd9a3a7612c1d21228adb6d74d5d","status":0,"value":"{}"}
COMMAND: DELETE http://127.0.0.1:4444/wd/hub/session/bafcdd9a3a7612c1d21228adb6d74d5d - {}
RESULT: {"sessionId":"bafcdd9a3a7612c1d21228adb6d74d5d","status":0,"value":null}
]]>
      </system-out>
    </testcase>
  </testsuite>
</testsuites>